SF:lib\src\di\service_locator.dart
DA:7,0
LF:1
LH:0
end_of_record
SF:lib\src\domain\failures\failure.dart
DA:5,1
DA:11,0
DA:12,0
DA:14,0
DA:16,0
DA:22,1
DA:26,1
DA:30,1
DA:34,1
DA:42,1
DA:46,1
DA:50,1
DA:60,1
DA:66,1
DA:72,1
DA:92,0
DA:93,0
DA:98,1
DA:107,1
DA:118,1
DA:128,1
DA:134,1
LF:22
LH:16
end_of_record
SF:lib\src\domain\failures\failure_extensions.dart
DA:11,0
DA:12,0
DA:13,0
DA:14,0
DA:15,0
DA:16,0
DA:17,0
DA:18,0
DA:19,0
DA:20,0
DA:21,0
DA:22,0
DA:23,0
DA:24,0
DA:25,0
DA:26,0
DA:32,2
DA:33,2
DA:34,2
DA:35,2
DA:36,2
DA:37,2
DA:38,2
DA:39,2
DA:40,2
DA:41,2
DA:42,2
DA:43,2
DA:44,2
DA:45,2
DA:53,1
DA:54,3
DA:55,1
DA:56,1
DA:57,1
DA:58,1
DA:59,1
DA:60,1
DA:61,1
DA:64,1
DA:67,2
DA:68,1
DA:70,3
LF:43
LH:27
end_of_record
SF:lib\src\domain\usecases\usecase.dart
DA:12,0
DA:14,0
DA:15,0
LF:3
LH:0
end_of_record
SF:lib\src\module\feature_module.dart
DA:6,0
DA:60,0
DA:63,0
DA:66,0
DA:69,0
DA:72,0
LF:6
LH:0
end_of_record
SF:lib\src\module\module_registry.dart
DA:6,0
DA:11,0
DA:12,0
DA:16,0
DA:17,0
DA:18,0
DA:19,0
DA:21,0
DA:22,0
DA:26,0
DA:27,0
DA:29,0
DA:31,0
DA:32,0
DA:33,0
DA:34,0
DA:35,0
DA:37,0
DA:38,0
DA:41,0
DA:42,0
LF:21
LH:0
end_of_record
SF:lib\src\extensions\date_extensions.dart
DA:4,0
DA:5,0
DA:6,0
DA:9,0
DA:10,0
DA:12,0
DA:13,0
DA:14,0
DA:17,0
DA:18,0
DA:19,0
LF:11
LH:0
end_of_record
SF:lib\src\extensions\string_extensions.dart
DA:3,0
DA:5,0
DA:6,0
DA:7,0
DA:10,0
DA:12,0
DA:13,0
DA:14,0
DA:19,0
DA:20,0
LF:10
LH:0
end_of_record
SF:lib\src\utils\constants\storage_keys.dart
DA:25,0
DA:26,0
DA:28,0
DA:29,0
DA:38,0
LF:5
LH:0
end_of_record
SF:lib\src\utils\debounce.dart
DA:5,0
DA:10,0
DA:11,0
DA:12,0
DA:15,0
DA:16,0
DA:17,0
DA:20,0
DA:21,0
DA:22,0
LF:10
LH:0
end_of_record
SF:lib\src\utils\throttle.dart
DA:3,0
DA:8,0
DA:9,0
DA:10,0
DA:11,0
DA:12,0
DA:15,0
LF:7
LH:0
end_of_record
SF:lib\src\utils\uuid_v4.dart
DA:4,0
DA:5,0
DA:6,0
DA:7,0
DA:9,0
DA:10,0
DA:11,0
DA:14,0
DA:17,0
DA:19,0
DA:20,0
DA:21,0
DA:22,0
LF:13
LH:0
end_of_record
SF:lib\src\validators\date_validators.dart
DA:7,0
DA:11,0
DA:12,0
DA:15,0
DA:20,0
DA:21,0
DA:24,0
DA:26,0
DA:27,0
LF:9
LH:0
end_of_record
SF:lib\src\validators\email_validator.dart
DA:5,0
DA:7,0
DA:8,0
DA:9,0
LF:4
LH:0
end_of_record
SF:lib\src\validators\emirates_id_validator.dart
DA:7,0
DA:9,0
DA:10,0
DA:12,0
DA:14,0
DA:15,0
DA:16,0
DA:17,0
DA:18,0
DA:19,0
DA:24,0
DA:25,0
DA:26,0
LF:13
LH:0
end_of_record
SF:lib\src\validators\password_validator.dart
DA:7,0
DA:11,0
DA:12,0
DA:13,0
DA:14,0
DA:15,0
DA:16,0
DA:17,0
LF:8
LH:0
end_of_record
SF:lib\src\validators\person_name_validator.dart
DA:5,0
DA:7,0
DA:8,0
DA:10,0
DA:11,0
DA:12,0
DA:13,0
DA:14,0
DA:15,0
LF:9
LH:0
end_of_record
SF:lib\src\validators\phone_validator.dart
DA:11,0
DA:16,0
DA:17,0
DA:20,0
DA:21,0
DA:22,0
DA:23,0
DA:24,0
DA:29,0
DA:30,0
DA:33,0
DA:34,0
DA:36,0
LF:13
LH:0
end_of_record
SF:lib\src\validators\uae_phone_validator.dart
DA:5,3
DA:6,3
DA:7,3
DA:10,3
DA:11,3
DA:12,3
DA:14,1
DA:15,3
DA:17,1
DA:19,1
DA:20,1
DA:21,2
DA:22,2
DA:23,2
DA:24,2
DA:25,2
DA:26,2
DA:29,1
DA:30,2
DA:31,1
DA:38,1
DA:40,1
DA:41,1
DA:42,2
DA:43,2
DA:47,1
DA:48,1
DA:49,2
DA:50,3
DA:51,1
LF:30
LH:30
end_of_record
SF:lib\src\validators\url_validator.dart
DA:5,0
DA:13,0
DA:14,0
DA:15,0
DA:17,0
DA:18,0
DA:21,0
DA:22,0
DA:23,0
LF:9
LH:0
end_of_record
