SF:lib\src\data\models\service_dto.dart
DA:6,1
DA:12,0
DA:13,0
DA:14,0
DA:15,0
DA:18,1
DA:22,1
DA:23,1
DA:24,1
DA:25,1
DA:30,0
DA:31,0
DA:32,0
DA:33,0
DA:36,1
DA:38,4
LF:16
LH:8
end_of_record
SF:lib\src\domain\entities\service_entity.dart
DA:4,1
DA:14,0
DA:15,0
LF:3
LH:1
end_of_record
SF:lib\src\domain\usecases\get_services_usecase.dart
DA:7,0
DA:11,0
DA:13,0
LF:3
LH:0
end_of_record
SF:lib\src\presentation\cubit\services_cubit.dart
DA:12,1
DA:22,0
DA:23,0
DA:25,1
DA:31,1
DA:32,0
DA:33,1
DA:34,0
DA:37,1
DA:38,4
DA:45,2
DA:49,1
DA:50,3
DA:51,3
DA:52,1
DA:53,2
DA:54,2
DA:56,2
DA:57,1
LF:19
LH:15
end_of_record
