SF:lib\src\data\models\create_invitation_dto.dart
DA:8,1
DA:16,1
DA:17,1
DA:18,1
DA:19,1
DA:20,1
DA:21,2
DA:22,3
DA:33,2
DA:34,2
DA:35,2
DA:36,2
DA:37,3
DA:38,2
LF:14
LH:14
end_of_record
SF:lib\src\domain\entities\worker_type.dart
DA:6,4
DA:8,0
DA:9,0
LF:3
LH:1
end_of_record
SF:lib\src\domain\usecases\invite_worker_usecase.dart
DA:8,1
DA:26,0
DA:27,0
DA:31,0
DA:35,0
DA:37,0
LF:6
LH:1
end_of_record
SF:lib\src\domain\entities\invitation_entity.dart
DA:5,1
DA:29,0
DA:40,0
DA:41,0
DA:42,0
DA:43,0
DA:44,0
DA:45,0
DA:46,0
DA:47,0
DA:48,0
DA:49,0
DA:50,0
DA:53,0
DA:54,0
DA:55,0
DA:56,0
DA:57,0
DA:58,0
DA:59,0
DA:60,0
DA:61,0
DA:62,0
DA:63,0
DA:64,0
LF:25
LH:1
end_of_record
SF:lib\src\domain\entities\invitation_status.dart
DA:8,1
DA:9,1
DA:10,1
DA:11,1
DA:12,1
DA:13,1
LF:6
LH:6
end_of_record
SF:lib\src\domain\entities\paged_result.dart
DA:5,0
DA:11,0
DA:17,0
DA:19,0
DA:20,0
LF:5
LH:0
end_of_record
SF:lib\src\domain\entities\worker_assigned_branch.dart
DA:6,1
DA:18,0
DA:19,0
LF:3
LH:1
end_of_record
SF:lib\src\domain\entities\worker_entity.dart
DA:6,1
DA:36,0
DA:37,0
DA:38,0
DA:39,0
DA:40,0
DA:41,0
DA:42,0
DA:43,0
DA:44,0
DA:45,0
DA:46,0
DA:47,0
LF:13
LH:1
end_of_record
SF:lib\src\domain\entities\worker_status.dart
DA:11,1
DA:12,1
DA:13,1
DA:14,1
DA:19,2
LF:5
LH:5
end_of_record
SF:lib\src\domain\usecases\update_worker_usecase.dart
DA:9,1
DA:26,0
DA:27,0
DA:31,0
DA:35,0
DA:37,0
LF:6
LH:1
end_of_record
SF:lib\src\data\models\invitation_dto.dart
DA:7,1
DA:20,1
DA:21,1
DA:22,1
DA:23,1
DA:24,1
DA:25,1
DA:27,1
DA:28,1
DA:29,2
DA:30,1
DA:31,1
DA:32,1
DA:33,1
DA:34,1
DA:38,1
DA:39,1
DA:40,1
DA:41,1
DA:42,1
DA:43,1
DA:44,1
DA:45,1
DA:46,1
DA:47,1
DA:48,1
DA:49,1
DA:52,1
DA:53,3
DA:55,3
DA:56,1
DA:57,4
DA:58,1
LF:33
LH:33
end_of_record
SF:lib\src\data\models\update_worker_dto.dart
DA:9,1
DA:17,1
DA:18,1
DA:19,1
DA:20,1
DA:21,3
DA:22,2
DA:35,2
DA:36,3
DA:37,3
DA:38,3
DA:39,3
DA:40,1
LF:13
LH:13
end_of_record
SF:lib\src\data\models\update_worker_status_dto.dart
DA:7,1
DA:9,1
DA:10,2
DA:15,3
LF:4
LH:4
end_of_record
SF:lib\src\data\models\worker_dto.dart
DA:7,1
DA:20,1
DA:21,1
DA:22,1
DA:23,2
DA:24,1
DA:25,1
DA:26,2
DA:27,1
DA:28,1
DA:29,1
DA:32,1
DA:34,1
DA:35,1
DA:37,1
DA:38,1
DA:39,2
DA:40,1
DA:41,1
DA:42,1
DA:43,1
DA:48,0
DA:50,0
DA:51,0
DA:52,0
DA:53,0
DA:54,0
DA:55,0
DA:56,0
DA:57,0
DA:58,0
DA:59,0
DA:60,0
DA:61,0
DA:64,1
DA:65,3
DA:67,3
DA:68,1
DA:69,4
DA:70,1
LF:40
LH:27
end_of_record
SF:lib\src\domain\usecases\delete_worker_usecase.dart
DA:7,1
DA:11,0
DA:12,0
DA:16,1
DA:20,1
DA:22,3
LF:6
LH:4
end_of_record
SF:lib\src\domain\usecases\update_worker_status_usecase.dart
DA:9,1
DA:14,0
DA:15,0
DA:20,1
DA:24,1
DA:26,4
LF:6
LH:4
end_of_record
SF:lib\src\presentation\bloc\worker_action\worker_action_cubit.dart
DA:22,1
DA:24,0
DA:25,0
DA:29,1
DA:32,1
DA:33,2
DA:37,1
DA:50,1
DA:51,4
DA:55,1
DA:60,0
DA:61,0
DA:66,1
DA:69,2
DA:71,1
DA:72,2
DA:76,1
DA:81,1
DA:88,3
DA:90,1
DA:92,2
DA:93,1
DA:96,1
DA:97,2
DA:98,1
DA:99,2
DA:101,2
DA:102,1
DA:103,1
DA:105,1
DA:106,3
DA:107,1
DA:112,3
DA:113,1
DA:120,1
DA:123,1
DA:127,2
DA:128,1
DA:132,2
DA:133,3
DA:135,2
DA:136,1
DA:137,1
DA:139,1
DA:140,0
DA:141,0
DA:142,3
DA:143,1
DA:151,1
LF:49
LH:43
end_of_record
