SF:lib\src\blocs\theme\theme_state.dart
DA:6,2
DA:8,0
DA:9,0
DA:10,0
DA:11,0
DA:12,0
DA:15,0
DA:21,0
DA:22,0
DA:23,0
DA:24,0
DA:25,0
DA:28,0
DA:29,0
DA:31,0
LF:15
LH:1
end_of_record
SF:lib\src\blocs\theme\theme_event.dart
DA:4,0
DA:6,0
DA:7,0
LF:3
LH:0
end_of_record
SF:lib\src\blocs\theme\theme_bloc.dart
DA:9,0
DA:10,0
DA:11,0
DA:13,0
DA:14,0
DA:16,0
DA:17,0
DA:21,0
DA:22,0
DA:24,0
DA:25,0
LF:11
LH:0
end_of_record
SF:lib\src\components\app_action_sheet.dart
DA:9,0
DA:33,0
DA:37,0
DA:39,0
DA:40,0
DA:41,0
DA:42,0
DA:48,0
DA:49,0
DA:52,0
DA:53,0
DA:54,0
DA:55,0
DA:64,0
DA:74,0
DA:76,0
DA:77,0
DA:79,0
DA:81,0
DA:83,0
DA:84,0
DA:85,0
DA:86,0
DA:88,0
DA:89,0
DA:91,0
DA:92,0
DA:93,0
DA:94,0
DA:96,0
DA:97,0
DA:98,0
DA:99,0
DA:100,0
DA:103,0
DA:104,0
LF:36
LH:0
end_of_record
SF:lib\src\components\app_alert.dart
DA:13,0
DA:26,0
DA:28,0
DA:29,0
DA:30,0
DA:31,0
DA:32,0
DA:38,0
DA:39,0
DA:40,0
DA:41,0
DA:42,0
DA:43,0
DA:44,0
DA:47,0
DA:48,0
DA:49,0
DA:51,0
DA:52,0
DA:53,0
DA:54,0
DA:56,0
DA:57,0
DA:58,0
DA:59,0
DA:60,0
DA:61,0
DA:62,0
DA:67,0
DA:68,0
DA:69,0
DA:70,0
DA:71,0
DA:80,0
DA:81,0
DA:82,0
DA:83,0
LF:37
LH:0
end_of_record
SF:lib\src\components\app_avatar.dart
DA:8,2
DA:25,0
DA:27,0
DA:28,0
DA:29,0
DA:30,0
DA:32,0
DA:35,0
DA:36,0
DA:39,0
DA:40,0
DA:41,0
DA:42,0
DA:43,0
DA:46,0
DA:47,0
DA:48,0
DA:49,0
DA:50,0
DA:51,0
DA:60,0
DA:61,0
DA:62,0
DA:63,0
DA:64,0
DA:70,0
DA:74,0
DA:76,0
DA:77,0
DA:78,0
DA:79,0
DA:81,0
DA:83,0
DA:86,0
DA:89,0
DA:92,0
DA:93,0
LF:37
LH:1
end_of_record
SF:lib\src\components\app_avatar_stack.dart
DA:9,0
DA:22,0
DA:24,0
DA:25,0
DA:26,0
DA:29,0
DA:30,0
DA:31,0
DA:32,0
DA:34,0
DA:36,0
DA:38,0
DA:39,0
DA:41,0
DA:42,0
DA:43,0
DA:44,0
DA:45,0
DA:47,0
DA:48,0
DA:49,0
DA:50,0
DA:54,0
DA:55,0
DA:56,0
DA:57,0
DA:59,0
DA:60,0
DA:61,0
DA:62,0
DA:63,0
DA:67,0
DA:78,0
DA:83,0
DA:85,0
DA:86,0
DA:88,0
DA:89,0
DA:90,0
DA:93,0
LF:40
LH:0
end_of_record
SF:lib\src\components\app_backdrop.dart
DA:22,0
DA:33,0
DA:35,0
DA:36,0
DA:37,0
DA:38,0
DA:44,0
DA:47,0
DA:48,0
DA:49,0
DA:50,0
DA:52,0
DA:53,0
DA:54,0
DA:55,0
DA:56,0
DA:60,0
DA:61,0
DA:62,0
DA:63,0
DA:65,0
DA:68,0
DA:69,0
DA:70,0
DA:71,0
DA:72,0
DA:73,0
DA:74,0
DA:76,0
DA:78,0
DA:79,0
DA:80,0
DA:81,0
DA:83,0
DA:85,0
DA:86,0
DA:87,0
DA:88,0
DA:90,0
DA:91,0
DA:93,0
LF:41
LH:0
end_of_record
SF:lib\src\components\app_button.dart
DA:21,1
DA:42,1
DA:43,1
DA:49,1
DA:50,2
DA:52,1
DA:54,1
DA:55,1
DA:56,2
DA:57,4
DA:60,1
DA:61,1
DA:64,1
DA:65,2
DA:66,2
DA:72,3
DA:73,1
DA:74,2
DA:75,1
DA:78,1
DA:80,1
DA:81,1
DA:82,1
DA:84,1
DA:85,2
DA:89,1
DA:90,2
DA:92,4
DA:96,1
DA:97,1
DA:98,1
DA:99,3
DA:106,1
DA:109,2
DA:113,3
DA:114,1
DA:120,1
DA:121,2
DA:122,1
DA:123,1
DA:124,3
DA:129,1
DA:130,2
DA:137,1
DA:138,1
DA:141,0
DA:142,0
DA:143,0
DA:144,0
DA:145,0
DA:146,0
DA:147,0
DA:149,0
DA:153,0
DA:155,0
DA:156,0
DA:158,0
DA:160,0
DA:161,0
DA:166,0
DA:168,0
DA:169,0
DA:170,0
DA:177,0
DA:179,0
DA:180,0
DA:181,0
DA:187,0
DA:196,0
DA:205,0
DA:216,0
DA:225,0
DA:237,1
DA:246,1
DA:258,0
DA:267,0
LF:76
LH:47
end_of_record
SF:lib\src\components\app_button_group.dart
DA:8,0
DA:31,0
DA:33,0
DA:35,0
DA:36,0
DA:37,0
DA:38,0
DA:39,0
DA:40,0
DA:41,0
DA:42,0
DA:43,0
DA:44,0
DA:45,0
DA:48,0
DA:50,0
DA:51,0
DA:52,0
DA:53,0
DA:54,0
DA:55,0
DA:56,0
DA:57,0
LF:23
LH:0
end_of_record
SF:lib\src\components\app_checkbox.dart
DA:7,0
DA:18,0
DA:20,0
DA:21,0
DA:22,0
DA:26,0
DA:27,0
DA:29,0
DA:30,0
DA:32,0
DA:34,0
DA:36,0
DA:37,0
DA:38,0
DA:39,0
DA:40,0
DA:43,0
DA:44,0
DA:46,0
DA:47,0
DA:51,0
DA:52,0
DA:53,0
DA:57,0
DA:59,0
DA:60,0
LF:26
LH:0
end_of_record
SF:lib\src\components\app_chip.dart
DA:9,0
DA:30,0
DA:32,0
DA:33,0
DA:34,0
DA:35,0
DA:36,0
DA:37,0
DA:38,0
DA:41,0
DA:43,0
DA:44,0
DA:45,0
DA:46,0
DA:47,0
DA:49,0
DA:51,0
DA:54,0
DA:55,0
DA:56,0
DA:57,0
DA:58,0
DA:59,0
DA:61,0
DA:63,0
DA:64,0
DA:65,0
DA:71,0
DA:72,0
DA:73,0
DA:74,0
DA:75,0
DA:76,0
DA:85,0
DA:87,0
DA:88,0
DA:92,0
DA:95,0
DA:96,0
DA:97,0
DA:99,0
DA:100,0
DA:101,0
DA:102,0
DA:106,0
DA:113,0
DA:114,0
DA:115,0
DA:116,0
DA:117,0
DA:118,0
DA:119,0
DA:120,0
LF:53
LH:0
end_of_record
SF:lib\src\components\app_close_icon.dart
DA:8,0
DA:17,0
DA:19,0
DA:21,0
DA:22,0
DA:24,0
LF:6
LH:0
end_of_record
SF:lib\src\components\app_date_picker.dart
DA:9,0
DA:18,0
DA:19,0
DA:20,0
DA:22,0
DA:30,0
DA:31,0
DA:32,0
DA:33,0
DA:34,0
DA:39,0
DA:40,0
DA:41,0
LF:13
LH:0
end_of_record
SF:lib\src\components\app_divider.dart
DA:7,0
DA:16,0
DA:18,0
DA:19,0
DA:20,0
DA:25,0
DA:26,0
DA:27,0
DA:28,0
DA:29,0
DA:30,0
DA:32,0
DA:37,0
DA:41,0
DA:42,0
LF:15
LH:0
end_of_record
SF:lib\src\components\app_feature_icon.dart
DA:13,0
DA:30,0
DA:32,0
DA:33,0
DA:34,0
DA:35,0
DA:36,0
DA:39,0
DA:41,0
DA:42,0
DA:43,0
DA:44,0
DA:45,0
DA:46,0
DA:49,0
DA:50,0
DA:51,0
DA:55,0
DA:56,0
DA:57,0
DA:59,0
DA:60,0
DA:61,0
DA:62,0
LF:24
LH:0
end_of_record
SF:lib\src\components\app_field_action.dart
DA:11,0
DA:41,0
DA:43,0
DA:45,0
DA:46,0
DA:47,0
DA:48,0
DA:49,0
DA:51,0
DA:52,0
DA:56,0
DA:58,0
DA:62,0
DA:65,0
DA:67,0
DA:68,0
DA:70,0
DA:73,0
DA:74,0
DA:75,0
DA:76,0
DA:77,0
DA:78,0
DA:79,0
DA:80,0
DA:82,0
DA:85,0
DA:86,0
DA:87,0
DA:88,0
DA:90,0
DA:91,0
DA:92,0
DA:96,0
DA:97,0
DA:98,0
DA:99,0
DA:100,0
DA:102,0
DA:103,0
DA:104,0
DA:110,0
DA:111,0
DA:113,0
DA:114,0
DA:115,0
DA:116,0
DA:118,0
DA:128,0
DA:129,0
DA:130,0
DA:131,0
DA:132,0
LF:53
LH:0
end_of_record
SF:lib\src\components\app_floating_action_button.dart
DA:12,0
DA:32,0
DA:34,0
DA:35,0
DA:38,0
DA:41,0
DA:43,0
DA:45,0
DA:46,0
DA:49,0
DA:50,0
DA:52,0
DA:53,0
DA:54,0
DA:56,0
DA:59,0
DA:60,0
DA:61,0
DA:67,0
LF:19
LH:0
end_of_record
SF:lib\src\components\app_grouped_key_value_list.dart
DA:8,0
DA:15,0
DA:17,0
DA:19,0
DA:20,0
DA:21,0
DA:22,0
DA:25,0
DA:26,0
DA:27,0
DA:28,0
DA:29,0
DA:32,0
DA:34,0
DA:35,0
DA:36,0
DA:37,0
DA:46,0
DA:51,0
DA:53,0
DA:55,0
DA:56,0
DA:57,0
DA:58,0
DA:60,0
DA:61,0
DA:62,0
DA:63,0
DA:64,0
DA:65,0
DA:66,0
DA:67,0
DA:72,0
DA:73,0
DA:74,0
LF:35
LH:0
end_of_record
SF:lib\src\components\app_image_placeholder.dart
DA:10,0
DA:23,0
DA:25,0
DA:27,0
DA:28,0
DA:29,0
DA:32,0
DA:33,0
DA:36,0
DA:37,0
LF:10
LH:0
end_of_record
SF:lib\src\components\app_key_value_card.dart
DA:8,0
DA:21,0
DA:23,0
DA:24,0
DA:25,0
DA:28,0
DA:31,0
DA:32,0
DA:33,0
DA:34,0
DA:35,0
DA:37,0
DA:38,0
DA:39,0
DA:40,0
DA:41,0
DA:43,0
DA:44,0
DA:45,0
DA:46,0
DA:47,0
DA:48,0
DA:49,0
DA:50,0
DA:55,0
DA:56,0
DA:57,0
LF:27
LH:0
end_of_record
SF:lib\src\components\app_map_link_card.dart
DA:9,0
DA:22,0
DA:24,0
DA:25,0
DA:26,0
DA:27,0
DA:33,0
DA:34,0
DA:35,0
DA:36,0
DA:37,0
DA:39,0
DA:40,0
DA:41,0
DA:42,0
DA:43,0
DA:44,0
DA:45,0
DA:46,0
DA:47,0
DA:48,0
DA:49,0
DA:50,0
DA:52,0
DA:54,0
DA:55,0
DA:58,0
DA:59,0
DA:60,0
DA:61,0
DA:65,0
DA:66,0
DA:67,0
DA:68,0
DA:75,0
DA:76,0
DA:78,0
DA:79,0
LF:38
LH:0
end_of_record
SF:lib\src\components\app_network_image.dart
DA:17,0
DA:37,0
DA:39,0
DA:41,0
DA:42,0
DA:43,0
DA:44,0
DA:45,0
DA:46,0
DA:50,0
DA:51,0
DA:52,0
DA:53,0
DA:54,0
DA:55,0
DA:56,0
DA:57,0
DA:58,0
DA:59,0
DA:62,0
DA:63,0
DA:64,0
DA:65,0
DA:69,0
DA:70,0
LF:25
LH:0
end_of_record
SF:lib\src\components\app_notification_icon.dart
DA:11,0
DA:26,0
DA:28,0
DA:29,0
DA:30,0
DA:31,0
DA:33,0
DA:37,0
DA:40,0
DA:41,0
DA:43,0
DA:45,0
DA:48,0
DA:49,0
DA:50,0
DA:51,0
DA:54,0
DA:62,0
DA:66,0
DA:67,0
LF:20
LH:0
end_of_record
SF:lib\src\components\app_field_label.dart
DA:9,3
DA:20,3
DA:22,3
DA:23,3
DA:24,6
DA:25,3
DA:27,3
DA:28,0
DA:29,0
DA:31,0
DA:32,0
DA:33,0
DA:35,0
DA:36,0
DA:42,6
DA:44,3
DA:48,0
DA:50,0
DA:52,0
DA:53,0
LF:20
LH:9
end_of_record
SF:lib\src\components\app_field_trailing.dart
DA:9,0
DA:14,0
DA:27,0
DA:38,2
DA:47,2
DA:49,2
DA:50,2
DA:51,0
DA:54,0
DA:56,8
DA:58,2
DA:65,0
DA:75,0
DA:77,0
DA:78,0
DA:80,0
DA:82,0
DA:83,0
DA:84,0
DA:85,0
DA:86,0
DA:87,0
DA:88,0
DA:89,0
DA:90,0
DA:92,0
DA:94,0
DA:95,0
DA:96,0
DA:97,0
DA:98,0
DA:99,0
DA:101,0
DA:103,0
DA:115,2
DA:123,2
DA:125,2
DA:126,2
DA:128,2
DA:129,2
DA:131,2
DA:132,2
DA:133,4
DA:135,2
DA:137,2
DA:139,2
LF:46
LH:18
end_of_record
SF:lib\src\components\app_phone_field.dart
DA:22,1
DA:80,1
DA:81,1
DA:86,1
DA:87,2
DA:89,1
DA:91,1
DA:92,2
DA:93,0
DA:95,1
DA:98,1
DA:100,1
DA:101,4
DA:102,0
DA:103,0
DA:105,0
DA:106,0
DA:109,1
DA:112,1
DA:114,1
DA:115,1
DA:118,1
DA:119,3
DA:120,3
DA:127,3
DA:128,1
DA:129,2
DA:130,1
DA:131,1
DA:132,3
DA:134,2
DA:139,1
DA:141,1
DA:142,6
DA:143,2
DA:144,2
DA:145,2
DA:146,2
DA:150,1
DA:151,5
DA:152,2
DA:154,1
DA:157,1
DA:158,1
DA:159,1
DA:160,2
DA:161,1
DA:162,1
DA:163,1
DA:164,1
DA:165,1
DA:166,2
DA:168,1
DA:171,1
DA:172,1
DA:173,2
DA:174,2
DA:175,2
DA:177,1
DA:182,1
DA:184,1
DA:186,1
DA:187,1
DA:189,2
DA:190,2
DA:193,0
DA:194,0
DA:195,0
DA:197,1
DA:198,1
DA:199,1
DA:201,1
DA:205,2
DA:207,1
DA:208,2
DA:209,1
DA:213,2
DA:215,1
DA:216,4
DA:218,1
DA:219,1
DA:220,1
DA:221,1
DA:223,1
DA:225,1
DA:232,1
DA:233,1
DA:234,1
DA:235,2
DA:241,1
DA:242,1
DA:244,1
DA:245,2
DA:246,2
DA:248,2
DA:249,1
DA:250,0
DA:261,1
DA:263,2
DA:264,1
DA:265,2
DA:266,2
DA:267,1
DA:270,2
DA:271,1
DA:272,1
DA:273,1
DA:275,1
DA:282,1
DA:283,2
DA:284,2
DA:289,2
DA:290,1
DA:293,1
DA:296,2
DA:299,2
DA:300,1
DA:301,1
DA:302,1
DA:304,1
DA:306,1
DA:307,1
DA:310,1
DA:314,1
DA:320,1
DA:326,1
DA:332,1
DA:342,1
DA:343,1
DA:344,1
DA:346,1
DA:353,1
DA:361,1
DA:363,1
DA:365,1
DA:366,1
DA:368,1
DA:369,1
DA:371,1
LF:139
LH:130
end_of_record
SF:lib\src\components\app_fill_remaining_scrollable.dart
DA:37,1
DA:41,2
DA:43,2
DA:45,6
DA:59,2
DA:63,2
DA:65,2
DA:66,4
DA:67,2
DA:68,2
DA:69,2
DA:71,4
LF:12
LH:12
end_of_record
SF:lib\src\components\app_loading_indicator.dart
DA:16,2
DA:21,2
DA:23,4
LF:3
LH:3
end_of_record
SF:lib\src\components\app_refresh_indicator.dart
DA:8,2
DA:25,2
DA:27,4
DA:29,2
DA:30,2
DA:31,2
DA:32,2
DA:33,2
DA:34,2
DA:35,2
DA:36,2
DA:37,2
LF:12
LH:12
end_of_record
SF:lib\src\components\app_select_field.dart
DA:14,1
DA:42,4
DA:44,1
DA:46,1
DA:47,1
DA:48,2
DA:49,1
DA:50,1
DA:51,1
DA:53,1
DA:54,1
DA:58,1
DA:60,1
DA:64,1
DA:67,1
DA:69,0
DA:70,1
DA:72,1
DA:74,1
DA:75,1
DA:76,3
DA:77,1
DA:80,1
DA:81,1
DA:82,1
DA:83,1
DA:85,1
DA:86,1
DA:87,2
DA:88,1
DA:89,1
DA:90,1
DA:92,1
DA:95,1
DA:96,1
DA:97,1
DA:98,3
DA:99,2
DA:102,1
DA:103,1
DA:105,1
DA:106,1
DA:107,1
DA:111,1
DA:112,1
DA:113,1
DA:114,0
DA:115,0
DA:117,1
DA:118,1
DA:119,3
DA:125,2
DA:126,2
DA:133,1
DA:134,1
DA:135,1
DA:149,0
DA:150,0
DA:151,0
DA:152,0
DA:153,0
LF:61
LH:53
end_of_record
SF:lib\src\components\app_stat_card.dart
DA:14,0
DA:33,0
DA:35,0
DA:36,0
DA:37,0
DA:39,0
DA:41,0
DA:42,0
DA:43,0
DA:44,0
DA:45,0
DA:46,0
DA:48,0
DA:49,0
DA:50,0
DA:51,0
DA:52,0
DA:53,0
DA:54,0
DA:58,0
DA:60,0
DA:61,0
DA:62,0
DA:65,0
DA:66,0
DA:67,0
DA:68,0
DA:70,0
DA:74,0
DA:75,0
DA:76,0
DA:77,0
LF:32
LH:0
end_of_record
SF:lib\src\components\app_svg_picture.dart
DA:10,0
DA:17,0
LF:2
LH:0
end_of_record
SF:lib\src\components\app_wizard_step_indicator.dart
DA:11,0
DA:29,0
DA:31,0
DA:32,0
DA:33,0
DA:34,0
DA:40,0
DA:41,0
DA:42,0
DA:43,0
DA:44,0
DA:45,0
DA:46,0
DA:47,0
DA:48,0
DA:50,0
DA:51,0
DA:52,0
DA:55,0
DA:58,0
DA:60,0
DA:61,0
DA:62,0
DA:63,0
DA:64,0
DA:75,0
DA:89,0
DA:91,0
DA:92,0
DA:93,0
DA:94,0
DA:95,0
DA:99,0
DA:100,0
DA:101,0
DA:102,0
DA:107,0
DA:109,0
DA:110,0
LF:39
LH:0
end_of_record
SF:lib\src\components\app_icon_button.dart
DA:13,1
DA:23,1
DA:35,1
DA:37,1
DA:38,1
DA:39,1
DA:40,1
DA:41,1
DA:45,1
DA:46,0
DA:47,0
DA:49,0
DA:50,0
DA:51,0
DA:54,1
DA:55,1
DA:56,1
DA:57,1
DA:61,1
DA:62,1
DA:64,1
DA:65,1
DA:67,1
DA:68,1
DA:69,1
DA:72,1
DA:73,1
DA:74,1
DA:75,1
LF:29
LH:24
end_of_record
SF:lib\src\components\app_large_nav_bar.dart
DA:7,0
DA:36,0
DA:37,0
DA:39,0
DA:41,0
DA:42,0
DA:45,0
DA:47,0
DA:48,0
DA:49,0
DA:50,0
DA:51,0
DA:52,0
DA:57,0
DA:58,0
DA:61,0
DA:62,0
DA:63,0
DA:65,0
DA:66,0
DA:67,0
DA:69,0
DA:71,0
DA:72,0
DA:73,0
DA:74,0
DA:75,0
DA:76,0
DA:77,0
DA:78,0
DA:79,0
DA:82,0
DA:83,0
DA:85,0
DA:88,0
DA:90,0
DA:93,0
DA:94,0
DA:95,0
DA:98,0
DA:99,0
DA:100,0
DA:103,0
DA:104,0
DA:106,0
DA:107,0
DA:112,0
DA:113,0
DA:114,0
DA:115,0
DA:116,0
DA:119,0
DA:120,0
DA:130,0
DA:131,0
DA:132,0
DA:133,0
DA:135,0
DA:136,0
DA:138,0
DA:139,0
DA:142,0
DA:143,0
DA:144,0
DA:145,0
DA:146,0
DA:147,0
DA:148,0
DA:150,0
DA:151,0
DA:152,0
LF:71
LH:0
end_of_record
SF:lib\src\components\app_nav_bar.dart
DA:7,0
DA:34,0
DA:37,0
DA:39,0
DA:40,0
DA:41,0
DA:42,0
DA:43,0
DA:45,0
DA:46,0
DA:47,0
DA:49,0
DA:51,0
DA:52,0
DA:53,0
DA:55,0
DA:57,0
DA:58,0
DA:59,0
DA:60,0
DA:65,0
DA:66,0
DA:67,0
DA:69,0
DA:80,0
DA:85,0
DA:86,0
DA:87,0
DA:89,0
DA:93,0
DA:99,0
DA:100,0
DA:102,0
DA:104,0
DA:105,0
DA:106,0
DA:108,0
DA:111,0
DA:113,0
DA:114,0
DA:115,0
DA:116,0
DA:117,0
DA:118,0
DA:125,0
DA:130,0
DA:131,0
DA:132,0
DA:133,0
DA:134,0
DA:135,0
DA:136,0
DA:139,0
DA:140,0
DA:142,0
DA:143,0
DA:145,0
DA:146,0
DA:149,0
DA:150,0
DA:151,0
DA:152,0
DA:153,0
DA:154,0
DA:155,0
DA:157,0
DA:158,0
DA:159,0
LF:68
LH:0
end_of_record
SF:lib\src\components\app_notification_badge.dart
DA:8,0
DA:17,0
DA:19,0
DA:23,0
DA:24,0
DA:25,0
DA:27,0
DA:29,0
DA:30,0
DA:31,0
DA:33,0
DA:34,0
DA:35,0
DA:37,0
LF:14
LH:0
end_of_record
SF:lib\src\components\app_page_indicator.dart
DA:7,0
DA:16,0
DA:18,0
DA:19,0
DA:20,0
DA:25,0
DA:27,0
DA:28,0
DA:29,0
DA:30,0
DA:31,0
DA:33,0
DA:35,0
DA:36,0
DA:37,0
DA:39,0
LF:16
LH:0
end_of_record
SF:lib\src\components\app_popover.dart
DA:29,0
DA:83,0
DA:85,0
DA:86,0
DA:89,0
DA:92,0
DA:95,0
DA:97,0
DA:98,0
DA:100,0
DA:101,0
DA:102,0
DA:103,0
DA:105,0
DA:106,0
DA:108,0
DA:109,0
DA:110,0
DA:111,0
DA:113,0
DA:114,0
DA:115,0
DA:116,0
DA:118,0
DA:119,0
DA:120,0
DA:127,0
DA:128,0
DA:130,0
DA:131,0
DA:132,0
DA:133,0
DA:136,0
DA:139,0
DA:140,0
DA:141,0
DA:143,0
DA:145,0
DA:146,0
DA:147,0
DA:149,0
DA:150,0
DA:151,0
DA:152,0
DA:153,0
DA:155,0
DA:156,0
DA:157,0
DA:167,0
DA:168,0
DA:169,0
DA:170,0
DA:174,0
DA:175,0
DA:178,0
DA:179,0
DA:180,0
DA:181,0
DA:185,0
DA:186,0
DA:187,0
DA:194,0
DA:198,0
DA:199,0
DA:200,0
DA:201,0
DA:202,0
DA:203,0
DA:211,0
DA:212,0
DA:216,0
DA:218,0
DA:221,0
DA:222,0
DA:223,0
DA:226,0
DA:231,0
DA:232,0
DA:233,0
DA:234,0
DA:241,0
DA:242,0
DA:244,0
DA:245,0
DA:246,0
DA:247,0
DA:248,0
DA:251,0
DA:252,0
DA:253,0
DA:254,0
DA:255,0
DA:263,0
DA:264,0
DA:265,0
DA:268,0
DA:269,0
DA:270,0
DA:271,0
DA:275,0
DA:276,0
DA:278,0
DA:281,0
DA:282,0
DA:283,0
DA:284,0
DA:285,0
DA:286,0
DA:290,0
DA:291,0
DA:292,0
DA:293,0
DA:294,0
DA:295,0
DA:296,0
DA:297,0
DA:298,0
DA:305,0
DA:306,0
DA:307,0
DA:308,0
DA:313,0
DA:325,0
DA:327,0
DA:328,0
DA:330,0
DA:331,0
DA:334,0
DA:335,0
DA:339,0
DA:340,0
DA:341,0
DA:343,0
DA:344,0
DA:345,0
DA:346,0
DA:347,0
DA:358,0
DA:382,0
DA:384,0
DA:387,0
DA:388,0
DA:389,0
DA:392,0
DA:393,0
DA:406,0
DA:409,0
DA:424,0
DA:448,0
LF:149
LH:0
end_of_record
SF:lib\src\components\app_otp_field.dart
DA:19,3
DA:38,1
DA:67,1
DA:68,1
DA:83,1
DA:84,4
DA:86,1
DA:87,4
DA:89,1
DA:91,1
DA:92,3
DA:93,3
DA:94,3
DA:97,1
DA:99,1
DA:101,4
DA:102,2
DA:103,1
DA:105,3
DA:106,3
DA:108,4
DA:109,0
DA:110,0
DA:112,0
DA:116,1
DA:118,3
DA:119,3
DA:120,2
DA:121,2
DA:122,1
DA:131,1
DA:132,1
DA:134,2
DA:135,1
DA:136,1
DA:137,4
DA:138,1
DA:151,4
DA:153,3
DA:156,1
DA:157,2
DA:158,3
DA:159,4
DA:160,3
DA:170,1
DA:171,2
DA:172,2
DA:174,1
DA:175,5
DA:177,2
DA:178,1
DA:180,1
DA:181,5
DA:185,1
DA:188,1
DA:189,3
DA:197,1
DA:198,2
DA:200,2
DA:202,2
DA:210,1
DA:213,1
DA:214,1
DA:215,2
DA:216,1
DA:217,5
DA:218,2
DA:219,2
DA:220,2
DA:223,1
DA:224,3
DA:227,1
DA:231,4
DA:235,1
DA:237,1
DA:238,2
DA:239,2
DA:240,2
DA:241,1
DA:242,1
DA:244,2
DA:246,1
DA:248,1
DA:250,2
DA:251,1
DA:253,1
DA:254,1
DA:256,1
DA:259,1
DA:260,1
DA:263,1
DA:264,1
DA:270,2
DA:271,1
DA:277,2
DA:278,2
DA:279,1
DA:282,1
DA:285,2
DA:295,1
DA:302,1
DA:305,1
DA:306,1
DA:307,1
DA:308,2
DA:309,2
DA:317,1
DA:318,1
DA:319,3
DA:345,2
DA:350,1
DA:351,1
DA:352,1
DA:353,1
DA:354,1
DA:361,4
DA:363,5
DA:364,2
DA:367,1
DA:368,1
DA:371,1
DA:372,5
DA:373,2
DA:374,1
DA:375,1
DA:377,2
DA:378,1
DA:379,4
DA:380,1
DA:395,1
DA:400,2
DA:401,2
DA:402,3
DA:403,1
DA:404,1
DA:406,2
DA:407,2
DA:408,2
DA:409,2
DA:412,1
DA:413,1
DA:414,2
DA:415,2
DA:418,1
DA:419,1
DA:420,2
DA:422,2
DA:425,1
DA:428,2
DA:432,2
DA:436,2
DA:437,1
DA:441,1
DA:444,1
DA:447,1
DA:449,1
DA:453,2
DA:454,2
DA:456,1
DA:458,1
DA:460,1
DA:461,1
DA:464,2
DA:467,2
DA:468,1
DA:470,1
DA:472,1
DA:473,2
DA:477,1
DA:480,1
DA:481,2
DA:497,1
DA:502,1
DA:503,1
DA:512,2
DA:515,1
DA:517,1
DA:519,2
DA:520,1
DA:523,1
DA:525,1
DA:526,1
DA:527,1
DA:528,1
DA:530,2
DA:531,1
DA:532,2
DA:533,2
LF:188
LH:185
end_of_record
SF:lib\src\components\app_progress_bar.dart
DA:7,0
DA:18,0
DA:20,0
DA:21,0
DA:22,0
DA:27,0
DA:29,0
DA:30,0
DA:31,0
DA:32,0
DA:33,0
DA:34,0
DA:35,0
DA:36,0
DA:38,0
LF:15
LH:0
end_of_record
SF:lib\src\components\app_radio.dart
DA:7,0
DA:18,0
DA:20,0
DA:21,0
DA:22,0
DA:26,0
DA:27,0
DA:29,0
DA:32,0
DA:33,0
DA:34,0
DA:35,0
DA:36,0
DA:37,0
DA:38,0
DA:42,0
DA:43,0
DA:47,0
DA:49,0
DA:50,0
DA:54,0
DA:55,0
DA:56,0
DA:57,0
DA:58,0
DA:61,0
DA:62,0
LF:27
LH:0
end_of_record
SF:lib\src\components\app_radio_tile.dart
DA:9,0
DA:22,0
DA:24,0
DA:26,0
DA:27,0
DA:29,0
DA:30,0
DA:32,0
DA:33,0
DA:34,0
DA:35,0
DA:36,0
DA:37,0
DA:39,0
DA:40,0
DA:41,0
DA:42,0
DA:44,0
DA:45,0
DA:56,0
DA:69,0
DA:71,0
DA:73,0
DA:74,0
DA:75,0
DA:76,0
DA:77,0
DA:78,0
DA:79,0
DA:81,0
DA:82,0
DA:91,0
LF:32
LH:0
end_of_record
SF:lib\src\components\app_search_field.dart
DA:26,0
DA:62,0
DA:63,0
DA:73,0
DA:75,0
DA:76,0
DA:77,0
DA:78,0
DA:79,0
DA:80,0
DA:81,0
DA:82,0
DA:85,0
DA:87,0
DA:88,0
DA:89,0
DA:90,0
DA:91,0
DA:93,0
DA:96,0
DA:97,0
DA:100,0
DA:101,0
DA:104,0
DA:105,0
DA:106,0
DA:107,0
DA:109,0
DA:110,0
DA:111,0
DA:114,0
DA:115,0
DA:116,0
DA:119,0
DA:120,0
DA:125,0
DA:130,0
DA:132,0
DA:133,0
DA:134,0
DA:135,0
DA:138,0
DA:139,0
DA:141,0
DA:143,0
DA:146,0
DA:147,0
DA:148,0
DA:150,0
DA:153,0
DA:156,0
DA:157,0
DA:158,0
DA:160,0
DA:164,0
DA:165,0
DA:166,0
DA:167,0
DA:168,0
DA:169,0
DA:172,0
DA:173,0
DA:174,0
DA:176,0
DA:178,0
DA:182,0
DA:184,0
DA:185,0
DA:186,0
DA:187,0
DA:188,0
DA:189,0
DA:190,0
DA:191,0
DA:192,0
DA:193,0
DA:194,0
DA:195,0
DA:196,0
DA:198,0
DA:211,0
DA:212,0
DA:215,0
DA:216,0
DA:219,0
DA:220,0
DA:223,0
DA:228,0
DA:229,0
DA:230,0
DA:231,0
DA:232,0
DA:233,0
DA:234,0
DA:235,0
LF:95
LH:0
end_of_record
SF:lib\src\components\app_section.dart
DA:54,0
DA:93,0
DA:95,0
DA:97,0
DA:99,0
DA:100,0
DA:101,0
DA:102,0
DA:103,0
DA:104,0
DA:105,0
DA:106,0
DA:107,0
DA:108,0
DA:109,0
DA:111,0
DA:112,0
DA:113,0
DA:114,0
DA:115,0
DA:116,0
DA:117,0
DA:118,0
DA:123,0
DA:124,0
DA:126,0
DA:127,0
DA:128,0
DA:131,0
DA:132,0
DA:137,0
DA:159,0
DA:161,0
DA:163,0
DA:164,0
DA:165,0
DA:169,0
DA:170,0
DA:171,0
DA:174,0
DA:175,0
DA:176,0
DA:179,0
DA:180,0
DA:181,0
DA:182,0
DA:185,0
DA:186,0
DA:187,0
DA:188,0
DA:190,0
DA:191,0
DA:192,0
DA:194,0
DA:202,0
DA:203,0
DA:208,0
DA:209,0
DA:210,0
DA:211,0
DA:212,0
DA:213,0
DA:222,0
DA:223,0
DA:224,0
DA:225,0
DA:226,0
DA:227,0
DA:228,0
DA:229,0
DA:230,0
DA:231,0
DA:240,0
DA:258,0
DA:260,0
DA:262,0
DA:263,0
DA:264,0
DA:266,0
DA:269,0
DA:271,0
DA:272,0
DA:273,0
DA:274,0
DA:277,0
DA:278,0
DA:279,0
DA:280,0
DA:284,0
DA:285,0
DA:286,0
DA:287,0
DA:293,0
DA:295,0
DA:296,0
DA:297,0
DA:303,0
DA:304,0
DA:305,0
DA:306,0
DA:307,0
DA:308,0
DA:309,0
DA:310,0
DA:311,0
DA:312,0
DA:322,0
DA:340,0
DA:342,0
DA:343,0
DA:344,0
DA:346,0
DA:347,0
DA:348,0
DA:349,0
DA:350,0
DA:352,0
DA:353,0
DA:355,0
DA:356,0
DA:361,0
DA:362,0
DA:363,0
DA:366,0
DA:367,0
LF:125
LH:0
end_of_record
SF:lib\src\components\app_segmented_control.dart
DA:12,0
DA:36,0
DA:49,0
DA:51,0
DA:52,0
DA:54,0
DA:55,0
DA:56,0
DA:57,0
DA:58,0
DA:59,0
DA:60,0
DA:62,0
DA:65,0
DA:66,0
DA:67,0
DA:68,0
DA:71,0
DA:75,0
DA:76,0
DA:77,0
DA:78,0
DA:79,0
DA:83,0
DA:84,0
DA:85,0
DA:86,0
DA:87,0
DA:89,0
DA:91,0
DA:92,0
DA:107,0
DA:119,0
DA:121,0
DA:122,0
DA:123,0
DA:124,0
DA:125,0
DA:127,0
DA:130,0
DA:131,0
DA:132,0
DA:133,0
DA:134,0
DA:136,0
DA:137,0
DA:138,0
DA:139,0
DA:140,0
DA:141,0
LF:50
LH:0
end_of_record
SF:lib\src\components\app_shimmer.dart
DA:26,0
DA:30,0
DA:31,0
DA:38,0
DA:40,0
DA:41,0
DA:47,0
DA:49,0
DA:54,0
DA:57,0
DA:58,0
DA:59,0
DA:60,0
DA:61,0
DA:62,0
DA:66,0
DA:68,0
DA:69,0
DA:72,0
DA:74,0
DA:75,0
DA:76,0
DA:78,0
DA:79,0
DA:80,0
DA:81,0
DA:83,0
DA:84,0
DA:85,0
DA:86,0
DA:87,0
DA:88,0
DA:89,0
DA:90,0
DA:92,0
DA:97,0
DA:104,0
DA:115,0
DA:117,0
DA:118,0
DA:119,0
DA:120,0
DA:121,0
DA:122,0
DA:130,0
DA:134,0
DA:136,0
DA:137,0
DA:138,0
DA:139,0
DA:140,0
LF:51
LH:0
end_of_record
SF:lib\src\components\app_slider.dart
DA:7,0
DA:26,0
DA:28,0
DA:29,0
DA:31,0
DA:32,0
DA:36,0
DA:37,0
DA:38,0
DA:39,0
DA:40,0
DA:41,0
DA:43,0
DA:44,0
DA:45,0
DA:46,0
DA:47,0
LF:17
LH:0
end_of_record
SF:lib\src\components\app_snackbar.dart
DA:7,0
DA:32,0
DA:34,0
DA:36,0
DA:37,0
DA:38,0
DA:40,0
DA:41,0
DA:42,0
DA:43,0
DA:44,0
DA:45,0
DA:46,0
DA:48,0
DA:50,0
DA:51,0
DA:52,0
DA:53,0
DA:54,0
DA:55,0
DA:58,0
DA:59,0
DA:60,0
DA:61,0
DA:62,0
DA:63,0
DA:64,0
DA:65,0
DA:72,0
DA:73,0
DA:74,0
DA:75,0
DA:76,0
DA:77,0
DA:83,0
DA:84,0
DA:85,0
DA:88,0
DA:91,0
DA:92,0
DA:93,0
DA:94,0
DA:101,0
DA:115,0
DA:116,0
DA:117,0
DA:119,0
DA:120,0
DA:128,0
DA:129,0
DA:143,0
DA:152,0
DA:159,0
LF:53
LH:0
end_of_record
SF:lib\src\components\app_status_badge.dart
DA:11,0
DA:27,0
DA:29,0
DA:30,0
DA:31,0
DA:32,0
DA:33,0
DA:34,0
DA:37,0
DA:38,0
DA:39,0
DA:40,0
DA:41,0
DA:42,0
DA:43,0
DA:44,0
DA:48,0
DA:49,0
DA:50,0
DA:51,0
DA:53,0
DA:54,0
DA:55,0
DA:56,0
DA:58,0
DA:59,0
DA:60,0
DA:61,0
LF:28
LH:0
end_of_record
SF:lib\src\components\app_stepper.dart
DA:8,0
DA:25,0
DA:26,0
DA:28,0
DA:29,0
DA:31,0
DA:33,0
DA:34,0
DA:35,0
DA:36,0
DA:42,0
DA:44,0
DA:45,0
DA:46,0
DA:47,0
DA:48,0
DA:49,0
DA:51,0
DA:52,0
DA:53,0
DA:56,0
DA:57,0
DA:58,0
DA:60,0
DA:61,0
DA:62,0
DA:64,0
DA:67,0
DA:70,0
DA:71,0
DA:72,0
DA:81,0
DA:95,0
DA:97,0
DA:98,0
DA:100,0
DA:101,0
DA:102,0
LF:38
LH:0
end_of_record
SF:lib\src\components\app_swipe_action_hint.dart
DA:25,1
DA:37,3
DA:40,2
DA:73,1
DA:74,1
DA:79,2
DA:84,1
DA:86,1
DA:87,3
DA:90,0
DA:92,0
DA:93,0
DA:96,1
DA:97,2
DA:98,1
DA:99,4
DA:102,1
DA:103,2
DA:105,2
DA:106,1
DA:112,3
DA:113,1
DA:117,4
DA:118,2
DA:119,1
DA:120,2
DA:122,1
DA:124,2
DA:129,4
DA:130,6
DA:131,2
DA:133,5
DA:134,2
DA:135,1
DA:136,2
DA:140,2
DA:141,3
DA:143,2
DA:144,2
DA:145,2
DA:150,1
DA:154,1
DA:155,1
DA:157,2
DA:158,2
DA:159,4
DA:161,2
DA:162,1
DA:165,1
DA:166,1
DA:167,3
DA:168,1
DA:171,1
DA:172,1
DA:173,1
DA:174,1
DA:175,0
DA:177,2
DA:178,3
DA:181,1
DA:183,1
DA:184,0
DA:186,2
DA:187,1
DA:190,1
DA:197,1
DA:198,1
DA:199,4
LF:68
LH:63
end_of_record
SF:lib\src\components\app_swipe_actions.dart
DA:13,2
DA:23,2
DA:76,2
DA:102,2
DA:104,6
DA:106,2
DA:107,4
DA:108,8
DA:110,2
DA:111,6
DA:113,2
DA:114,2
DA:115,2
DA:116,2
DA:117,2
DA:120,2
DA:121,2
DA:122,2
DA:125,2
DA:131,2
DA:136,2
DA:138,2
DA:139,4
DA:140,2
DA:141,4
DA:143,2
DA:144,2
DA:145,2
DA:148,4
DA:149,2
DA:151,2
DA:152,4
DA:153,0
DA:154,0
DA:157,0
DA:158,0
DA:162,4
DA:163,8
DA:164,4
DA:166,0
DA:167,0
DA:168,0
DA:176,2
DA:177,4
DA:178,1
DA:179,2
DA:180,3
DA:182,1
DA:184,2
DA:187,2
DA:188,4
DA:189,2
DA:190,2
DA:194,2
DA:195,4
DA:197,4
DA:212,1
DA:216,1
DA:218,2
LF:59
LH:52
end_of_record
SF:lib\src\components\app_switch.dart
DA:14,0
DA:27,0
DA:29,0
DA:30,0
DA:33,0
DA:35,0
DA:36,0
DA:38,0
DA:39,0
DA:40,0
DA:41,0
DA:42,0
DA:43,0
DA:44,0
DA:45,0
DA:46,0
DA:47,0
DA:49,0
DA:50,0
DA:51,0
DA:52,0
DA:53,0
DA:54,0
DA:55,0
DA:56,0
DA:57,0
DA:60,0
DA:61,0
DA:62,0
DA:63,0
DA:65,0
DA:66,0
LF:32
LH:0
end_of_record
SF:lib\src\components\app_table_cell.dart
DA:6,0
DA:15,0
DA:17,0
DA:19,0
DA:21,0
DA:22,0
DA:23,0
DA:24,0
DA:26,0
DA:27,0
DA:28,0
DA:36,0
DA:37,0
DA:38,0
DA:41,0
DA:42,0
DA:43,0
DA:44,0
DA:48,0
DA:49,0
DA:50,0
DA:51,0
LF:22
LH:0
end_of_record
SF:lib\src\components\app_table_row.dart
DA:17,0
DA:82,0
DA:84,0
DA:85,0
DA:86,0
DA:88,0
DA:89,0
DA:91,0
DA:92,0
DA:93,0
DA:94,0
DA:95,0
DA:97,0
DA:98,0
DA:99,0
DA:100,0
DA:101,0
DA:102,0
DA:103,0
DA:105,0
DA:106,0
DA:107,0
DA:108,0
DA:111,0
DA:112,0
DA:113,0
DA:123,0
DA:124,0
DA:125,0
DA:126,0
DA:127,0
DA:128,0
DA:130,0
DA:131,0
DA:132,0
DA:133,0
DA:134,0
DA:135,0
DA:136,0
DA:138,0
DA:141,0
DA:145,0
DA:146,0
DA:147,0
DA:148,0
DA:150,0
DA:151,0
DA:152,0
DA:155,0
DA:156,0
DA:158,0
DA:159,0
DA:160,0
DA:161,0
DA:162,0
DA:163,0
DA:164,0
DA:166,0
DA:170,0
DA:171,0
DA:172,0
DA:175,0
DA:176,0
DA:177,0
DA:178,0
DA:180,0
LF:66
LH:0
end_of_record
SF:lib\src\components\app_text_field.dart
DA:17,1
DA:84,1
DA:85,1
DA:94,1
DA:96,1
DA:98,2
DA:99,2
DA:100,2
DA:103,1
DA:106,1
DA:107,1
DA:108,2
DA:110,1
DA:118,0
DA:119,0
DA:120,0
DA:122,3
DA:123,2
DA:124,2
DA:125,1
DA:126,1
DA:127,0
DA:129,1
DA:132,1
DA:133,3
DA:134,1
DA:135,2
DA:136,2
DA:137,2
DA:141,2
DA:143,1
DA:144,1
DA:145,1
DA:147,1
DA:148,2
DA:149,2
DA:150,2
DA:151,2
DA:152,2
DA:153,2
DA:154,2
DA:156,2
DA:157,3
DA:158,2
DA:159,0
DA:160,0
DA:161,0
DA:163,2
DA:164,2
DA:165,3
DA:166,2
DA:167,2
DA:168,1
DA:172,2
DA:174,1
DA:184,0
DA:185,0
DA:186,0
DA:188,0
DA:190,2
DA:191,0
DA:192,0
DA:193,0
DA:194,0
DA:195,0
DA:204,1
DA:205,2
DA:206,0
DA:208,1
DA:215,1
DA:216,2
DA:217,1
DA:222,1
DA:223,3
DA:224,2
DA:226,0
DA:231,0
DA:232,0
DA:233,0
DA:236,1
DA:242,3
DA:244,1
DA:245,2
DA:246,1
DA:250,2
DA:252,2
DA:253,3
DA:254,1
DA:255,2
DA:257,0
DA:258,1
DA:259,1
DA:262,0
DA:263,0
DA:264,0
DA:268,1
DA:271,2
DA:274,1
DA:275,2
DA:276,4
DA:278,1
DA:284,1
DA:290,1
DA:296,1
DA:303,1
DA:309,1
DA:318,1
DA:326,1
DA:328,1
DA:330,1
DA:331,1
DA:334,1
DA:335,1
DA:337,1
DA:340,1
DA:341,2
DA:342,1
DA:343,1
DA:344,1
DA:346,1
DA:354,3
DA:357,1
DA:358,2
DA:364,2
LF:124
LH:99
end_of_record
SF:lib\src\components\app_verified_badge.dart
DA:6,2
DA:11,0
DA:13,0
DA:15,0
DA:16,0
DA:17,0
DA:20,0
DA:23,0
LF:8
LH:1
end_of_record
SF:lib\src\dimensions\app_radius.dart
DA:13,22
DA:16,0
DA:19,0
DA:22,0
DA:25,0
DA:27,33
DA:28,0
DA:29,0
DA:30,0
DA:31,0
LF:10
LH:2
end_of_record
SF:lib\src\dimensions\responsive_dimension.dart
DA:15,12
DA:16,36
DA:18,12
DA:19,12
DA:20,12
DA:21,11
DA:65,0
DA:68,22
DA:71,0
DA:74,0
DA:79,0
DA:82,0
DA:85,22
DA:88,0
DA:91,2
DA:94,2
DA:97,22
DA:102,0
DA:105,0
DA:110,22
DA:113,22
DA:116,4
DA:119,22
DA:124,22
DA:127,0
DA:130,0
DA:133,0
DA:136,0
DA:139,0
DA:142,0
DA:145,0
DA:148,22
DA:153,0
DA:154,0
DA:155,0
DA:158,0
DA:161,22
DA:162,0
DA:165,2
DA:168,0
DA:171,2
DA:173,0
DA:174,0
DA:175,0
DA:176,0
DA:177,0
DA:180,0
DA:183,0
DA:184,0
DA:187,0
DA:190,0
DA:193,0
DA:196,0
DA:199,0
DA:202,0
DA:205,0
DA:208,0
DA:211,0
DA:214,0
DA:215,0
DA:218,0
DA:221,0
DA:223,0
DA:225,0
DA:227,0
DA:229,0
DA:231,0
DA:233,0
DA:236,0
DA:238,0
DA:240,0
DA:242,0
DA:244,0
DA:246,0
DA:248,0
DA:250,0
DA:256,0
DA:259,0
DA:262,0
DA:265,0
DA:268,0
DA:271,22
DA:275,22
DA:278,22
DA:281,0
DA:284,22
DA:287,0
LF:87
LH:24
end_of_record
SF:lib\src\icons\backend_icon_resolver.dart
DA:53,1
DA:54,2
DA:58,2
DA:59,3
DA:60,1
DA:64,2
DA:66,2
DA:69,2
DA:70,1
DA:71,1
DA:73,1
DA:77,1
DA:78,1
DA:86,1
DA:89,2
DA:90,1
DA:91,1
DA:92,2
DA:98,2
DA:106,1
DA:109,1
LF:21
LH:21
end_of_record
SF:lib\src\spacing\responsive_spacing.dart
DA:14,12
DA:15,36
DA:18,12
DA:19,12
DA:20,12
DA:21,11
DA:57,22
DA:60,24
DA:63,22
DA:67,0
DA:71,0
DA:75,0
DA:78,24
DA:81,0
DA:84,22
DA:87,0
DA:90,0
DA:93,0
DA:96,0
DA:99,0
DA:102,0
DA:105,0
DA:108,0
DA:111,0
DA:114,0
DA:117,0
DA:120,0
DA:123,0
DA:126,0
DA:129,0
LF:30
LH:11
end_of_record
SF:lib\src\theme\app_font.dart
DA:118,22
DA:119,11
DA:124,22
DA:125,11
DA:130,22
DA:131,11
DA:137,22
DA:138,11
DA:142,22
DA:143,11
DA:147,22
DA:148,11
DA:153,22
DA:154,11
DA:158,22
DA:159,11
DA:163,22
DA:164,11
DA:169,22
DA:170,11
DA:174,22
DA:175,11
DA:179,22
DA:180,11
DA:185,22
DA:186,11
DA:190,22
DA:191,11
DA:195,22
DA:196,11
DA:208,33
DA:209,33
DA:210,33
DA:212,33
DA:213,33
DA:214,33
DA:216,33
DA:217,33
DA:218,33
DA:220,33
DA:221,33
DA:222,33
DA:224,33
DA:225,33
DA:226,33
DA:240,0
DA:241,0
DA:246,0
DA:247,0
DA:252,0
DA:253,0
DA:259,0
DA:260,0
DA:264,0
DA:265,0
DA:269,0
DA:270,0
DA:275,0
DA:276,0
DA:280,0
DA:281,0
DA:285,0
DA:286,0
DA:291,0
DA:292,0
DA:296,0
DA:297,0
DA:301,0
DA:302,0
DA:307,0
DA:308,0
DA:312,0
DA:313,0
DA:317,0
DA:318,0
DA:330,0
DA:331,0
DA:332,0
DA:334,0
DA:335,0
DA:336,0
DA:338,0
DA:339,0
DA:340,0
DA:342,0
DA:343,0
DA:344,0
DA:346,0
DA:347,0
DA:348,0
DA:356,0
DA:359,0
DA:362,0
DA:365,0
DA:368,0
DA:371,0
LF:96
LH:45
end_of_record
SF:lib\src\theme\app_theme.dart
DA:47,11
DA:48,11
DA:50,0
DA:51,0
DA:55,11
DA:59,11
DA:62,11
DA:64,11
DA:65,11
DA:66,11
DA:67,11
DA:68,11
DA:69,11
DA:70,11
DA:71,11
DA:72,11
DA:73,11
DA:74,11
DA:75,11
DA:76,11
DA:77,11
DA:78,11
DA:79,11
DA:80,11
DA:81,11
DA:82,11
DA:83,11
DA:86,11
DA:98,11
DA:101,11
DA:106,11
DA:111,11
DA:116,11
DA:120,11
DA:125,11
DA:130,11
DA:135,11
DA:143,11
DA:149,11
DA:150,11
DA:151,11
DA:153,11
DA:157,11
DA:159,11
DA:161,11
DA:162,11
DA:163,22
DA:166,11
DA:167,11
DA:168,11
DA:169,11
DA:170,11
DA:171,11
DA:174,11
DA:175,22
DA:177,11
DA:178,11
DA:179,11
DA:180,11
DA:183,22
DA:184,11
DA:185,11
DA:186,22
DA:189,12
DA:190,1
DA:195,1
DA:197,12
DA:198,1
DA:203,1
DA:207,11
DA:212,11
DA:213,11
DA:214,11
DA:215,11
DA:218,11
DA:219,22
DA:221,11
DA:222,11
DA:223,22
DA:226,13
DA:227,2
DA:232,2
DA:234,13
DA:235,2
DA:240,2
DA:241,2
DA:248,11
DA:249,11
DA:250,11
DA:253,11
DA:254,0
DA:259,0
DA:261,11
DA:262,0
DA:267,0
DA:269,11
DA:270,11
DA:271,22
DA:277,11
DA:283,11
DA:289,11
DA:294,11
DA:296,11
DA:297,0
DA:301,0
DA:302,0
DA:303,0
DA:305,11
DA:306,0
DA:310,0
DA:311,0
DA:312,0
DA:316,11
DA:321,11
DA:326,11
DA:331,11
DA:337,11
DA:343,11
DA:346,11
DA:347,11
DA:349,11
DA:350,11
DA:351,11
DA:356,11
DA:358,11
DA:359,11
DA:360,11
DA:361,11
DA:362,11
DA:363,11
DA:364,11
DA:365,11
DA:366,11
DA:367,11
DA:368,11
DA:369,11
DA:370,11
DA:371,11
DA:372,11
DA:373,11
DA:374,33
DA:376,11
LF:142
LH:128
end_of_record
SF:lib\src\theme\colors\app_colors.dart
DA:19,4
DA:133,33
DA:134,33
DA:136,0
DA:137,0
DA:138,0
DA:139,0
DA:141,0
DA:142,0
DA:143,0
DA:144,0
DA:146,0
DA:147,8
DA:148,44
DA:149,0
DA:150,0
DA:151,0
DA:152,0
DA:153,0
DA:154,0
DA:155,0
DA:157,0
DA:158,0
DA:159,44
DA:160,0
DA:161,0
DA:162,0
DA:163,0
DA:165,0
DA:166,0
DA:167,0
DA:169,0
DA:170,0
DA:171,0
DA:172,0
DA:174,0
DA:175,0
DA:176,0
DA:177,0
DA:179,0
DA:180,0
DA:181,0
DA:182,0
DA:184,0
DA:185,0
DA:186,0
DA:188,0
DA:235,0
DA:236,0
DA:237,0
DA:238,0
DA:239,0
DA:240,0
DA:241,0
DA:242,0
DA:243,0
DA:244,0
DA:245,0
DA:246,0
DA:247,0
DA:248,0
DA:249,0
DA:250,0
DA:251,0
DA:252,0
DA:253,0
DA:254,0
DA:255,0
DA:256,0
DA:257,0
DA:258,0
DA:259,0
DA:260,0
DA:261,0
DA:262,0
DA:263,0
DA:264,0
DA:265,0
DA:266,0
DA:267,0
DA:268,0
DA:269,0
DA:270,0
DA:271,0
DA:272,0
DA:273,0
DA:274,0
DA:275,0
DA:276,0
DA:277,0
DA:278,0
DA:279,0
DA:283,2
DA:285,2
DA:286,2
DA:287,6
DA:288,6
DA:289,6
DA:290,6
DA:291,6
DA:292,6
DA:293,6
DA:294,6
DA:295,6
DA:296,6
DA:297,6
DA:298,6
DA:299,2
DA:300,2
DA:301,2
DA:304,6
DA:305,6
DA:306,6
DA:307,6
DA:308,6
DA:309,6
DA:310,6
DA:311,6
DA:312,2
DA:313,2
DA:314,2
DA:317,2
DA:318,2
DA:319,2
DA:322,6
DA:323,6
DA:324,6
DA:325,2
DA:326,2
DA:327,2
DA:330,6
DA:331,6
DA:332,2
DA:333,2
DA:334,2
DA:337,2
DA:338,2
DA:339,2
DA:342,6
DA:343,6
DA:344,6
DA:345,6
DA:346,6
DA:347,6
DA:348,6
DA:349,6
DA:350,6
DA:351,6
DA:352,6
DA:353,2
DA:354,2
DA:355,2
DA:358,2
DA:359,2
DA:360,2
DA:370,24
LF:156
LH:70
end_of_record
SF:lib\src\theme\colors\field_tokens.dart
DA:29,22
DA:31,11
DA:32,11
DA:35,11
DA:41,11
DA:42,0
DA:45,22
DA:48,11
DA:49,11
DA:52,11
DA:56,11
DA:59,11
DA:60,11
DA:63,11
DA:69,0
DA:70,0
DA:73,11
DA:76,4
DA:82,1
DA:83,0
DA:86,4
DA:89,11
DA:90,11
DA:93,11
DA:98,22
DA:100,11
DA:102,11
DA:106,3
DA:112,6
DA:113,3
DA:116,3
DA:120,11
DA:126,22
DA:127,11
DA:130,11
DA:134,11
DA:139,22
DA:140,11
DA:143,11
DA:147,11
DA:152,22
DA:153,11
DA:156,11
DA:160,11
DA:165,1
DA:166,1
DA:169,11
DA:171,5
DA:172,11
DA:173,11
DA:174,11
DA:175,11
DA:179,2
DA:180,5
DA:181,1
DA:184,2
DA:185,5
DA:186,1
DA:189,4
DA:190,2
DA:191,2
DA:194,11
DA:195,22
DA:197,11
DA:201,11
DA:202,11
DA:203,11
DA:207,11
DA:212,11
DA:213,11
DA:214,11
DA:215,11
DA:217,11
DA:219,11
DA:221,11
DA:222,11
DA:223,11
DA:224,11
DA:226,11
DA:227,11
DA:228,11
DA:229,11
DA:230,11
DA:231,11
DA:232,22
DA:233,11
DA:234,11
DA:235,11
DA:238,11
DA:239,11
LF:90
LH:86
end_of_record
SF:lib\src\theme\typography\app_typography.dart
DA:48,11
DA:128,0
DA:161,0
DA:162,0
DA:163,0
DA:164,0
DA:165,0
DA:166,0
DA:167,0
DA:168,0
DA:169,0
DA:170,0
DA:171,0
DA:172,0
DA:173,0
DA:174,0
DA:175,0
DA:176,0
DA:177,0
DA:178,0
DA:179,0
DA:180,0
DA:181,0
DA:182,0
DA:183,0
DA:184,0
DA:185,0
DA:186,0
DA:187,0
DA:188,0
DA:189,0
DA:190,0
DA:191,0
DA:195,2
DA:197,2
DA:198,4
DA:200,2
DA:201,6
DA:202,6
DA:203,6
DA:204,6
DA:205,6
DA:206,6
DA:207,6
DA:208,6
DA:209,6
DA:210,6
DA:211,6
DA:212,6
DA:213,6
DA:214,6
DA:215,6
DA:216,6
DA:217,6
DA:218,6
DA:219,6
DA:220,6
DA:221,6
DA:222,6
DA:223,6
DA:224,6
DA:225,6
DA:226,6
DA:227,6
DA:228,6
DA:229,6
DA:230,6
DA:236,15
DA:241,0
DA:242,0
DA:244,0
DA:245,0
DA:247,0
DA:248,0
DA:250,0
DA:251,0
DA:255,11
DA:256,11
DA:258,11
DA:259,11
DA:260,11
DA:261,11
DA:262,11
DA:263,11
DA:264,11
DA:265,11
DA:266,11
DA:267,11
DA:268,11
DA:269,11
DA:270,11
DA:271,11
DA:272,11
DA:273,11
DA:274,11
DA:275,11
DA:276,11
DA:277,11
DA:278,11
DA:279,11
DA:280,11
DA:281,11
DA:282,11
DA:283,11
DA:284,11
DA:285,11
DA:287,11
DA:288,11
LF:108
LH:68
end_of_record
SF:lib\src\theme\typography\device_class.dart
DA:54,0
DA:57,0
DA:62,0
DA:64,0
DA:72,0
DA:74,0
DA:76,0
DA:77,0
DA:78,0
DA:79,0
DA:80,0
LF:11
LH:0
end_of_record
SF:lib\src\theme\typography\responsive_font_scale.dart
DA:27,11
DA:31,66
DA:34,11
DA:35,11
DA:36,11
DA:37,11
DA:45,0
DA:50,33
LF:8
LH:7
end_of_record
SF:lib\src\theme\typography\type_scale.dart
DA:27,22
DA:28,22
DA:29,22
DA:41,22
DA:48,22
DA:55,22
DA:62,22
DA:69,0
DA:70,0
DA:71,0
DA:73,0
DA:74,0
DA:75,0
DA:77,0
DA:78,0
DA:79,0
DA:81,0
DA:82,0
DA:83,0
DA:85,0
DA:86,0
DA:87,0
LF:22
LH:7
end_of_record
SF:lib\src\theme\tokens\action_sheet_tokens.dart
DA:11,0
DA:58,0
DA:63,0
DA:65,0
DA:66,0
DA:67,0
DA:68,0
DA:69,0
DA:71,0
DA:72,0
DA:74,0
DA:76,0
DA:77,0
DA:78,0
DA:80,0
DA:84,0
DA:87,0
DA:88,0
LF:18
LH:0
end_of_record
SF:lib\src\theme\tokens\alert_tokens.dart
DA:26,0
DA:56,0
DA:62,0
DA:68,0
DA:72,0
DA:73,0
DA:74,0
DA:75,0
DA:76,0
DA:77,0
DA:78,0
DA:81,0
LF:12
LH:0
end_of_record
SF:lib\src\theme\tokens\avatar_tokens.dart
DA:20,0
DA:39,0
DA:40,0
DA:41,0
DA:44,0
DA:49,0
DA:51,0
DA:53,0
DA:54,0
DA:55,0
DA:56,0
LF:11
LH:0
end_of_record
SF:lib\src\theme\tokens\avatar_stack_tokens.dart
DA:10,0
DA:35,0
DA:39,0
DA:40,0
DA:41,0
DA:42,0
DA:43,0
DA:44,0
DA:45,0
DA:46,0
DA:47,0
DA:49,0
LF:12
LH:0
end_of_record
SF:lib\src\components\internal\overlay_drag_handle.dart
DA:7,0
DA:18,0
DA:20,0
DA:21,0
DA:22,0
DA:23,0
DA:24,0
DA:25,0
DA:26,0
LF:9
LH:0
end_of_record
SF:lib\src\theme\tokens\bottom_sheet_tokens.dart
DA:15,11
DA:78,11
DA:83,11
DA:85,11
DA:86,11
DA:87,22
DA:89,11
DA:90,11
DA:91,11
DA:93,11
DA:94,11
DA:95,22
DA:97,11
DA:99,22
DA:100,11
DA:102,11
DA:103,11
DA:109,11
DA:114,11
DA:120,11
DA:121,11
DA:122,11
DA:123,22
DA:124,11
LF:24
LH:24
end_of_record
SF:lib\src\theme\tokens\button_tokens.dart
DA:76,5
DA:86,8
DA:98,5
DA:122,2
DA:123,4
DA:124,2
DA:125,2
DA:128,2
DA:129,5
DA:130,2
DA:131,2
DA:133,2
DA:134,1
DA:135,1
DA:139,1
DA:140,2
DA:142,1
DA:143,1
DA:147,2
DA:148,5
DA:151,2
DA:154,0
DA:156,0
DA:158,5
DA:160,10
DA:161,10
DA:165,3
DA:166,2
DA:170,4
DA:171,4
DA:180,5
DA:187,5
DA:188,5
DA:190,5
DA:191,5
DA:194,2
DA:198,4
DA:199,4
DA:200,4
DA:204,5
DA:205,10
DA:208,8
DA:210,3
DA:211,9
DA:212,3
DA:215,5
DA:216,1
DA:221,8
DA:222,4
DA:227,2
DA:228,1
DA:240,1
DA:246,1
DA:248,1
DA:249,1
DA:250,1
DA:254,1
DA:255,1
DA:256,1
DA:260,1
DA:261,2
DA:262,2
DA:270,4
DA:276,4
DA:278,1
DA:279,3
DA:280,3
DA:286,3
DA:287,2
DA:298,1
DA:305,1
DA:306,1
DA:307,1
DA:311,1
DA:312,1
DA:313,1
DA:314,1
DA:326,2
DA:334,2
DA:336,0
DA:337,0
DA:338,0
DA:341,1
DA:342,1
DA:343,1
DA:349,2
DA:350,2
DA:353,1
DA:354,1
DA:362,0
DA:363,0
DA:364,0
DA:367,2
DA:368,2
DA:369,2
LF:95
LH:87
end_of_record
SF:lib\src\theme\tokens\button_group_tokens.dart
DA:12,0
DA:28,0
DA:29,0
DA:30,0
LF:4
LH:0
end_of_record
SF:lib\src\theme\tokens\checkbox_tokens.dart
DA:12,11
DA:43,11
DA:47,22
DA:48,11
DA:50,11
DA:51,11
DA:52,22
DA:54,11
DA:55,11
DA:56,11
DA:57,11
DA:58,11
DA:59,11
DA:63,11
DA:67,11
DA:69,11
DA:72,11
DA:73,11
DA:74,11
DA:75,11
DA:76,11
DA:79,11
DA:80,11
DA:81,11
DA:83,11
DA:84,0
DA:85,0
DA:86,0
DA:89,0
DA:90,0
DA:94,11
DA:95,0
DA:96,0
DA:98,0
LF:34
LH:26
end_of_record
SF:lib\src\theme\tokens\chip_tokens.dart
DA:34,11
DA:44,0
DA:51,0
DA:52,0
DA:53,0
DA:56,0
DA:57,0
DA:58,0
DA:59,0
DA:62,11
DA:65,11
DA:66,11
DA:68,11
DA:69,0
DA:71,0
DA:74,11
DA:75,0
DA:77,0
DA:80,22
DA:81,11
DA:87,0
DA:89,0
DA:90,0
DA:92,11
DA:97,22
DA:98,11
DA:99,11
DA:102,11
DA:106,11
DA:113,11
DA:114,33
DA:115,22
DA:116,22
DA:118,11
DA:119,0
DA:120,0
DA:121,0
DA:126,11
DA:127,0
DA:128,0
DA:129,0
DA:134,11
DA:137,0
DA:139,0
DA:140,0
DA:143,0
DA:145,0
DA:146,0
DA:152,11
DA:153,11
DA:154,11
DA:159,11
DA:160,11
DA:161,11
DA:166,11
DA:171,11
DA:177,11
DA:184,11
DA:185,11
DA:186,11
DA:187,11
DA:188,11
DA:189,11
DA:190,11
LF:64
LH:37
end_of_record
SF:lib\src\theme\tokens\date_picker_tokens.dart
DA:9,11
DA:31,11
DA:63,11
DA:68,22
DA:69,11
DA:71,11
DA:72,11
DA:73,33
DA:74,11
DA:75,11
DA:76,11
DA:77,11
DA:78,22
DA:84,11
DA:89,22
DA:90,11
DA:92,11
DA:93,11
DA:94,11
DA:95,22
DA:97,11
DA:99,22
DA:100,11
DA:102,11
DA:103,11
DA:104,11
DA:105,11
DA:106,22
DA:107,11
DA:115,11
DA:120,11
DA:126,11
DA:127,11
DA:128,11
DA:129,11
DA:130,11
DA:131,11
DA:132,11
DA:133,0
DA:134,0
DA:136,0
DA:138,11
DA:139,0
DA:140,0
DA:144,22
DA:145,11
DA:146,22
LF:47
LH:42
end_of_record
SF:lib\src\theme\tokens\divider_tokens.dart
DA:17,11
DA:40,11
DA:44,22
DA:45,11
DA:47,11
DA:48,11
DA:49,11
DA:50,11
DA:51,11
DA:52,11
DA:56,11
DA:60,11
DA:62,11
DA:63,11
DA:64,11
DA:65,11
LF:16
LH:16
end_of_record
SF:lib\src\theme\tokens\feature_icon_tokens.dart
DA:46,0
DA:69,0
DA:76,0
DA:77,0
DA:78,0
DA:79,0
DA:81,0
DA:82,0
DA:83,0
DA:84,0
DA:86,0
DA:87,0
DA:88,0
DA:89,0
DA:91,0
DA:92,0
DA:93,0
DA:94,0
DA:96,0
DA:97,0
DA:98,0
DA:99,0
DA:104,0
DA:106,0
DA:109,0
DA:119,0
DA:128,0
DA:129,0
DA:132,0
DA:133,0
DA:136,0
DA:137,0
DA:140,0
DA:141,0
DA:144,0
DA:145,0
DA:150,0
LF:37
LH:0
end_of_record
SF:lib\src\theme\tokens\grouped_key_value_list_tokens.dart
DA:10,0
DA:26,0
DA:51,0
DA:56,0
DA:61,0
DA:62,0
DA:64,0
DA:65,0
DA:66,0
DA:67,0
DA:68,0
DA:69,0
DA:70,0
DA:71,0
DA:72,0
LF:15
LH:0
end_of_record
SF:lib\src\theme\tokens\icon_button_tokens.dart
DA:22,1
DA:39,1
DA:46,1
DA:47,1
DA:48,1
DA:50,1
DA:51,1
DA:52,1
DA:56,1
DA:59,2
DA:60,1
DA:64,1
DA:66,2
DA:67,1
DA:68,2
LF:15
LH:15
end_of_record
SF:lib\src\theme\tokens\key_value_card_tokens.dart
DA:11,0
DA:38,0
DA:43,0
DA:44,0
DA:45,0
DA:47,0
DA:48,0
DA:49,0
DA:50,0
DA:51,0
DA:52,0
DA:53,0
DA:54,0
DA:55,0
DA:58,0
DA:60,0
DA:61,0
DA:62,0
DA:65,0
LF:19
LH:0
end_of_record
SF:lib\src\theme\tokens\nav_bar_tokens.dart
DA:19,11
DA:49,11
DA:89,11
DA:97,0
DA:102,0
DA:103,0
DA:104,0
DA:108,2
DA:113,2
DA:118,0
DA:119,0
DA:139,11
DA:144,11
DA:145,11
DA:150,11
DA:158,11
DA:163,11
DA:164,22
DA:166,11
DA:167,11
DA:168,11
DA:169,11
DA:170,11
DA:171,22
DA:172,11
DA:174,11
DA:176,22
DA:177,11
DA:180,11
DA:182,11
DA:183,11
DA:184,11
DA:185,11
DA:186,11
DA:188,22
DA:189,22
DA:192,11
DA:197,11
DA:202,11
DA:203,22
DA:204,11
DA:206,11
DA:207,11
DA:208,11
DA:209,11
DA:210,11
DA:211,22
DA:214,11
DA:216,22
DA:219,11
DA:221,22
DA:223,11
DA:225,11
DA:226,11
DA:227,11
DA:228,11
DA:229,11
DA:230,11
DA:231,11
DA:232,11
DA:233,11
DA:235,22
DA:236,22
DA:239,11
DA:244,11
DA:249,11
DA:255,11
DA:256,11
DA:257,22
DA:261,11
DA:262,11
DA:263,11
DA:264,11
DA:266,11
DA:267,11
DA:268,11
LF:76
LH:70
end_of_record
SF:lib\src\theme\tokens\map_link_card_tokens.dart
DA:11,0
DA:43,0
DA:48,0
DA:49,0
DA:51,0
DA:52,0
DA:53,0
DA:54,0
DA:55,0
DA:56,0
DA:57,0
DA:58,0
DA:59,0
DA:60,0
DA:62,0
DA:64,0
DA:65,0
DA:66,0
DA:68,0
DA:70,0
DA:71,0
LF:21
LH:0
end_of_record
SF:lib\src\theme\tokens\notification_badge_tokens.dart
DA:9,0
DA:29,0
DA:33,0
DA:34,0
DA:35,0
DA:37,0
DA:38,0
DA:39,0
DA:42,0
LF:9
LH:0
end_of_record
SF:lib\src\theme\tokens\page_indicator_tokens.dart
DA:13,0
DA:33,0
DA:37,0
DA:38,0
DA:40,0
DA:41,0
DA:42,0
DA:44,0
DA:45,0
DA:46,0
LF:10
LH:0
end_of_record
SF:lib\src\theme\tokens\dialog_tokens.dart
DA:26,11
DA:64,0
DA:66,0
DA:67,0
DA:68,0
DA:69,0
DA:73,0
DA:75,0
DA:76,0
DA:77,0
DA:85,11
DA:90,0
DA:92,0
DA:95,2
DA:100,2
DA:105,0
DA:106,0
DA:133,11
DA:138,11
DA:139,11
DA:147,11
DA:152,11
DA:153,11
DA:154,11
DA:155,11
DA:156,11
DA:158,11
DA:159,11
DA:160,11
DA:161,44
DA:164,11
DA:165,11
DA:171,11
DA:172,11
DA:173,11
DA:174,22
DA:176,11
DA:178,22
DA:179,11
DA:181,11
DA:182,11
DA:183,11
DA:184,11
DA:185,11
DA:186,11
DA:187,11
LF:46
LH:33
end_of_record
SF:lib\src\theme\tokens\progress_tokens.dart
DA:13,0
DA:32,0
DA:36,0
DA:37,0
DA:39,0
DA:40,0
DA:41,0
DA:42,0
DA:43,0
LF:9
LH:0
end_of_record
SF:lib\src\theme\tokens\radio_tokens.dart
DA:11,11
DA:37,11
DA:41,22
DA:42,11
DA:44,11
DA:45,11
DA:46,11
DA:47,11
DA:48,11
DA:49,11
DA:50,11
DA:51,11
DA:55,11
DA:59,11
DA:61,11
DA:62,11
DA:63,0
DA:64,0
DA:65,0
DA:66,0
DA:68,0
DA:69,0
DA:71,0
LF:23
LH:16
end_of_record
SF:lib\src\theme\tokens\search_bar_tokens.dart
DA:12,11
DA:46,11
DA:51,0
DA:53,0
DA:56,2
DA:61,2
DA:66,0
DA:67,0
DA:74,11
DA:79,11
DA:80,11
DA:88,11
DA:93,11
DA:95,22
DA:96,11
DA:102,11
DA:103,11
DA:104,22
DA:105,11
DA:106,11
DA:107,22
DA:108,22
DA:109,11
DA:110,11
DA:112,11
DA:113,11
DA:114,11
DA:115,11
DA:116,11
DA:117,11
LF:30
LH:26
end_of_record
SF:lib\src\theme\tokens\segmented_control_tokens.dart
DA:12,11
DA:39,11
DA:44,0
DA:46,0
DA:49,2
DA:57,2
DA:62,0
DA:63,0
DA:65,0
DA:66,0
DA:67,0
DA:68,0
DA:69,0
DA:79,11
DA:84,11
DA:85,11
DA:93,11
DA:99,11
DA:103,11
DA:104,11
DA:106,0
DA:107,33
DA:110,0
DA:111,0
DA:112,0
DA:116,22
DA:121,11
DA:122,11
DA:123,11
DA:124,11
DA:126,11
DA:128,22
DA:129,11
DA:131,11
DA:132,22
DA:133,11
DA:135,22
DA:136,11
DA:137,22
LF:39
LH:26
end_of_record
SF:lib\src\theme\tokens\slider_tokens.dart
DA:15,11
DA:52,11
DA:56,22
DA:57,11
DA:59,11
DA:60,11
DA:61,11
DA:62,11
DA:63,0
DA:64,11
DA:65,11
DA:66,11
DA:67,11
DA:68,22
DA:72,11
DA:76,11
DA:78,11
DA:79,11
DA:80,11
DA:81,11
DA:82,11
DA:83,11
DA:84,22
DA:85,22
DA:87,11
DA:88,11
DA:89,11
DA:90,11
DA:91,11
DA:99,11
DA:111,0
DA:113,0
DA:115,0
DA:130,0
DA:133,0
DA:134,0
DA:135,0
DA:137,0
DA:138,0
DA:139,0
DA:141,0
DA:142,0
DA:143,0
DA:144,0
DA:145,0
LF:45
LH:29
end_of_record
SF:lib\src\theme\tokens\snackbar_tokens.dart
DA:32,11
DA:60,0
DA:62,0
DA:63,0
DA:64,0
DA:65,0
DA:74,11
DA:84,0
DA:85,0
DA:86,0
DA:87,0
DA:90,0
DA:96,0
DA:97,0
DA:98,0
DA:99,0
DA:103,2
DA:108,2
DA:113,0
DA:114,0
DA:130,11
DA:135,11
DA:136,11
DA:142,11
DA:148,11
DA:157,0
DA:163,0
DA:171,11
DA:177,22
DA:178,22
DA:179,22
DA:180,22
DA:181,11
DA:182,11
DA:184,11
DA:186,22
DA:187,22
DA:188,22
DA:190,22
DA:191,11
DA:192,11
DA:193,11
DA:194,11
DA:195,11
DA:196,11
DA:197,22
DA:198,11
DA:199,11
DA:201,22
DA:203,11
DA:204,22
DA:205,11
DA:207,22
DA:208,22
DA:209,11
DA:211,11
LF:56
LH:38
end_of_record
SF:lib\src\theme\tokens\stat_card_tokens.dart
DA:10,0
DA:44,0
DA:48,0
DA:49,0
DA:50,0
DA:51,0
DA:52,0
DA:53,0
DA:54,0
DA:56,0
DA:58,0
DA:60,0
DA:62,0
LF:13
LH:0
end_of_record
SF:lib\src\theme\tokens\status_badge_tokens.dart
DA:39,0
DA:68,0
DA:82,0
DA:83,0
DA:86,0
DA:87,0
DA:88,0
DA:91,0
DA:94,0
DA:95,0
DA:96,0
DA:100,0
DA:101,0
DA:110,0
DA:122,0
DA:123,0
DA:124,0
DA:126,0
DA:127,0
DA:128,0
DA:130,0
DA:131,0
DA:132,0
DA:134,0
DA:135,0
DA:136,0
DA:143,0
DA:154,0
DA:163,0
LF:29
LH:0
end_of_record
SF:lib\src\theme\tokens\stepper_tokens.dart
DA:18,0
DA:50,0
DA:51,0
DA:53,0
DA:54,0
DA:56,0
DA:57,0
DA:59,0
DA:60,0
DA:77,0
DA:82,0
DA:83,0
DA:85,0
DA:86,0
DA:87,0
DA:88,0
DA:89,0
DA:90,0
DA:91,0
DA:92,0
DA:93,0
DA:94,0
DA:95,0
DA:96,0
DA:98,0
DA:100,0
DA:101,0
DA:102,0
LF:28
LH:0
end_of_record
SF:lib\src\theme\tokens\swipe_actions_tokens.dart
DA:24,2
DA:38,4
DA:43,4
DA:45,4
DA:47,2
DA:48,4
DA:50,2
DA:56,1
DA:57,1
DA:58,1
DA:63,4
DA:64,2
DA:65,2
DA:67,1
DA:68,0
DA:69,0
DA:71,2
DA:72,1
DA:73,1
DA:75,2
DA:76,1
DA:77,1
LF:22
LH:20
end_of_record
SF:lib\src\theme\tokens\switch_tokens.dart
DA:10,11
DA:43,0
DA:45,0
DA:47,0
DA:50,0
DA:52,0
DA:54,0
DA:57,0
DA:61,0
DA:68,11
DA:73,0
DA:75,0
DA:78,2
DA:83,2
DA:97,11
DA:101,11
DA:102,11
DA:106,11
DA:110,11
DA:112,11
DA:113,11
DA:114,11
DA:115,11
DA:116,11
DA:117,33
DA:120,0
DA:121,33
DA:122,11
DA:123,11
DA:124,11
DA:126,0
DA:127,33
DA:129,0
DA:130,33
DA:132,0
DA:133,33
DA:135,0
DA:136,33
LF:38
LH:23
end_of_record
SF:lib\src\theme\tokens\table_tokens.dart
DA:11,11
DA:28,11
DA:92,11
DA:100,0
DA:105,0
DA:106,0
DA:107,0
DA:111,2
DA:116,2
DA:121,0
DA:128,11
DA:133,11
DA:134,11
DA:135,11
DA:139,11
DA:143,11
DA:144,11
DA:145,22
DA:146,11
DA:147,11
DA:149,11
DA:151,22
DA:152,11
DA:153,11
DA:155,11
DA:157,11
DA:161,11
DA:165,11
DA:166,11
DA:167,11
DA:168,11
DA:169,11
DA:170,11
DA:171,11
DA:172,11
DA:173,11
DA:174,22
DA:175,11
DA:176,11
DA:178,11
DA:180,11
LF:41
LH:36
end_of_record
SF:lib\src\theme\tokens\wizard_step_tokens.dart
DA:9,0
DA:37,0
DA:42,0
DA:43,0
DA:44,0
DA:46,0
DA:47,0
DA:48,0
DA:49,0
DA:50,0
DA:51,0
DA:52,0
DA:53,0
DA:54,0
DA:56,0
LF:15
LH:0
end_of_record
SF:lib\src\theme\colors\dark_colors.dart
DA:15,0
LF:1
LH:0
end_of_record
SF:lib\src\theme\colors\light_colors.dart
DA:13,0
LF:1
LH:0
end_of_record
SF:lib\src\theme\tokens\tab_bar_tokens.dart
DA:9,11
DA:38,11
DA:42,0
DA:44,0
DA:47,2
DA:52,2
DA:57,0
DA:58,0
DA:64,11
DA:69,11
DA:70,11
DA:78,11
DA:83,11
DA:84,33
DA:86,22
DA:87,11
DA:93,11
DA:94,11
DA:95,11
DA:96,11
DA:97,11
DA:98,11
DA:99,11
DA:100,33
DA:101,22
DA:102,22
DA:104,11
DA:108,11
DA:113,11
DA:119,11
DA:120,11
DA:121,11
DA:122,11
DA:124,11
DA:125,11
DA:126,11
DA:127,11
DA:129,11
DA:131,11
DA:133,11
DA:134,11
DA:135,11
LF:42
LH:38
end_of_record
SF:lib\src\theme\colors\app_palettes.dart
DA:13,4
DA:51,2
DA:52,2
DA:53,6
DA:54,6
DA:55,6
DA:56,6
DA:57,6
DA:58,6
DA:59,6
DA:60,6
LF:11
LH:11
end_of_record
SF:lib\src\theme\colors\color_scale.dart
DA:8,4
DA:35,3
DA:36,3
DA:37,3
DA:38,3
DA:39,3
DA:40,4
DA:41,3
DA:42,6
DA:43,2
DA:44,0
DA:45,0
DA:46,0
DA:47,0
DA:50,2
DA:51,2
DA:52,6
DA:53,6
DA:54,6
DA:55,6
DA:56,6
DA:57,6
DA:58,6
DA:59,6
DA:60,6
DA:61,6
DA:62,6
LF:27
LH:23
end_of_record
SF:lib\src\theme\tokens\empty_state_tokens.dart
DA:10,0
DA:51,0
DA:55,0
DA:56,0
DA:57,0
DA:58,0
DA:59,0
DA:60,0
DA:61,0
DA:62,0
DA:64,0
DA:66,0
DA:67,0
LF:13
LH:0
end_of_record
SF:lib\src\theme\tokens\list_card_tokens.dart
DA:24,0
DA:59,0
DA:64,0
DA:67,0
DA:69,0
DA:70,0
DA:71,0
DA:72,0
DA:73,0
DA:74,0
DA:75,0
DA:76,0
DA:77,0
DA:78,0
DA:81,0
DA:83,0
DA:84,0
DA:85,0
DA:88,0
DA:91,0
DA:92,0
DA:93,0
DA:94,0
DA:95,0
DA:96,0
DA:97,0
DA:98,0
DA:99,0
DA:100,0
DA:101,0
DA:104,0
DA:106,0
DA:107,0
DA:108,0
DA:111,0
LF:35
LH:0
end_of_record
SF:lib\src\theme\tokens\overlay_tokens.dart
DA:38,0
LF:1
LH:0
end_of_record
SF:lib\src\theme\tokens\loading_indicator_tokens.dart
DA:46,0
DA:53,0
LF:2
LH:0
end_of_record
SF:lib\src\theme\tokens\skeleton_tokens.dart
DA:32,0
DA:38,2
DA:42,2
DA:47,1
DA:48,3
LF:5
LH:4
end_of_record
SF:lib\src\theme\tokens\status_bar_tokens.dart
DA:9,0
DA:13,0
DA:14,0
DA:16,0
DA:20,0
DA:24,0
DA:25,0
DA:26,0
LF:8
LH:0
end_of_record
SF:lib\src\theme\tokens\status_surface_tokens.dart
DA:13,0
DA:19,0
DA:20,0
DA:21,0
DA:22,0
DA:24,0
DA:25,0
DA:26,0
DA:27,0
DA:28,0
DA:29,0
DA:31,0
DA:32,0
DA:33,0
DA:34,0
DA:36,0
DA:37,0
DA:38,0
DA:39,0
DA:40,0
DA:41,0
DA:47,0
DA:52,0
DA:53,0
DA:54,0
DA:55,0
DA:57,0
DA:58,0
DA:59,0
DA:60,0
DA:62,0
DA:63,0
DA:64,0
DA:65,0
DA:67,0
DA:68,0
DA:69,0
DA:70,0
DA:76,0
DA:77,0
DA:78,0
DA:80,0
DA:81,0
DA:82,0
LF:44
LH:0
end_of_record
