SF:lib\src\blocs\theme\theme_state.dart
DA:6,2
DA:8,0
DA:9,0
DA:10,0
DA:11,0
DA:12,0
DA:15,0
DA:21,0
DA:22,0
DA:23,0
DA:24,0
DA:25,0
DA:28,0
DA:29,0
DA:31,0
LF:15
LH:1
end_of_record
SF:lib\src\blocs\theme\theme_event.dart
DA:4,0
DA:6,0
DA:7,0
LF:3
LH:0
end_of_record
SF:lib\src\blocs\theme\theme_bloc.dart
DA:9,0
DA:10,0
DA:11,0
DA:13,0
DA:14,0
DA:16,0
DA:17,0
DA:21,0
DA:22,0
DA:24,0
DA:25,0
LF:11
LH:0
end_of_record
SF:lib\src\components\app_action_sheet.dart
DA:9,0
DA:26,0
DA:50,0
DA:52,0
DA:53,0
DA:54,0
DA:55,0
DA:61,0
DA:62,0
DA:64,0
DA:65,0
DA:66,0
DA:67,0
DA:68,0
DA:70,0
DA:73,0
DA:74,0
DA:75,0
DA:76,0
DA:77,0
DA:78,0
DA:80,0
DA:82,0
DA:84,0
DA:85,0
DA:86,0
DA:87,0
DA:88,0
DA:89,0
DA:94,0
DA:95,0
DA:96,0
DA:97,0
DA:98,0
DA:99,0
DA:100,0
DA:101,0
DA:103,0
DA:109,0
DA:110,0
DA:111,0
DA:112,0
DA:113,0
DA:114,0
DA:116,0
DA:117,0
DA:118,0
DA:119,0
DA:127,0
DA:135,0
DA:147,0
DA:149,0
DA:150,0
DA:151,0
DA:152,0
DA:154,0
DA:156,0
DA:158,0
DA:159,0
DA:160,0
DA:161,0
DA:163,0
DA:164,0
DA:166,0
DA:167,0
DA:168,0
DA:169,0
DA:171,0
DA:172,0
DA:173,0
DA:174,0
DA:175,0
DA:178,0
DA:179,0
DA:190,0
DA:201,0
DA:202,0
DA:203,0
DA:204,0
DA:210,0
DA:214,0
DA:215,0
LF:82
LH:0
end_of_record
SF:lib\src\components\app_avatar.dart
DA:8,2
DA:25,0
DA:27,0
DA:28,0
DA:29,0
DA:30,0
DA:32,0
DA:35,0
DA:36,0
DA:39,0
DA:40,0
DA:41,0
DA:42,0
DA:43,0
DA:46,0
DA:47,0
DA:48,0
DA:49,0
DA:50,0
DA:51,0
DA:60,0
DA:61,0
DA:62,0
DA:63,0
DA:64,0
DA:70,0
DA:74,0
DA:76,0
DA:77,0
DA:78,0
DA:79,0
DA:81,0
DA:83,0
DA:86,0
DA:89,0
DA:92,0
DA:93,0
LF:37
LH:1
end_of_record
SF:lib\src\components\app_avatar_stack.dart
DA:9,0
DA:22,0
DA:24,0
DA:25,0
DA:26,0
DA:29,0
DA:30,0
DA:31,0
DA:32,0
DA:34,0
DA:36,0
DA:38,0
DA:39,0
DA:41,0
DA:42,0
DA:43,0
DA:44,0
DA:45,0
DA:47,0
DA:48,0
DA:49,0
DA:50,0
DA:54,0
DA:55,0
DA:56,0
DA:57,0
DA:59,0
DA:60,0
DA:61,0
DA:62,0
DA:63,0
DA:67,0
DA:78,0
DA:83,0
DA:85,0
DA:86,0
DA:88,0
DA:89,0
DA:90,0
DA:93,0
LF:40
LH:0
end_of_record
SF:lib\src\components\app_backdrop.dart
DA:22,0
DA:33,0
DA:35,0
DA:36,0
DA:37,0
DA:38,0
DA:44,0
DA:47,0
DA:48,0
DA:49,0
DA:50,0
DA:52,0
DA:53,0
DA:54,0
DA:55,0
DA:56,0
DA:60,0
DA:61,0
DA:62,0
DA:63,0
DA:65,0
DA:68,0
DA:69,0
DA:70,0
DA:71,0
DA:72,0
DA:73,0
DA:74,0
DA:76,0
DA:78,0
DA:79,0
DA:80,0
DA:81,0
DA:83,0
DA:85,0
DA:86,0
DA:87,0
DA:88,0
DA:90,0
DA:91,0
DA:93,0
LF:41
LH:0
end_of_record
SF:lib\src\components\app_bottom_nav_bar.dart
DA:8,0
DA:19,0
DA:21,0
DA:22,0
DA:24,0
DA:26,0
DA:27,0
DA:29,0
DA:30,0
DA:31,0
DA:33,0
DA:35,0
DA:36,0
DA:37,0
DA:38,0
DA:39,0
DA:40,0
DA:41,0
DA:42,0
DA:46,0
DA:58,0
DA:70,0
DA:72,0
DA:73,0
DA:74,0
DA:75,0
DA:76,0
DA:77,0
DA:78,0
DA:80,0
DA:81,0
DA:82,0
DA:84,0
DA:86,0
DA:87,0
DA:88,0
DA:89,0
DA:92,0
DA:94,0
DA:95,0
DA:96,0
DA:98,0
DA:99,0
DA:100,0
DA:102,0
DA:103,0
LF:46
LH:0
end_of_record
SF:lib\src\components\app_bottom_sheet.dart
DA:15,0
DA:31,0
DA:33,0
DA:34,0
DA:35,0
DA:36,0
DA:42,0
DA:44,0
DA:45,0
DA:46,0
DA:48,0
DA:51,0
DA:52,0
DA:53,0
DA:54,0
DA:55,0
DA:56,0
DA:57,0
DA:59,0
DA:60,0
DA:61,0
DA:62,0
DA:63,0
DA:64,0
DA:65,0
DA:67,0
DA:69,0
DA:70,0
DA:71,0
DA:72,0
DA:73,0
DA:74,0
DA:76,0
DA:79,0
DA:80,0
DA:92,0
DA:101,0
DA:109,0
LF:38
LH:0
end_of_record
SF:lib\src\components\app_button.dart
DA:16,0
DA:39,0
DA:40,0
DA:46,0
DA:47,0
DA:48,0
DA:50,0
DA:52,0
DA:53,0
DA:54,0
DA:55,0
DA:58,0
DA:59,0
DA:62,0
DA:63,0
DA:69,0
DA:70,0
DA:76,0
DA:77,0
DA:78,0
DA:79,0
DA:82,0
DA:84,0
DA:85,0
DA:86,0
DA:88,0
DA:89,0
DA:93,0
DA:94,0
DA:96,0
DA:100,0
DA:101,0
DA:102,0
DA:103,0
DA:110,0
DA:111,0
DA:117,0
DA:118,0
DA:119,0
DA:120,0
DA:121,0
DA:123,0
DA:128,0
DA:129,0
DA:136,0
DA:137,0
DA:140,0
DA:141,0
DA:142,0
DA:143,0
DA:144,0
DA:145,0
DA:146,0
DA:148,0
DA:152,0
DA:154,0
DA:155,0
DA:157,0
DA:159,0
DA:160,0
DA:165,0
DA:167,0
DA:168,0
DA:169,0
DA:176,0
DA:178,0
DA:179,0
DA:180,0
DA:186,0
DA:193,0
DA:202,0
DA:213,0
DA:222,0
DA:234,0
DA:243,0
DA:255,0
DA:264,0
DA:276,0
DA:285,0
LF:79
LH:0
end_of_record
SF:lib\src\components\app_button_group.dart
DA:8,0
DA:25,0
DA:27,0
DA:29,0
DA:30,0
DA:31,0
DA:32,0
DA:33,0
DA:34,0
DA:35,0
DA:36,0
DA:37,0
DA:38,0
DA:41,0
DA:43,0
DA:44,0
DA:45,0
DA:46,0
DA:47,0
DA:48,0
DA:49,0
LF:21
LH:0
end_of_record
SF:lib\src\components\app_calendar_day.dart
DA:8,0
DA:20,0
DA:22,0
DA:23,0
DA:24,0
DA:25,0
DA:31,0
DA:33,0
DA:35,0
DA:37,0
DA:38,0
DA:40,0
DA:41,0
DA:42,0
DA:43,0
DA:44,0
DA:45,0
DA:47,0
DA:49,0
DA:51,0
DA:52,0
DA:53,0
LF:22
LH:0
end_of_record
SF:lib\src\components\app_checkbox.dart
DA:7,0
DA:16,0
DA:18,0
DA:19,0
DA:20,0
DA:24,0
DA:25,0
DA:27,0
DA:28,0
DA:30,0
DA:32,0
DA:34,0
DA:35,0
DA:36,0
DA:37,0
DA:38,0
DA:41,0
DA:42,0
DA:44,0
DA:45,0
DA:49,0
DA:50,0
DA:51,0
DA:55,0
DA:57,0
DA:59,0
DA:60,0
LF:27
LH:0
end_of_record
SF:lib\src\components\app_chip.dart
DA:9,0
DA:30,0
DA:32,0
DA:33,0
DA:34,0
DA:35,0
DA:36,0
DA:37,0
DA:38,0
DA:41,0
DA:43,0
DA:44,0
DA:45,0
DA:46,0
DA:47,0
DA:49,0
DA:51,0
DA:54,0
DA:55,0
DA:56,0
DA:57,0
DA:58,0
DA:59,0
DA:61,0
DA:63,0
DA:64,0
DA:65,0
DA:71,0
DA:72,0
DA:73,0
DA:74,0
DA:75,0
DA:76,0
DA:85,0
DA:87,0
DA:88,0
DA:92,0
DA:95,0
DA:96,0
DA:97,0
DA:99,0
DA:100,0
DA:101,0
DA:102,0
DA:106,0
DA:113,0
DA:114,0
DA:115,0
DA:116,0
DA:117,0
DA:118,0
DA:119,0
DA:120,0
LF:53
LH:0
end_of_record
SF:lib\src\components\app_close_icon.dart
DA:8,0
DA:17,0
DA:19,0
DA:21,0
DA:22,0
DA:24,0
LF:6
LH:0
end_of_record
SF:lib\src\components\app_date_picker.dart
DA:9,0
DA:18,0
DA:19,0
DA:20,0
DA:22,0
DA:30,0
DA:31,0
DA:32,0
DA:33,0
DA:34,0
DA:39,0
DA:40,0
DA:41,0
LF:13
LH:0
end_of_record
SF:lib\src\components\app_divider.dart
DA:7,0
DA:16,0
DA:18,0
DA:19,0
DA:20,0
DA:26,0
DA:27,0
DA:28,0
DA:30,0
DA:31,0
DA:32,0
DA:34,0
DA:39,0
DA:43,0
DA:44,0
LF:15
LH:0
end_of_record
SF:lib\src\components\app_feature_icon.dart
DA:13,2
DA:30,0
DA:32,0
DA:33,0
DA:34,0
DA:35,0
DA:36,0
DA:39,0
DA:41,0
DA:42,0
DA:43,0
DA:44,0
DA:45,0
DA:46,0
DA:49,0
DA:50,0
DA:51,0
DA:55,0
DA:56,0
DA:57,0
DA:59,0
DA:60,0
DA:61,0
DA:62,0
LF:24
LH:1
end_of_record
SF:lib\src\components\app_field_action.dart
DA:10,0
DA:36,0
DA:38,0
DA:40,0
DA:41,0
DA:42,0
DA:43,0
DA:44,0
DA:46,0
DA:47,0
DA:51,0
DA:53,0
DA:57,0
DA:60,0
DA:62,0
DA:63,0
DA:65,0
DA:68,0
DA:69,0
DA:70,0
DA:71,0
DA:73,0
DA:74,0
DA:75,0
DA:76,0
DA:77,0
DA:78,0
DA:80,0
DA:83,0
DA:84,0
DA:85,0
DA:86,0
DA:88,0
DA:89,0
DA:90,0
DA:94,0
DA:95,0
DA:96,0
DA:97,0
DA:98,0
DA:100,0
DA:101,0
DA:102,0
DA:108,0
DA:109,0
DA:111,0
DA:112,0
DA:113,0
DA:114,0
DA:116,0
DA:126,0
DA:127,0
DA:128,0
DA:129,0
DA:130,0
LF:55
LH:0
end_of_record
SF:lib\src\components\app_grouped_key_value_list.dart
DA:8,0
DA:15,0
DA:17,0
DA:19,0
DA:20,0
DA:21,0
DA:22,0
DA:25,0
DA:26,0
DA:27,0
DA:28,0
DA:29,0
DA:32,0
DA:34,0
DA:35,0
DA:36,0
DA:37,0
DA:46,0
DA:51,0
DA:53,0
DA:55,0
DA:56,0
DA:57,0
DA:58,0
DA:60,0
DA:61,0
DA:62,0
DA:63,0
DA:64,0
DA:65,0
DA:66,0
DA:67,0
DA:72,0
DA:73,0
DA:74,0
LF:35
LH:0
end_of_record
SF:lib\src\components\app_key_value_card.dart
DA:8,0
DA:21,0
DA:23,0
DA:24,0
DA:25,0
DA:28,0
DA:31,0
DA:32,0
DA:33,0
DA:34,0
DA:35,0
DA:37,0
DA:38,0
DA:39,0
DA:40,0
DA:41,0
DA:43,0
DA:44,0
DA:45,0
DA:46,0
DA:47,0
DA:48,0
DA:49,0
DA:50,0
DA:55,0
DA:56,0
DA:57,0
LF:27
LH:0
end_of_record
SF:lib\src\components\app_list_card.dart
DA:10,0
DA:31,0
DA:33,0
DA:34,0
DA:35,0
DA:36,0
DA:37,0
DA:38,0
DA:39,0
DA:40,0
DA:41,0
LF:11
LH:0
end_of_record
SF:lib\src\components\app_map_link_card.dart
DA:9,0
DA:22,0
DA:24,0
DA:25,0
DA:26,0
DA:27,0
DA:33,0
DA:34,0
DA:35,0
DA:36,0
DA:37,0
DA:39,0
DA:40,0
DA:41,0
DA:42,0
DA:43,0
DA:44,0
DA:45,0
DA:46,0
DA:47,0
DA:48,0
DA:49,0
DA:50,0
DA:52,0
DA:54,0
DA:55,0
DA:58,0
DA:59,0
DA:60,0
DA:61,0
DA:65,0
DA:66,0
DA:67,0
DA:68,0
DA:75,0
DA:76,0
DA:78,0
DA:79,0
LF:38
LH:0
end_of_record
SF:lib\src\components\app_modal_sheet.dart
DA:22,1
DA:31,1
DA:37,1
DA:38,1
DA:40,4
DA:42,2
DA:51,1
DA:61,1
DA:63,1
DA:64,2
DA:65,1
DA:66,1
DA:72,1
DA:73,1
DA:74,1
DA:76,1
DA:78,1
DA:80,1
DA:81,2
DA:82,2
DA:83,1
DA:84,1
DA:85,1
DA:86,1
DA:88,2
DA:90,2
DA:91,1
DA:92,1
DA:93,1
DA:95,3
DA:97,2
DA:99,2
LF:32
LH:32
end_of_record
SF:lib\src\components\app_network_image.dart
DA:15,0
DA:35,0
DA:37,0
DA:39,0
DA:40,0
DA:41,0
DA:42,0
DA:43,0
DA:44,0
DA:45,0
DA:46,0
DA:47,0
DA:48,0
DA:51,0
DA:52,0
DA:53,0
DA:54,0
DA:55,0
DA:56,0
DA:57,0
DA:59,0
DA:64,0
DA:65,0
LF:23
LH:0
end_of_record
SF:lib\src\components\app_not_found_page.dart
DA:10,0
DA:30,0
DA:32,0
DA:33,0
DA:34,0
DA:36,0
DA:37,0
DA:39,0
DA:40,0
DA:41,0
DA:42,0
DA:45,0
LF:12
LH:0
end_of_record
SF:lib\src\components\app_notification_icon.dart
DA:11,0
DA:26,0
DA:28,0
DA:29,0
DA:30,0
DA:31,0
DA:33,0
DA:37,0
DA:40,0
DA:41,0
DA:43,0
DA:45,0
DA:48,0
DA:49,0
DA:50,0
DA:51,0
DA:54,0
DA:62,0
DA:66,0
DA:67,0
LF:20
LH:0
end_of_record
SF:lib\src\components\app_phone_field.dart
DA:18,0
DA:50,0
DA:51,0
DA:56,0
DA:57,0
DA:59,0
DA:61,0
DA:62,0
DA:63,0
DA:65,0
DA:68,0
DA:70,0
DA:71,0
DA:72,0
DA:73,0
DA:75,0
DA:76,0
DA:79,0
DA:82,0
DA:84,0
DA:85,0
DA:88,0
DA:89,0
DA:90,0
DA:91,0
DA:93,0
DA:97,0
DA:99,0
DA:100,0
DA:101,0
DA:102,0
DA:103,0
DA:104,0
DA:105,0
DA:106,0
DA:108,0
DA:111,0
DA:112,0
DA:113,0
DA:114,0
DA:116,0
DA:117,0
DA:119,0
DA:120,0
DA:121,0
DA:124,0
DA:125,0
DA:126,0
DA:130,0
DA:132,0
DA:133,0
DA:134,0
DA:138,0
DA:140,0
DA:141,0
DA:143,0
DA:144,0
DA:145,0
DA:146,0
DA:148,0
DA:150,0
DA:151,0
DA:152,0
DA:157,0
DA:158,0
DA:160,0
DA:161,0
DA:162,0
DA:164,0
DA:165,0
DA:166,0
DA:177,0
DA:179,0
DA:180,0
DA:181,0
DA:182,0
DA:183,0
DA:187,0
DA:190,0
DA:193,0
DA:194,0
DA:195,0
DA:197,0
DA:203,0
DA:209,0
DA:215,0
DA:224,0
DA:225,0
DA:226,0
DA:227,0
DA:228,0
DA:235,0
DA:243,0
DA:245,0
DA:247,0
DA:248,0
DA:250,0
DA:251,0
DA:253,0
LF:99
LH:0
end_of_record
SF:lib\src\components\app_fill_remaining_scrollable.dart
DA:37,1
DA:41,2
DA:43,2
DA:45,6
DA:59,2
DA:63,2
DA:65,2
DA:66,4
DA:67,2
DA:68,2
DA:69,2
DA:71,4
LF:12
LH:12
end_of_record
SF:lib\src\components\app_loading_indicator.dart
DA:43,1
DA:73,1
DA:74,1
DA:81,1
DA:83,1
DA:84,2
DA:86,2
DA:87,1
DA:90,1
DA:92,1
DA:93,4
DA:94,2
DA:95,2
DA:96,4
DA:100,1
DA:102,2
DA:103,1
DA:106,1
DA:108,2
DA:109,2
DA:110,2
DA:113,2
DA:115,1
DA:116,0
DA:118,2
DA:120,2
DA:126,1
DA:128,1
DA:134,1
DA:135,2
DA:136,1
DA:137,1
DA:139,1
DA:158,1
DA:162,1
DA:170,1
DA:172,3
DA:173,3
DA:174,5
DA:175,1
DA:178,6
DA:180,1
DA:183,1
DA:184,2
DA:186,1
DA:187,4
DA:188,1
DA:189,2
DA:190,1
DA:193,2
DA:194,1
DA:195,4
DA:196,4
DA:198,4
DA:205,1
DA:207,3
DA:208,3
DA:210,1
LF:58
LH:57
end_of_record
SF:lib\src\components\app_radio_tile.dart
DA:9,0
DA:22,0
DA:24,0
DA:26,0
DA:27,0
DA:29,0
DA:30,0
DA:32,0
DA:33,0
DA:34,0
DA:35,0
DA:36,0
DA:37,0
DA:39,0
DA:40,0
DA:41,0
DA:42,0
DA:44,0
DA:45,0
DA:56,0
DA:69,0
DA:71,0
DA:73,0
DA:74,0
DA:75,0
DA:76,0
DA:77,0
DA:78,0
DA:79,0
DA:81,0
DA:90,0
LF:31
LH:0
end_of_record
SF:lib\src\components\app_refresh_indicator.dart
DA:8,2
DA:25,2
DA:27,4
DA:29,2
DA:30,2
DA:31,2
DA:32,2
DA:33,2
DA:34,2
DA:35,2
DA:36,2
DA:37,2
LF:12
LH:12
end_of_record
SF:lib\src\components\app_select_field.dart
DA:12,0
DA:36,0
DA:38,0
DA:40,0
DA:41,0
DA:42,0
DA:43,0
DA:44,0
DA:45,0
DA:47,0
DA:48,0
DA:52,0
DA:54,0
DA:58,0
DA:61,0
DA:63,0
DA:64,0
DA:66,0
DA:68,0
DA:69,0
DA:70,0
DA:71,0
DA:74,0
DA:75,0
DA:76,0
DA:77,0
DA:79,0
DA:80,0
DA:81,0
DA:82,0
DA:83,0
DA:84,0
DA:86,0
DA:89,0
DA:90,0
DA:91,0
DA:92,0
DA:94,0
DA:95,0
DA:96,0
DA:100,0
DA:101,0
DA:102,0
DA:103,0
DA:104,0
DA:106,0
DA:107,0
DA:108,0
DA:114,0
DA:115,0
DA:116,0
DA:129,0
DA:130,0
DA:131,0
DA:132,0
DA:133,0
LF:56
LH:0
end_of_record
SF:lib\src\components\app_stat_card.dart
DA:12,0
DA:29,0
DA:31,0
DA:32,0
DA:33,0
DA:36,0
DA:37,0
DA:38,0
DA:39,0
DA:40,0
DA:41,0
DA:43,0
DA:44,0
DA:45,0
DA:46,0
DA:47,0
DA:48,0
DA:49,0
DA:53,0
DA:55,0
DA:56,0
DA:57,0
DA:60,0
DA:61,0
DA:62,0
DA:63,0
DA:67,0
DA:68,0
DA:69,0
DA:70,0
LF:30
LH:0
end_of_record
SF:lib\src\components\app_svg_picture.dart
DA:10,0
DA:17,0
LF:2
LH:0
end_of_record
SF:lib\src\components\app_wizard_step_indicator.dart
DA:11,0
DA:29,0
DA:31,0
DA:32,0
DA:33,0
DA:34,0
DA:40,0
DA:41,0
DA:42,0
DA:43,0
DA:44,0
DA:45,0
DA:46,0
DA:47,0
DA:48,0
DA:50,0
DA:51,0
DA:52,0
DA:55,0
DA:58,0
DA:60,0
DA:61,0
DA:62,0
DA:63,0
DA:64,0
DA:75,0
DA:89,0
DA:91,0
DA:92,0
DA:93,0
DA:94,0
DA:95,0
DA:99,0
DA:100,0
DA:101,0
DA:102,0
DA:107,0
DA:109,0
DA:110,0
LF:39
LH:0
end_of_record
SF:lib\src\components\app_icon_button.dart
DA:9,0
DA:18,0
DA:29,0
DA:31,0
DA:32,0
DA:33,0
DA:34,0
DA:38,0
DA:39,0
DA:40,0
DA:42,0
DA:43,0
DA:44,0
DA:47,0
DA:48,0
DA:49,0
DA:50,0
DA:54,0
DA:55,0
DA:57,0
DA:59,0
DA:60,0
DA:61,0
DA:64,0
DA:65,0
DA:66,0
DA:67,0
LF:27
LH:0
end_of_record
SF:lib\src\components\app_large_nav_bar.dart
DA:7,0
DA:36,0
DA:37,0
DA:39,0
DA:41,0
DA:42,0
DA:45,0
DA:47,0
DA:48,0
DA:49,0
DA:50,0
DA:51,0
DA:52,0
DA:57,0
DA:58,0
DA:61,0
DA:62,0
DA:63,0
DA:65,0
DA:66,0
DA:67,0
DA:69,0
DA:71,0
DA:72,0
DA:73,0
DA:74,0
DA:75,0
DA:76,0
DA:77,0
DA:78,0
DA:79,0
DA:82,0
DA:83,0
DA:85,0
DA:88,0
DA:90,0
DA:93,0
DA:94,0
DA:95,0
DA:98,0
DA:99,0
DA:100,0
DA:103,0
DA:104,0
DA:106,0
DA:107,0
DA:112,0
DA:113,0
DA:114,0
DA:115,0
DA:116,0
DA:119,0
DA:120,0
DA:130,0
DA:131,0
DA:132,0
DA:133,0
DA:135,0
DA:136,0
DA:138,0
DA:139,0
DA:142,0
DA:143,0
DA:144,0
DA:145,0
DA:146,0
DA:147,0
DA:148,0
DA:150,0
DA:151,0
DA:152,0
LF:71
LH:0
end_of_record
SF:lib\src\components\app_nav_bar.dart
DA:7,0
DA:34,0
DA:37,0
DA:39,0
DA:40,0
DA:41,0
DA:42,0
DA:43,0
DA:45,0
DA:46,0
DA:47,0
DA:49,0
DA:51,0
DA:52,0
DA:53,0
DA:55,0
DA:57,0
DA:58,0
DA:59,0
DA:60,0
DA:65,0
DA:66,0
DA:67,0
DA:69,0
DA:80,0
DA:85,0
DA:86,0
DA:87,0
DA:89,0
DA:93,0
DA:99,0
DA:100,0
DA:102,0
DA:104,0
DA:105,0
DA:106,0
DA:108,0
DA:111,0
DA:113,0
DA:114,0
DA:115,0
DA:116,0
DA:117,0
DA:118,0
DA:125,0
DA:130,0
DA:131,0
DA:132,0
DA:133,0
DA:134,0
DA:135,0
DA:136,0
DA:139,0
DA:140,0
DA:142,0
DA:143,0
DA:145,0
DA:146,0
DA:149,0
DA:150,0
DA:151,0
DA:152,0
DA:153,0
DA:154,0
DA:155,0
DA:157,0
DA:158,0
DA:159,0
LF:68
LH:0
end_of_record
SF:lib\src\components\app_notification_badge.dart
DA:8,0
DA:16,0
DA:18,0
DA:22,0
DA:23,0
DA:24,0
DA:26,0
DA:28,0
DA:29,0
DA:30,0
DA:32,0
DA:33,0
DA:34,0
DA:36,0
LF:14
LH:0
end_of_record
SF:lib\src\components\app_page_indicator.dart
DA:7,0
DA:14,0
DA:16,0
DA:17,0
DA:18,0
DA:23,0
DA:25,0
DA:26,0
DA:27,0
DA:28,0
DA:29,0
DA:31,0
DA:33,0
DA:34,0
DA:35,0
DA:37,0
LF:16
LH:0
end_of_record
SF:lib\src\components\app_popover.dart
DA:29,0
DA:83,0
DA:85,0
DA:86,0
DA:89,0
DA:92,0
DA:95,0
DA:97,0
DA:98,0
DA:100,0
DA:101,0
DA:102,0
DA:103,0
DA:105,0
DA:106,0
DA:108,0
DA:109,0
DA:110,0
DA:111,0
DA:113,0
DA:114,0
DA:115,0
DA:116,0
DA:118,0
DA:119,0
DA:120,0
DA:127,0
DA:128,0
DA:130,0
DA:131,0
DA:132,0
DA:133,0
DA:136,0
DA:139,0
DA:140,0
DA:141,0
DA:143,0
DA:145,0
DA:146,0
DA:147,0
DA:149,0
DA:150,0
DA:151,0
DA:152,0
DA:153,0
DA:155,0
DA:156,0
DA:157,0
DA:167,0
DA:168,0
DA:169,0
DA:170,0
DA:174,0
DA:175,0
DA:178,0
DA:179,0
DA:180,0
DA:181,0
DA:185,0
DA:186,0
DA:187,0
DA:194,0
DA:198,0
DA:199,0
DA:200,0
DA:201,0
DA:202,0
DA:203,0
DA:211,0
DA:212,0
DA:216,0
DA:218,0
DA:221,0
DA:222,0
DA:223,0
DA:226,0
DA:231,0
DA:232,0
DA:233,0
DA:234,0
DA:241,0
DA:242,0
DA:244,0
DA:245,0
DA:246,0
DA:247,0
DA:248,0
DA:251,0
DA:252,0
DA:253,0
DA:254,0
DA:255,0
DA:263,0
DA:264,0
DA:265,0
DA:268,0
DA:269,0
DA:270,0
DA:271,0
DA:275,0
DA:276,0
DA:278,0
DA:281,0
DA:282,0
DA:283,0
DA:284,0
DA:285,0
DA:286,0
DA:288,0
DA:289,0
DA:290,0
DA:291,0
DA:292,0
DA:293,0
DA:294,0
DA:295,0
DA:296,0
DA:303,0
DA:304,0
DA:305,0
DA:306,0
DA:311,0
DA:323,0
DA:325,0
DA:326,0
DA:328,0
DA:329,0
DA:332,0
DA:333,0
DA:337,0
DA:338,0
DA:339,0
DA:341,0
DA:342,0
DA:343,0
DA:344,0
DA:345,0
DA:356,0
DA:380,0
DA:382,0
DA:385,0
DA:386,0
DA:387,0
DA:390,0
DA:391,0
DA:404,0
DA:407,0
DA:422,0
DA:446,0
LF:149
LH:0
end_of_record
SF:lib\src\components\app_progress_bar.dart
DA:7,0
DA:17,0
DA:19,0
DA:20,0
DA:21,0
DA:26,0
DA:28,0
DA:29,0
DA:30,0
DA:31,0
DA:32,0
DA:33,0
DA:34,0
DA:35,0
DA:37,0
LF:15
LH:0
end_of_record
SF:lib\src\components\app_radio.dart
DA:7,0
DA:18,0
DA:20,0
DA:21,0
DA:22,0
DA:26,0
DA:27,0
DA:29,0
DA:32,0
DA:33,0
DA:34,0
DA:35,0
DA:36,0
DA:37,0
DA:38,0
DA:42,0
DA:43,0
DA:47,0
DA:49,0
DA:50,0
DA:54,0
DA:55,0
DA:56,0
DA:57,0
DA:58,0
DA:61,0
DA:62,0
LF:27
LH:0
end_of_record
SF:lib\src\components\app_search_field.dart
DA:25,0
DA:61,0
DA:62,0
DA:72,0
DA:74,0
DA:75,0
DA:76,0
DA:77,0
DA:78,0
DA:79,0
DA:80,0
DA:81,0
DA:84,0
DA:86,0
DA:87,0
DA:88,0
DA:89,0
DA:90,0
DA:92,0
DA:95,0
DA:96,0
DA:99,0
DA:100,0
DA:103,0
DA:104,0
DA:105,0
DA:106,0
DA:108,0
DA:109,0
DA:110,0
DA:113,0
DA:114,0
DA:115,0
DA:118,0
DA:119,0
DA:124,0
DA:129,0
DA:131,0
DA:132,0
DA:133,0
DA:134,0
DA:137,0
DA:138,0
DA:140,0
DA:142,0
DA:145,0
DA:146,0
DA:147,0
DA:149,0
DA:152,0
DA:155,0
DA:156,0
DA:157,0
DA:159,0
DA:163,0
DA:164,0
DA:165,0
DA:166,0
DA:167,0
DA:168,0
DA:171,0
DA:172,0
DA:173,0
DA:175,0
DA:177,0
DA:181,0
DA:183,0
DA:184,0
DA:185,0
DA:186,0
DA:187,0
DA:188,0
DA:189,0
DA:190,0
DA:191,0
DA:192,0
DA:193,0
DA:194,0
DA:195,0
DA:197,0
DA:210,0
DA:211,0
DA:214,0
DA:215,0
DA:218,0
DA:219,0
DA:222,0
DA:227,0
DA:228,0
DA:229,0
DA:230,0
DA:231,0
DA:232,0
DA:233,0
DA:234,0
LF:95
LH:0
end_of_record
SF:lib\src\components\app_section.dart
DA:54,0
DA:88,0
DA:90,0
DA:92,0
DA:94,0
DA:95,0
DA:96,0
DA:97,0
DA:98,0
DA:99,0
DA:100,0
DA:101,0
DA:102,0
DA:103,0
DA:105,0
DA:106,0
DA:107,0
DA:108,0
DA:109,0
DA:110,0
DA:111,0
DA:112,0
DA:117,0
DA:118,0
DA:120,0
DA:121,0
DA:122,0
DA:125,0
DA:126,0
DA:131,0
DA:151,0
DA:153,0
DA:155,0
DA:156,0
DA:157,0
DA:161,0
DA:162,0
DA:163,0
DA:166,0
DA:167,0
DA:168,0
DA:171,0
DA:172,0
DA:173,0
DA:174,0
DA:177,0
DA:178,0
DA:179,0
DA:184,0
DA:185,0
DA:186,0
DA:187,0
DA:188,0
DA:189,0
DA:198,0
DA:199,0
DA:200,0
DA:201,0
DA:202,0
DA:203,0
DA:204,0
DA:205,0
DA:206,0
DA:207,0
DA:216,0
DA:234,0
DA:236,0
DA:238,0
DA:239,0
DA:240,0
DA:242,0
DA:245,0
DA:247,0
DA:248,0
DA:249,0
DA:250,0
DA:253,0
DA:254,0
DA:255,0
DA:256,0
DA:260,0
DA:261,0
DA:262,0
DA:263,0
DA:269,0
DA:271,0
DA:272,0
DA:273,0
DA:279,0
DA:280,0
DA:281,0
DA:282,0
DA:283,0
DA:284,0
DA:285,0
DA:286,0
DA:287,0
DA:288,0
DA:298,0
DA:316,0
DA:318,0
DA:319,0
DA:320,0
DA:322,0
DA:323,0
DA:324,0
DA:325,0
DA:326,0
DA:327,0
DA:328,0
DA:330,0
DA:331,0
DA:336,0
DA:337,0
DA:338,0
DA:341,0
DA:342,0
LF:117
LH:0
end_of_record
SF:lib\src\components\app_segmented_control.dart
DA:6,0
DA:19,0
DA:21,0
DA:23,0
DA:24,0
DA:25,0
DA:26,0
DA:27,0
DA:28,0
DA:29,0
DA:30,0
DA:31,0
DA:33,0
DA:34,0
DA:36,0
DA:37,0
DA:38,0
DA:41,0
DA:45,0
DA:46,0
DA:47,0
DA:48,0
DA:49,0
DA:53,0
DA:54,0
DA:55,0
DA:56,0
DA:57,0
DA:58,0
DA:60,0
DA:61,0
DA:62,0
DA:64,0
DA:65,0
LF:34
LH:0
end_of_record
SF:lib\src\components\app_shimmer.dart
DA:12,0
DA:16,0
DA:17,0
DA:24,0
DA:26,0
DA:27,0
DA:30,0
DA:33,0
DA:35,0
DA:36,0
DA:39,0
DA:41,0
DA:42,0
DA:43,0
DA:45,0
DA:46,0
DA:47,0
DA:48,0
DA:50,0
DA:51,0
DA:52,0
DA:53,0
DA:54,0
DA:55,0
DA:56,0
DA:57,0
DA:59,0
DA:64,0
DA:71,2
DA:82,0
DA:84,0
DA:85,0
DA:86,0
DA:87,0
DA:88,0
DA:89,0
DA:97,2
DA:101,0
DA:103,0
DA:104,0
DA:105,0
DA:106,0
DA:107,0
DA:117,2
DA:119,0
DA:121,0
DA:123,0
DA:124,0
DA:125,0
DA:126,0
DA:127,0
DA:154,0
DA:163,0
DA:165,0
DA:167,0
DA:168,0
DA:169,0
DA:170,0
DA:172,0
DA:173,0
DA:174,0
DA:175,0
DA:177,0
DA:178,0
DA:179,0
DA:180,0
DA:183,0
DA:185,0
DA:186,0
DA:187,0
DA:188,0
LF:71
LH:3
end_of_record
SF:lib\src\components\app_slider.dart
DA:7,0
DA:24,0
DA:26,0
DA:27,0
DA:29,0
DA:30,0
DA:34,0
DA:35,0
DA:36,0
DA:37,0
DA:38,0
DA:39,0
DA:41,0
DA:42,0
DA:43,0
DA:44,0
DA:45,0
LF:17
LH:0
end_of_record
SF:lib\src\components\app_snackbar.dart
DA:7,0
DA:31,0
DA:33,0
DA:35,0
DA:36,0
DA:37,0
DA:39,0
DA:40,0
DA:41,0
DA:42,0
DA:43,0
DA:44,0
DA:45,0
DA:47,0
DA:49,0
DA:50,0
DA:51,0
DA:52,0
DA:53,0
DA:54,0
DA:57,0
DA:58,0
DA:59,0
DA:60,0
DA:61,0
DA:62,0
DA:63,0
DA:64,0
DA:71,0
DA:72,0
DA:73,0
DA:74,0
DA:75,0
DA:76,0
DA:82,0
DA:83,0
DA:84,0
DA:87,0
DA:90,0
DA:91,0
DA:92,0
DA:93,0
DA:100,0
DA:114,0
DA:115,0
DA:116,0
DA:118,0
DA:119,0
DA:126,0
DA:127,0
DA:141,0
DA:150,0
DA:157,0
LF:53
LH:0
end_of_record
SF:lib\src\components\app_status_badge.dart
DA:11,0
DA:26,0
DA:28,0
DA:29,0
DA:30,0
DA:31,0
DA:32,0
DA:33,0
DA:36,0
DA:37,0
DA:38,0
DA:39,0
DA:40,0
DA:41,0
DA:42,0
DA:43,0
DA:47,0
DA:48,0
DA:49,0
DA:50,0
DA:52,0
DA:53,0
DA:54,0
DA:55,0
DA:57,0
DA:58,0
DA:59,0
DA:60,0
LF:28
LH:0
end_of_record
SF:lib\src\components\app_stepper.dart
DA:8,0
DA:25,0
DA:26,0
DA:28,0
DA:29,0
DA:31,0
DA:33,0
DA:34,0
DA:35,0
DA:36,0
DA:42,0
DA:44,0
DA:45,0
DA:46,0
DA:47,0
DA:48,0
DA:49,0
DA:51,0
DA:52,0
DA:53,0
DA:56,0
DA:57,0
DA:58,0
DA:59,0
DA:60,0
DA:62,0
DA:63,0
DA:64,0
DA:66,0
DA:69,0
DA:72,0
DA:73,0
DA:74,0
DA:75,0
DA:76,0
DA:85,0
DA:99,0
DA:101,0
DA:102,0
DA:104,0
DA:105,0
DA:106,0
LF:42
LH:0
end_of_record
SF:lib\src\components\app_switch.dart
DA:6,0
DA:13,0
DA:15,0
DA:16,0
DA:18,0
DA:19,0
DA:21,0
DA:22,0
DA:23,0
DA:24,0
DA:25,0
DA:26,0
DA:27,0
DA:28,0
DA:29,0
DA:30,0
DA:32,0
DA:33,0
DA:34,0
DA:35,0
DA:36,0
DA:37,0
DA:38,0
DA:39,0
DA:40,0
LF:25
LH:0
end_of_record
SF:lib\src\components\app_tab_bar.dart
DA:7,0
DA:16,0
DA:17,0
DA:19,0
DA:21,0
DA:23,0
DA:24,0
DA:25,0
DA:26,0
DA:27,0
DA:28,0
DA:29,0
DA:30,0
DA:31,0
DA:32,0
DA:33,0
DA:34,0
DA:35,0
DA:37,0
DA:38,0
DA:39,0
DA:40,0
DA:42,0
DA:44,0
DA:46,0
LF:25
LH:0
end_of_record
SF:lib\src\components\app_table_cell.dart
DA:6,0
DA:15,0
DA:17,0
DA:19,0
DA:21,0
DA:22,0
DA:23,0
DA:24,0
DA:26,0
DA:27,0
DA:28,0
DA:36,0
DA:37,0
DA:38,0
DA:41,0
DA:42,0
DA:43,0
DA:44,0
DA:48,0
DA:49,0
DA:50,0
DA:51,0
LF:22
LH:0
end_of_record
SF:lib\src\components\app_table_row.dart
DA:17,0
DA:77,0
DA:79,0
DA:80,0
DA:81,0
DA:83,0
DA:84,0
DA:86,0
DA:87,0
DA:88,0
DA:89,0
DA:90,0
DA:92,0
DA:93,0
DA:94,0
DA:95,0
DA:96,0
DA:97,0
DA:98,0
DA:100,0
DA:101,0
DA:102,0
DA:103,0
DA:106,0
DA:107,0
DA:108,0
DA:118,0
DA:119,0
DA:120,0
DA:121,0
DA:122,0
DA:123,0
DA:125,0
DA:126,0
DA:127,0
DA:128,0
DA:129,0
DA:130,0
DA:131,0
DA:133,0
DA:136,0
DA:140,0
DA:141,0
DA:142,0
DA:143,0
DA:145,0
DA:146,0
DA:147,0
DA:150,0
DA:151,0
DA:153,0
DA:154,0
DA:155,0
DA:156,0
DA:157,0
DA:158,0
DA:159,0
DA:161,0
DA:165,0
DA:166,0
DA:167,0
DA:170,0
DA:171,0
DA:172,0
DA:174,0
LF:65
LH:0
end_of_record
SF:lib\src\components\app_text_field.dart
DA:14,0
DA:61,0
DA:62,0
DA:71,0
DA:73,0
DA:75,0
DA:76,0
DA:77,0
DA:80,0
DA:83,0
DA:84,0
DA:85,0
DA:87,0
DA:88,0
DA:89,0
DA:90,0
DA:92,0
DA:93,0
DA:94,0
DA:95,0
DA:96,0
DA:97,0
DA:99,0
DA:102,0
DA:103,0
DA:104,0
DA:105,0
DA:106,0
DA:108,0
DA:110,0
DA:111,0
DA:112,0
DA:113,0
DA:114,0
DA:115,0
DA:116,0
DA:117,0
DA:118,0
DA:119,0
DA:120,0
DA:121,0
DA:122,0
DA:123,0
DA:125,0
DA:126,0
DA:127,0
DA:128,0
DA:129,0
DA:133,0
DA:135,0
DA:143,0
DA:144,0
DA:145,0
DA:147,0
DA:149,0
DA:150,0
DA:151,0
DA:152,0
DA:153,0
DA:154,0
DA:163,0
DA:164,0
DA:165,0
DA:167,0
DA:170,0
DA:176,0
DA:177,0
DA:178,0
DA:182,0
DA:184,0
DA:185,0
DA:186,0
DA:187,0
DA:189,0
DA:192,0
DA:195,0
DA:196,0
DA:198,0
DA:204,0
DA:210,0
DA:216,0
DA:223,0
DA:229,0
DA:238,0
DA:246,0
DA:248,0
DA:250,0
DA:251,0
DA:254,0
DA:255,0
DA:257,0
LF:91
LH:0
end_of_record
SF:lib\src\dimensions\app_radius.dart
DA:13,8
DA:16,0
DA:19,0
DA:22,0
DA:25,0
DA:27,12
DA:28,0
DA:29,0
DA:30,0
DA:31,0
LF:10
LH:2
end_of_record
SF:lib\src\dimensions\responsive_dimension.dart
DA:15,4
DA:16,12
DA:18,4
DA:19,4
DA:20,4
DA:21,4
DA:65,0
DA:68,8
DA:71,8
DA:74,0
DA:79,0
DA:82,0
DA:85,8
DA:88,0
DA:91,0
DA:94,0
DA:97,8
DA:102,0
DA:105,0
DA:110,8
DA:113,8
DA:116,8
DA:119,0
DA:122,0
DA:125,0
DA:128,0
DA:131,0
DA:134,0
DA:137,0
DA:140,0
DA:143,0
DA:146,0
DA:149,8
DA:154,0
DA:155,0
DA:156,0
DA:159,0
DA:160,8
DA:161,0
DA:164,0
DA:167,0
DA:170,0
DA:172,0
DA:173,0
DA:174,0
DA:175,0
DA:176,0
DA:179,0
DA:182,0
DA:183,0
DA:186,0
DA:189,0
DA:192,0
DA:195,0
DA:198,0
DA:201,0
DA:204,0
DA:207,0
DA:210,0
DA:213,0
DA:214,0
DA:217,0
DA:220,0
DA:222,0
DA:224,0
DA:226,0
DA:228,0
DA:230,0
DA:232,0
DA:235,0
DA:237,0
DA:239,0
DA:241,0
DA:243,0
DA:245,0
DA:247,0
DA:249,0
DA:255,0
DA:258,0
DA:261,0
DA:264,0
DA:267,0
DA:270,8
DA:273,8
DA:276,0
DA:279,8
DA:282,0
DA:285,8
DA:288,0
LF:89
LH:19
end_of_record
SF:lib\src\spacing\responsive_spacing.dart
DA:14,4
DA:15,12
DA:18,4
DA:19,4
DA:20,4
DA:21,4
DA:57,8
DA:60,8
DA:63,8
DA:67,0
DA:71,0
DA:75,0
DA:78,8
DA:81,0
DA:84,8
DA:87,0
DA:90,0
DA:93,0
DA:96,0
DA:99,0
DA:102,0
DA:105,0
DA:108,0
DA:111,0
DA:114,0
DA:117,0
DA:120,0
DA:123,0
DA:126,0
DA:129,0
LF:30
LH:11
end_of_record
SF:lib\src\theme\app_font.dart
DA:117,8
DA:118,4
DA:123,8
DA:124,4
DA:129,8
DA:130,4
DA:136,8
DA:137,4
DA:141,8
DA:142,4
DA:146,8
DA:147,4
DA:152,8
DA:153,4
DA:157,8
DA:158,4
DA:162,8
DA:163,4
DA:168,8
DA:169,4
DA:173,8
DA:174,4
DA:178,8
DA:179,4
DA:184,8
DA:185,4
DA:189,8
DA:190,4
DA:194,8
DA:195,4
DA:207,12
DA:208,12
DA:209,12
DA:211,12
DA:212,12
DA:213,12
DA:215,12
DA:216,12
DA:217,12
DA:219,12
DA:220,12
DA:221,12
DA:223,12
DA:224,12
DA:225,12
DA:239,0
DA:240,0
DA:245,0
DA:246,0
DA:251,0
DA:252,0
DA:258,0
DA:259,0
DA:263,0
DA:264,0
DA:268,0
DA:269,0
DA:274,0
DA:275,0
DA:279,0
DA:280,0
DA:284,0
DA:285,0
DA:290,0
DA:291,0
DA:295,0
DA:296,0
DA:300,0
DA:301,0
DA:306,0
DA:307,0
DA:311,0
DA:312,0
DA:316,0
DA:317,0
DA:329,0
DA:330,0
DA:331,0
DA:333,0
DA:334,0
DA:335,0
DA:337,0
DA:338,0
DA:339,0
DA:341,0
DA:342,0
DA:343,0
DA:345,0
DA:346,0
DA:347,0
DA:355,0
DA:358,0
DA:361,0
DA:364,0
DA:367,0
DA:370,0
LF:96
LH:45
end_of_record
SF:lib\src\theme\app_theme.dart
DA:47,4
DA:48,4
DA:50,0
DA:51,0
DA:55,4
DA:59,4
DA:62,4
DA:64,4
DA:65,4
DA:66,4
DA:67,4
DA:68,4
DA:69,4
DA:70,4
DA:71,4
DA:72,4
DA:73,4
DA:74,4
DA:75,4
DA:76,4
DA:77,4
DA:78,4
DA:79,4
DA:80,4
DA:81,4
DA:82,4
DA:83,4
DA:86,4
DA:97,4
DA:100,4
DA:105,4
DA:110,4
DA:115,4
DA:119,4
DA:124,4
DA:129,4
DA:134,4
DA:139,4
DA:147,4
DA:153,4
DA:154,4
DA:155,4
DA:157,4
DA:161,4
DA:163,4
DA:165,4
DA:166,4
DA:167,8
DA:170,4
DA:171,4
DA:172,4
DA:173,4
DA:174,4
DA:175,4
DA:178,4
DA:179,8
DA:181,4
DA:182,4
DA:183,4
DA:184,4
DA:187,8
DA:188,4
DA:189,4
DA:190,8
DA:193,5
DA:194,1
DA:199,1
DA:201,5
DA:202,1
DA:207,1
DA:211,4
DA:216,4
DA:221,4
DA:222,4
DA:223,4
DA:224,4
DA:227,4
DA:228,8
DA:230,4
DA:231,4
DA:232,8
DA:235,4
DA:236,0
DA:241,0
DA:243,4
DA:244,0
DA:249,0
DA:250,0
DA:257,4
DA:258,4
DA:259,4
DA:262,4
DA:263,0
DA:268,0
DA:270,4
DA:271,0
DA:276,0
DA:278,4
DA:279,4
DA:280,8
DA:286,4
DA:292,4
DA:298,4
DA:303,4
DA:305,4
DA:306,0
DA:310,0
DA:311,0
DA:312,0
DA:314,4
DA:315,0
DA:319,0
DA:320,0
DA:321,0
DA:325,4
DA:330,4
DA:335,4
DA:340,4
DA:346,4
DA:352,4
DA:355,4
DA:356,4
DA:358,4
DA:359,4
DA:360,4
DA:365,4
DA:367,4
DA:368,4
DA:369,4
DA:370,4
DA:371,4
DA:372,4
DA:373,4
DA:374,4
DA:375,4
DA:376,4
DA:377,4
DA:378,4
DA:379,4
DA:380,4
DA:381,4
DA:382,4
DA:383,12
DA:385,4
LF:144
LH:125
end_of_record
SF:lib\src\theme\colors\app_colors.dart
DA:19,2
DA:133,12
DA:134,12
DA:136,0
DA:137,0
DA:138,0
DA:139,0
DA:141,0
DA:142,0
DA:143,0
DA:144,0
DA:146,0
DA:147,0
DA:148,16
DA:149,0
DA:150,0
DA:151,0
DA:152,0
DA:153,0
DA:154,0
DA:155,0
DA:157,0
DA:158,0
DA:159,0
DA:160,0
DA:161,0
DA:162,0
DA:163,0
DA:165,0
DA:166,0
DA:167,0
DA:169,0
DA:170,0
DA:171,0
DA:172,0
DA:174,0
DA:175,0
DA:176,0
DA:177,0
DA:179,0
DA:180,0
DA:181,0
DA:182,0
DA:184,0
DA:185,0
DA:186,0
DA:188,0
DA:235,0
DA:236,0
DA:237,0
DA:238,0
DA:239,0
DA:240,0
DA:241,0
DA:242,0
DA:243,0
DA:244,0
DA:245,0
DA:246,0
DA:247,0
DA:248,0
DA:249,0
DA:250,0
DA:251,0
DA:252,0
DA:253,0
DA:254,0
DA:255,0
DA:256,0
DA:257,0
DA:258,0
DA:259,0
DA:260,0
DA:261,0
DA:262,0
DA:263,0
DA:264,0
DA:265,0
DA:266,0
DA:267,0
DA:268,0
DA:269,0
DA:270,0
DA:271,0
DA:272,0
DA:273,0
DA:274,0
DA:275,0
DA:276,0
DA:277,0
DA:278,0
DA:279,0
DA:283,0
DA:285,0
DA:286,0
DA:287,0
DA:288,0
DA:289,0
DA:290,0
DA:291,0
DA:292,0
DA:293,0
DA:294,0
DA:295,0
DA:296,0
DA:297,0
DA:298,0
DA:299,0
DA:300,0
DA:301,0
DA:304,0
DA:305,0
DA:306,0
DA:307,0
DA:308,0
DA:309,0
DA:310,0
DA:311,0
DA:313,0
DA:315,0
DA:316,0
DA:317,0
DA:318,0
DA:319,0
DA:320,0
DA:321,0
DA:324,0
DA:325,0
DA:327,0
DA:329,0
DA:330,0
DA:331,0
DA:332,0
DA:333,0
DA:334,0
DA:335,0
DA:336,0
DA:337,0
DA:338,0
DA:339,0
DA:340,0
DA:341,0
DA:342,0
DA:343,0
DA:346,0
DA:347,0
DA:348,0
DA:358,6
LF:148
LH:5
end_of_record
SF:lib\src\theme\colors\field_tokens.dart
DA:28,8
DA:30,4
DA:31,4
DA:34,4
DA:40,4
DA:41,0
DA:44,8
DA:47,4
DA:48,4
DA:51,4
DA:55,4
DA:58,4
DA:59,4
DA:62,4
DA:68,0
DA:69,0
DA:72,4
DA:75,0
DA:81,0
DA:82,0
DA:85,0
DA:88,4
DA:89,4
DA:92,4
DA:97,8
DA:99,4
DA:101,4
DA:105,0
DA:111,0
DA:112,0
DA:115,0
DA:119,4
DA:125,8
DA:126,4
DA:129,4
DA:133,4
DA:138,8
DA:139,4
DA:142,4
DA:146,4
DA:151,8
DA:152,4
DA:155,4
DA:159,4
DA:160,4
DA:162,0
DA:163,4
DA:164,4
DA:165,4
DA:166,4
DA:170,0
DA:171,0
DA:172,0
DA:175,0
DA:176,0
DA:177,0
DA:180,4
DA:181,8
DA:183,4
DA:187,4
DA:188,4
DA:189,4
DA:193,4
DA:198,4
DA:199,4
DA:200,4
DA:201,4
DA:203,4
DA:205,4
DA:207,4
DA:208,4
DA:209,4
DA:210,4
DA:212,4
DA:213,4
DA:214,4
DA:215,4
DA:216,4
DA:217,4
DA:218,8
DA:219,4
DA:220,4
DA:221,4
DA:224,4
DA:225,4
LF:85
LH:67
end_of_record
SF:lib\src\theme\typography\app_typography.dart
DA:48,4
DA:128,0
DA:161,0
DA:162,0
DA:163,0
DA:164,0
DA:165,0
DA:166,0
DA:167,0
DA:168,0
DA:169,0
DA:170,0
DA:171,0
DA:172,0
DA:173,0
DA:174,0
DA:175,0
DA:176,0
DA:177,0
DA:178,0
DA:179,0
DA:180,0
DA:181,0
DA:182,0
DA:183,0
DA:184,0
DA:185,0
DA:186,0
DA:187,0
DA:188,0
DA:189,0
DA:190,0
DA:191,0
DA:195,0
DA:197,0
DA:198,0
DA:199,0
DA:201,0
DA:202,0
DA:203,0
DA:204,0
DA:205,0
DA:206,0
DA:207,0
DA:208,0
DA:209,0
DA:210,0
DA:211,0
DA:212,0
DA:213,0
DA:214,0
DA:215,0
DA:216,0
DA:217,0
DA:218,0
DA:219,0
DA:220,0
DA:221,0
DA:222,0
DA:223,0
DA:224,0
DA:225,0
DA:226,0
DA:227,0
DA:228,0
DA:229,0
DA:230,0
DA:231,0
DA:237,6
DA:242,0
DA:243,0
DA:245,0
DA:246,0
DA:248,0
DA:249,0
DA:251,0
DA:252,0
DA:256,4
DA:257,4
DA:259,4
DA:260,4
DA:261,4
DA:262,4
DA:263,4
DA:264,4
DA:265,4
DA:266,4
DA:267,4
DA:268,4
DA:269,4
DA:270,4
DA:271,4
DA:272,4
DA:273,4
DA:274,4
DA:275,4
DA:276,4
DA:277,4
DA:278,4
DA:279,4
DA:280,4
DA:281,4
DA:282,4
DA:283,4
DA:284,4
DA:285,4
DA:286,4
DA:288,4
DA:289,4
LF:109
LH:34
end_of_record
SF:lib\src\theme\typography\device_class.dart
DA:53,0
DA:56,0
DA:61,0
DA:63,0
DA:71,0
DA:73,0
DA:75,0
DA:76,0
DA:77,0
DA:78,0
DA:79,0
LF:11
LH:0
end_of_record
SF:lib\src\theme\typography\responsive_font_scale.dart
DA:27,4
DA:31,24
DA:34,4
DA:35,4
DA:36,4
DA:37,4
DA:45,0
DA:50,12
LF:8
LH:7
end_of_record
SF:lib\src\theme\typography\type_scale.dart
DA:27,8
DA:28,8
DA:29,8
DA:41,8
DA:48,8
DA:55,8
DA:62,8
DA:69,0
DA:70,0
DA:71,0
DA:73,0
DA:74,0
DA:75,0
DA:77,0
DA:78,0
DA:79,0
DA:81,0
DA:82,0
DA:83,0
DA:85,0
DA:86,0
DA:87,0
LF:22
LH:7
end_of_record
SF:lib\src\theme\tokens\action_sheet_tokens.dart
DA:11,0
DA:58,0
DA:63,0
DA:65,0
DA:66,0
DA:67,0
DA:68,0
DA:69,0
DA:71,0
DA:72,0
DA:74,0
DA:76,0
DA:77,0
DA:78,0
DA:80,0
DA:84,0
DA:87,0
DA:88,0
LF:18
LH:0
end_of_record
SF:lib\src\theme\tokens\avatar_tokens.dart
DA:20,0
DA:39,0
DA:40,0
DA:41,0
DA:44,0
DA:49,0
DA:51,0
DA:53,0
DA:54,0
DA:55,0
DA:56,0
LF:11
LH:0
end_of_record
SF:lib\src\theme\tokens\avatar_stack_tokens.dart
DA:10,0
DA:35,0
DA:39,0
DA:40,0
DA:41,0
DA:42,0
DA:43,0
DA:44,0
DA:45,0
DA:46,0
DA:47,0
DA:49,0
LF:12
LH:0
end_of_record
SF:lib\src\components\internal\overlay_drag_handle.dart
DA:8,1
DA:19,1
DA:21,1
DA:22,1
DA:23,1
DA:24,1
DA:25,1
DA:26,1
DA:27,3
LF:9
LH:9
end_of_record
SF:lib\src\theme\tokens\bottom_sheet_tokens.dart
DA:13,4
DA:80,4
DA:85,4
DA:87,4
DA:88,4
DA:89,8
DA:91,4
DA:92,4
DA:93,4
DA:95,4
DA:96,4
DA:97,8
DA:99,4
DA:101,8
DA:102,4
DA:104,4
DA:105,4
DA:111,4
DA:116,4
DA:122,4
DA:123,4
DA:124,4
DA:125,8
DA:126,4
LF:24
LH:24
end_of_record
SF:lib\src\theme\tokens\bottom_nav_tokens.dart
DA:11,0
DA:23,4
DA:40,4
DA:61,4
DA:65,0
DA:67,0
DA:70,0
DA:75,0
DA:80,0
DA:81,0
DA:87,4
DA:92,4
DA:93,4
DA:101,4
DA:106,4
DA:107,12
DA:109,8
DA:110,4
DA:111,4
DA:114,4
DA:115,4
DA:116,4
DA:118,4
DA:119,4
DA:120,0
DA:121,4
DA:122,4
DA:124,4
DA:126,4
DA:128,4
DA:130,4
DA:131,4
DA:132,0
DA:137,4
DA:142,4
DA:148,4
DA:149,4
DA:152,8
DA:153,8
DA:154,8
DA:155,8
LF:41
LH:32
end_of_record
SF:lib\src\theme\tokens\button_tokens.dart
DA:58,1
DA:68,0
DA:83,0
DA:84,0
DA:85,0
DA:86,0
DA:89,0
DA:90,0
DA:91,0
DA:92,0
DA:94,0
DA:95,0
DA:96,0
DA:100,0
DA:101,0
DA:103,0
DA:104,0
DA:106,0
DA:108,0
DA:111,1
DA:117,1
DA:118,2
DA:119,2
DA:120,2
DA:121,2
DA:123,1
DA:125,1
DA:126,1
DA:129,0
DA:139,0
DA:147,1
DA:156,1
DA:164,2
DA:165,1
DA:166,1
DA:169,0
DA:170,0
DA:171,0
DA:174,0
DA:176,0
DA:177,0
DA:179,0
DA:181,0
DA:184,0
DA:185,0
DA:186,0
DA:192,0
DA:200,0
DA:201,0
DA:202,0
DA:205,0
DA:206,0
DA:207,0
DA:210,0
DA:212,0
DA:213,0
DA:215,0
DA:216,0
DA:217,0
DA:220,0
DA:221,0
DA:222,0
DA:228,0
DA:238,0
DA:239,0
DA:240,0
DA:242,0
DA:243,0
DA:245,0
DA:246,0
DA:247,0
DA:250,0
DA:251,0
DA:252,0
DA:259,0
DA:261,0
DA:262,0
DA:264,0
DA:265,0
DA:266,0
DA:269,0
DA:270,0
DA:271,0
DA:278,0
DA:282,0
DA:284,0
DA:285,0
DA:291,0
DA:292,0
DA:295,0
DA:296,0
DA:297,0
DA:302,0
DA:303,0
DA:305,0
DA:311,0
DA:312,0
DA:313,0
DA:314,0
DA:315,0
DA:318,0
DA:319,0
DA:323,0
DA:325,0
DA:326,0
DA:331,0
DA:332,0
DA:333,0
DA:336,0
DA:337,0
DA:338,0
DA:341,0
DA:343,0
DA:344,0
DA:346,0
DA:348,0
LF:116
LH:15
end_of_record
SF:lib\src\theme\tokens\button_group_tokens.dart
DA:10,0
DA:26,0
DA:27,0
DA:28,0
LF:4
LH:0
end_of_record
SF:lib\src\theme\tokens\date_picker_tokens.dart
DA:9,4
DA:31,4
DA:63,4
DA:68,8
DA:69,4
DA:71,4
DA:72,4
DA:73,12
DA:74,4
DA:75,4
DA:76,4
DA:77,4
DA:78,8
DA:84,4
DA:89,8
DA:90,4
DA:92,4
DA:93,4
DA:94,4
DA:95,8
DA:97,4
DA:99,8
DA:100,4
DA:102,4
DA:103,4
DA:104,4
DA:105,4
DA:106,8
DA:107,4
DA:115,4
DA:120,4
DA:126,4
DA:127,4
DA:128,4
DA:129,4
DA:130,4
DA:131,4
DA:132,4
DA:133,0
DA:134,0
DA:136,0
DA:138,4
DA:139,0
DA:140,0
DA:144,8
DA:145,4
DA:146,8
LF:47
LH:42
end_of_record
SF:lib\src\theme\tokens\checkbox_tokens.dart
DA:11,4
DA:42,4
DA:46,8
DA:47,4
DA:49,4
DA:50,4
DA:51,8
DA:54,4
DA:56,4
DA:57,4
DA:59,4
DA:60,4
DA:61,4
DA:65,4
DA:69,4
DA:71,4
DA:74,4
DA:75,4
DA:76,4
DA:77,4
DA:78,4
DA:81,4
DA:82,4
DA:83,4
DA:85,4
DA:86,0
DA:87,0
DA:88,0
DA:91,0
DA:92,0
DA:96,4
DA:97,0
DA:98,0
DA:100,0
LF:34
LH:26
end_of_record
SF:lib\src\theme\tokens\chip_tokens.dart
DA:34,4
DA:44,0
DA:51,0
DA:52,0
DA:53,0
DA:56,0
DA:57,0
DA:58,0
DA:59,0
DA:62,4
DA:65,4
DA:66,4
DA:68,4
DA:69,0
DA:71,0
DA:74,4
DA:75,0
DA:77,0
DA:80,8
DA:81,4
DA:87,0
DA:89,0
DA:90,0
DA:92,4
DA:97,8
DA:98,4
DA:99,4
DA:102,4
DA:106,4
DA:113,4
DA:114,12
DA:115,8
DA:116,8
DA:118,4
DA:119,0
DA:120,0
DA:121,0
DA:126,4
DA:127,0
DA:128,0
DA:129,0
DA:134,4
DA:137,0
DA:139,0
DA:140,0
DA:143,0
DA:145,0
DA:146,0
DA:152,4
DA:153,4
DA:154,4
DA:159,4
DA:160,4
DA:161,4
DA:166,4
DA:171,4
DA:177,4
DA:184,4
DA:185,4
DA:186,4
DA:187,4
DA:188,4
DA:189,4
DA:190,4
LF:64
LH:37
end_of_record
SF:lib\src\theme\tokens\divider_tokens.dart
DA:17,4
DA:40,4
DA:44,8
DA:45,4
DA:47,4
DA:48,4
DA:49,4
DA:50,4
DA:51,4
DA:52,4
DA:56,4
DA:60,4
DA:62,4
DA:63,4
DA:64,4
DA:65,4
LF:16
LH:16
end_of_record
SF:lib\src\theme\tokens\feature_icon_tokens.dart
DA:46,0
DA:69,0
DA:76,0
DA:77,0
DA:78,0
DA:79,0
DA:81,0
DA:82,0
DA:83,0
DA:84,0
DA:86,0
DA:87,0
DA:88,0
DA:89,0
DA:91,0
DA:92,0
DA:93,0
DA:94,0
DA:96,0
DA:97,0
DA:98,0
DA:99,0
DA:104,0
DA:106,0
DA:110,0
DA:120,0
DA:129,0
DA:130,0
DA:133,0
DA:134,0
DA:137,0
DA:138,0
DA:141,0
DA:142,0
DA:145,0
DA:146,0
DA:151,0
LF:37
LH:0
end_of_record
SF:lib\src\theme\tokens\grouped_key_value_list_tokens.dart
DA:10,0
DA:26,0
DA:51,0
DA:56,0
DA:61,0
DA:62,0
DA:64,0
DA:65,0
DA:66,0
DA:67,0
DA:68,0
DA:69,0
DA:70,0
DA:71,0
DA:72,0
LF:15
LH:0
end_of_record
SF:lib\src\theme\tokens\icon_button_tokens.dart
DA:17,0
DA:34,0
DA:40,0
DA:41,0
DA:42,0
DA:44,0
DA:45,0
DA:46,0
DA:50,0
DA:53,0
DA:54,0
LF:11
LH:0
end_of_record
SF:lib\src\theme\tokens\key_value_card_tokens.dart
DA:11,0
DA:38,0
DA:43,0
DA:44,0
DA:45,0
DA:47,0
DA:48,0
DA:49,0
DA:50,0
DA:51,0
DA:52,0
DA:53,0
DA:54,0
DA:55,0
DA:58,0
DA:60,0
DA:61,0
DA:62,0
DA:65,0
LF:19
LH:0
end_of_record
SF:lib\src\theme\tokens\nav_bar_tokens.dart
DA:19,4
DA:49,4
DA:89,4
DA:97,0
DA:102,0
DA:103,0
DA:104,0
DA:108,0
DA:113,0
DA:118,0
DA:119,0
DA:139,4
DA:144,4
DA:145,4
DA:150,4
DA:158,4
DA:163,4
DA:164,8
DA:166,4
DA:167,4
DA:168,4
DA:169,4
DA:170,4
DA:171,8
DA:172,4
DA:174,4
DA:176,8
DA:177,4
DA:180,4
DA:182,4
DA:183,4
DA:184,4
DA:185,4
DA:186,4
DA:188,8
DA:189,8
DA:192,4
DA:197,4
DA:202,4
DA:203,8
DA:204,4
DA:206,4
DA:207,4
DA:208,4
DA:209,4
DA:210,4
DA:211,8
DA:214,4
DA:216,8
DA:219,4
DA:221,8
DA:223,4
DA:225,4
DA:226,4
DA:227,4
DA:228,4
DA:229,4
DA:230,4
DA:231,4
DA:232,4
DA:233,4
DA:235,8
DA:236,8
DA:239,4
DA:244,4
DA:249,4
DA:255,4
DA:256,4
DA:257,8
DA:261,4
DA:262,4
DA:263,4
DA:264,4
DA:266,4
DA:267,4
DA:268,4
LF:76
LH:68
end_of_record
SF:lib\src\shared_ui\app_entity_list_item.dart
DA:15,0
DA:44,0
DA:46,0
DA:47,0
DA:48,0
DA:49,0
DA:52,0
DA:53,0
DA:54,0
DA:55,0
DA:56,0
DA:57,0
DA:58,0
DA:59,0
DA:60,0
DA:61,0
DA:63,0
DA:64,0
DA:68,0
DA:69,0
DA:70,0
DA:71,0
DA:75,0
DA:76,0
DA:77,0
DA:78,0
DA:79,0
DA:87,0
DA:88,0
DA:89,0
DA:94,0
DA:95,0
DA:96,0
DA:102,0
DA:103,0
DA:104,0
DA:105,0
DA:106,0
DA:109,0
DA:110,0
DA:111,0
DA:113,0
DA:114,0
LF:43
LH:0
end_of_record
SF:lib\src\theme\tokens\list_card_tokens.dart
DA:24,0
DA:59,0
DA:64,0
DA:67,0
DA:69,0
DA:70,0
DA:71,0
DA:72,0
DA:73,0
DA:74,0
DA:75,0
DA:76,0
DA:77,0
DA:78,0
DA:81,0
DA:83,0
DA:84,0
DA:85,0
DA:88,0
DA:91,0
DA:92,0
DA:93,0
DA:94,0
DA:95,0
DA:96,0
DA:97,0
DA:98,0
DA:99,0
DA:100,0
DA:101,0
DA:104,0
DA:106,0
DA:107,0
DA:108,0
DA:111,0
LF:35
LH:0
end_of_record
SF:lib\src\theme\tokens\loading_indicator_tokens.dart
DA:45,2
DA:51,0
DA:55,0
DA:56,0
LF:4
LH:1
end_of_record
SF:lib\src\theme\tokens\map_link_card_tokens.dart
DA:11,0
DA:43,0
DA:48,0
DA:49,0
DA:51,0
DA:52,0
DA:53,0
DA:54,0
DA:55,0
DA:56,0
DA:57,0
DA:58,0
DA:59,0
DA:60,0
DA:62,0
DA:64,0
DA:65,0
DA:66,0
DA:68,0
DA:70,0
DA:71,0
LF:21
LH:0
end_of_record
SF:lib\src\theme\tokens\overlay_tokens.dart
DA:37,2
LF:1
LH:1
end_of_record
SF:lib\src\shared_ui\app_empty_state.dart
DA:22,1
DA:37,1
DA:39,1
DA:40,1
DA:41,1
DA:42,1
DA:43,1
DA:44,1
DA:52,1
DA:73,1
DA:75,1
DA:76,1
DA:77,1
DA:80,1
DA:81,1
DA:82,1
DA:83,1
DA:84,1
DA:85,1
DA:87,1
DA:89,1
DA:90,1
DA:91,2
DA:92,1
DA:93,1
DA:94,1
DA:95,1
DA:96,1
DA:97,1
DA:98,1
DA:101,2
DA:102,1
DA:103,1
DA:104,1
DA:110,2
DA:111,0
DA:112,0
DA:113,0
DA:114,0
DA:115,0
DA:116,0
DA:117,0
DA:118,0
DA:120,0
DA:123,0
DA:124,0
DA:126,0
DA:127,0
DA:128,0
DA:129,0
DA:141,1
DA:142,1
DA:143,1
DA:147,0
DA:148,0
DA:149,0
DA:150,0
DA:160,1
DA:173,1
DA:175,1
DA:177,1
DA:178,1
DA:183,1
DA:184,1
DA:185,1
DA:186,1
DA:194,1
DA:211,1
DA:213,1
DA:214,1
DA:216,1
DA:217,1
DA:219,1
DA:220,1
DA:221,1
DA:222,1
DA:223,1
DA:224,1
LF:78
LH:59
end_of_record
SF:lib\src\theme\tokens\notification_badge_tokens.dart
DA:9,0
DA:29,0
DA:33,0
DA:34,0
DA:35,0
DA:37,0
DA:38,0
DA:39,0
DA:42,0
LF:9
LH:0
end_of_record
SF:lib\src\theme\tokens\page_indicator_tokens.dart
DA:11,0
DA:31,0
DA:35,0
DA:36,0
DA:38,0
DA:39,0
DA:40,0
DA:42,0
DA:43,0
DA:44,0
LF:10
LH:0
end_of_record
SF:lib\src\theme\tokens\dialog_tokens.dart
DA:26,4
DA:64,0
DA:66,0
DA:67,0
DA:68,0
DA:69,0
DA:70,0
DA:74,0
DA:76,0
DA:77,0
DA:78,0
DA:86,4
DA:91,0
DA:93,0
DA:96,0
DA:101,0
DA:106,0
DA:107,0
DA:133,4
DA:138,4
DA:139,4
DA:147,4
DA:152,4
DA:153,4
DA:154,4
DA:155,4
DA:156,4
DA:158,4
DA:159,4
DA:160,4
DA:161,16
DA:164,4
DA:165,4
DA:171,4
DA:172,4
DA:173,4
DA:174,8
DA:176,4
DA:178,8
DA:179,4
DA:181,4
DA:182,4
DA:183,4
DA:184,4
DA:185,4
DA:186,4
DA:187,4
LF:47
LH:31
end_of_record
SF:lib\src\theme\tokens\progress_tokens.dart
DA:11,0
DA:30,0
DA:34,0
DA:35,0
DA:37,0
DA:38,0
DA:39,0
DA:40,0
DA:41,0
LF:9
LH:0
end_of_record
SF:lib\src\theme\tokens\radio_tokens.dart
DA:11,4
DA:37,4
DA:41,8
DA:42,4
DA:44,4
DA:45,4
DA:47,4
DA:49,4
DA:50,4
DA:52,4
DA:53,4
DA:54,4
DA:58,4
DA:62,4
DA:64,4
DA:65,4
DA:66,0
DA:67,0
DA:68,0
DA:69,0
DA:71,0
DA:72,0
DA:74,0
LF:23
LH:16
end_of_record
SF:lib\src\theme\tokens\search_bar_tokens.dart
DA:12,4
DA:46,4
DA:51,0
DA:53,0
DA:56,0
DA:61,0
DA:66,0
DA:67,0
DA:74,4
DA:79,4
DA:80,4
DA:88,4
DA:93,4
DA:95,8
DA:96,4
DA:102,4
DA:103,4
DA:104,8
DA:105,4
DA:106,4
DA:107,8
DA:108,8
DA:109,4
DA:110,4
DA:112,4
DA:113,4
DA:114,4
DA:115,4
DA:116,4
DA:117,4
LF:30
LH:24
end_of_record
SF:lib\src\theme\tokens\segmented_control_tokens.dart
DA:13,4
DA:44,4
DA:49,0
DA:51,0
DA:54,0
DA:62,0
DA:67,0
DA:68,0
DA:70,0
DA:71,0
DA:72,0
DA:73,0
DA:74,0
DA:75,0
DA:85,4
DA:90,4
DA:91,4
DA:100,4
DA:107,4
DA:108,4
DA:110,0
DA:111,4
DA:114,0
DA:115,0
DA:116,0
DA:120,4
DA:122,4
DA:123,4
DA:124,4
DA:125,4
DA:126,4
DA:127,8
DA:131,8
DA:133,8
DA:134,4
DA:135,12
DA:137,8
DA:142,4
DA:144,8
DA:145,4
DA:149,4
DA:151,4
DA:152,4
DA:153,4
LF:44
LH:28
end_of_record
SF:lib\src\theme\tokens\slider_tokens.dart
DA:15,4
DA:52,4
DA:56,8
DA:57,4
DA:59,4
DA:60,4
DA:61,4
DA:62,4
DA:63,0
DA:64,4
DA:65,4
DA:66,4
DA:67,4
DA:68,8
DA:72,4
DA:76,4
DA:78,4
DA:79,4
DA:80,4
DA:81,4
DA:82,4
DA:83,4
DA:84,8
DA:85,8
DA:87,4
DA:88,4
DA:89,4
DA:90,4
DA:91,4
DA:99,4
DA:111,0
DA:113,0
DA:115,0
DA:130,0
DA:133,0
DA:134,0
DA:135,0
DA:137,0
DA:138,0
DA:139,0
DA:141,0
DA:142,0
DA:143,0
DA:144,0
DA:145,0
LF:45
LH:29
end_of_record
SF:lib\src\theme\tokens\snackbar_tokens.dart
DA:32,4
DA:60,0
DA:62,0
DA:63,0
DA:64,0
DA:73,4
DA:83,0
DA:84,0
DA:85,0
DA:86,0
DA:89,0
DA:95,0
DA:96,0
DA:97,0
DA:98,0
DA:102,0
DA:107,0
DA:112,0
DA:113,0
DA:129,4
DA:134,4
DA:135,4
DA:141,4
DA:147,4
DA:156,0
DA:162,0
DA:170,4
DA:176,8
DA:177,8
DA:178,8
DA:179,8
DA:180,4
DA:181,4
DA:183,4
DA:185,8
DA:186,8
DA:187,8
DA:189,8
DA:190,4
DA:191,4
DA:192,4
DA:193,4
DA:194,4
DA:195,4
DA:196,8
DA:197,4
DA:198,4
DA:200,8
DA:202,4
DA:203,8
DA:204,4
DA:206,8
DA:207,8
DA:208,4
DA:210,4
LF:55
LH:36
end_of_record
SF:lib\src\theme\tokens\stat_card_tokens.dart
DA:10,0
DA:44,0
DA:48,0
DA:49,0
DA:50,0
DA:51,0
DA:52,0
DA:53,0
DA:54,0
DA:56,0
DA:58,0
DA:60,0
DA:62,0
LF:13
LH:0
end_of_record
SF:lib\src\theme\tokens\status_badge_tokens.dart
DA:38,0
DA:65,0
DA:73,0
DA:74,0
DA:75,0
DA:77,0
DA:78,0
DA:79,0
DA:81,0
DA:82,0
DA:83,0
DA:85,0
DA:86,0
DA:87,0
DA:92,0
DA:93,0
DA:94,0
DA:97,0
DA:100,0
DA:101,0
DA:102,0
DA:104,0
DA:105,0
DA:106,0
LF:24
LH:0
end_of_record
SF:lib\src\theme\tokens\stepper_tokens.dart
DA:18,0
DA:50,0
DA:51,0
DA:53,0
DA:54,0
DA:56,0
DA:57,0
DA:59,0
DA:60,0
DA:77,0
DA:82,0
DA:83,0
DA:85,0
DA:86,0
DA:87,0
DA:88,0
DA:89,0
DA:90,0
DA:91,0
DA:92,0
DA:93,0
DA:94,0
DA:95,0
DA:96,0
DA:98,0
DA:100,0
DA:101,0
DA:102,0
LF:28
LH:0
end_of_record
SF:lib\src\theme\tokens\switch_tokens.dart
DA:9,4
DA:42,0
DA:44,0
DA:46,0
DA:49,0
DA:51,0
DA:53,0
DA:56,0
DA:60,0
DA:67,4
DA:72,0
DA:74,0
DA:77,0
DA:82,0
DA:96,4
DA:100,4
DA:101,4
DA:105,4
DA:109,4
DA:111,4
DA:112,4
DA:113,4
DA:114,4
DA:115,4
DA:116,12
DA:119,0
DA:120,12
DA:121,4
DA:122,4
DA:123,4
DA:125,0
DA:126,12
DA:128,0
DA:129,12
DA:131,0
DA:132,12
DA:134,0
DA:135,12
LF:38
LH:21
end_of_record
SF:lib\src\theme\tokens\tab_bar_tokens.dart
DA:9,4
DA:38,4
DA:42,0
DA:44,0
DA:47,0
DA:52,0
DA:57,0
DA:58,0
DA:64,4
DA:69,4
DA:70,4
DA:78,4
DA:83,4
DA:84,12
DA:86,8
DA:87,4
DA:93,4
DA:94,4
DA:95,4
DA:96,4
DA:97,4
DA:98,4
DA:99,4
DA:100,12
DA:101,8
DA:102,8
DA:104,4
DA:108,4
DA:113,4
DA:119,4
DA:120,4
DA:121,4
DA:122,4
DA:124,4
DA:125,4
DA:126,4
DA:127,4
DA:129,4
DA:131,4
DA:133,4
DA:134,4
DA:135,4
LF:42
LH:36
end_of_record
SF:lib\src\theme\tokens\table_tokens.dart
DA:11,4
DA:28,4
DA:92,4
DA:100,0
DA:105,0
DA:106,0
DA:107,0
DA:111,0
DA:116,0
DA:121,0
DA:122,0
DA:129,4
DA:134,4
DA:135,4
DA:136,4
DA:140,4
DA:144,4
DA:145,4
DA:146,8
DA:147,4
DA:148,4
DA:150,4
DA:152,8
DA:153,4
DA:154,4
DA:156,4
DA:158,4
DA:162,4
DA:166,4
DA:167,4
DA:168,4
DA:169,4
DA:170,4
DA:171,4
DA:172,4
DA:173,4
DA:174,4
DA:175,8
DA:176,4
DA:177,4
DA:179,4
DA:181,4
LF:42
LH:34
end_of_record
SF:lib\src\theme\tokens\wizard_step_tokens.dart
DA:9,0
DA:37,0
DA:42,0
DA:43,0
DA:44,0
DA:46,0
DA:47,0
DA:48,0
DA:49,0
DA:50,0
DA:51,0
DA:52,0
DA:53,0
DA:54,0
DA:56,0
LF:15
LH:0
end_of_record
SF:lib\src\shared_ui\app_confirmation_content.dart
DA:14,0
DA:43,0
DA:45,0
DA:46,0
DA:47,0
DA:48,0
DA:54,0
DA:56,0
DA:58,0
DA:60,0
DA:61,0
DA:62,0
DA:63,0
DA:64,0
DA:67,0
DA:70,0
DA:71,0
DA:72,0
DA:73,0
DA:74,0
DA:76,0
DA:79,0
DA:80,0
DA:81,0
DA:82,0
DA:84,0
DA:85,0
DA:86,0
DA:87,0
DA:88,0
DA:89,0
DA:91,0
DA:92,0
DA:93,0
DA:95,0
LF:35
LH:0
end_of_record
SF:lib\src\theme\tokens\empty_state_tokens.dart
DA:10,1
DA:51,1
DA:55,1
DA:56,1
DA:57,1
DA:58,1
DA:59,1
DA:60,1
DA:61,1
DA:62,2
DA:64,1
DA:66,2
DA:67,1
LF:13
LH:13
end_of_record
SF:lib\src\shared_ui\app_error_state.dart
DA:20,0
DA:35,0
DA:37,0
DA:38,0
DA:39,0
DA:40,0
DA:41,0
DA:42,0
DA:43,0
DA:45,0
DA:46,0
DA:47,0
DA:48,0
DA:49,0
LF:14
LH:0
end_of_record
SF:lib\src\shared_ui\app_network_error_page.dart
DA:17,0
DA:36,0
DA:38,0
DA:39,0
DA:41,0
DA:42,0
DA:43,0
DA:44,0
DA:46,0
DA:47,0
DA:48,0
DA:50,0
DA:52,0
DA:53,0
DA:54,0
DA:55,0
DA:56,0
DA:58,0
DA:64,0
DA:65,0
DA:66,0
DA:68,0
DA:70,0
DA:71,0
DA:74,0
DA:75,0
DA:76,0
DA:78,0
DA:79,0
DA:80,0
DA:88,0
DA:89,0
DA:90,0
DA:91,0
DA:93,0
DA:94,0
DA:95,0
LF:37
LH:0
end_of_record
SF:lib\src\shared_ui\app_progress_dialog.dart
DA:14,0
DA:26,0
DA:28,0
DA:29,0
DA:30,0
DA:33,0
DA:34,0
DA:36,0
DA:37,0
DA:39,0
DA:40,0
DA:42,0
DA:43,0
DA:45,0
DA:46,0
DA:47,0
DA:49,0
DA:50,0
DA:51,0
DA:52,0
DA:54,0
DA:55,0
DA:56,0
DA:58,0
DA:60,0
DA:61,0
DA:64,0
DA:65,0
DA:66,0
DA:67,0
DA:69,0
DA:70,0
DA:71,0
DA:86,0
DA:91,0
DA:93,0
DA:97,0
DA:98,0
DA:100,0
DA:110,0
DA:111,0
DA:112,0
DA:113,0
LF:43
LH:0
end_of_record
SF:lib\src\shared_ui\app_success_popover.dart
DA:14,2
DA:18,0
DA:20,0
DA:21,0
DA:22,0
DA:24,0
DA:25,0
DA:26,0
DA:29,0
DA:32,0
DA:33,0
DA:48,0
DA:66,0
DA:67,0
DA:68,0
DA:69,0
DA:72,0
DA:74,0
DA:75,0
DA:76,0
DA:77,0
DA:78,0
DA:79,0
DA:82,0
DA:86,0
DA:87,0
DA:97,0
DA:106,0
DA:110,0
DA:112,0
DA:114,0
LF:31
LH:1
end_of_record
SF:lib\src\shared_ui\app_validation_summary.dart
DA:13,0
DA:22,0
DA:24,0
DA:26,0
DA:27,0
DA:29,0
DA:31,0
DA:32,0
DA:33,0
DA:34,0
DA:35,0
DA:37,0
DA:40,0
DA:41,0
DA:42,0
DA:43,0
DA:44,0
DA:46,0
DA:48,0
DA:49,0
DA:50,0
DA:51,0
DA:53,0
DA:54,0
DA:56,0
DA:57,0
DA:59,0
DA:60,0
DA:62,0
DA:63,0
LF:30
LH:0
end_of_record
SF:lib\src\theme\colors\dark_colors.dart
DA:14,0
LF:1
LH:0
end_of_record
SF:lib\src\theme\colors\light_colors.dart
DA:13,0
LF:1
LH:0
end_of_record
SF:lib\src\theme\colors\app_palettes.dart
DA:13,2
DA:51,0
DA:52,0
DA:53,0
DA:54,0
DA:55,0
DA:56,0
DA:57,0
DA:58,0
DA:59,0
DA:60,0
LF:11
LH:1
end_of_record
SF:lib\src\theme\colors\color_scale.dart
DA:8,2
DA:35,0
DA:36,0
DA:37,0
DA:38,0
DA:39,0
DA:40,0
DA:41,0
DA:42,0
DA:43,0
DA:44,0
DA:45,0
DA:46,0
DA:47,0
DA:50,0
DA:51,0
DA:52,0
DA:53,0
DA:54,0
DA:55,0
DA:56,0
DA:57,0
DA:58,0
DA:59,0
DA:60,0
DA:61,0
DA:62,0
LF:27
LH:1
end_of_record
SF:lib\src\theme\tokens\status_bar_tokens.dart
DA:9,0
DA:13,0
DA:14,0
DA:16,0
DA:20,0
DA:23,0
DA:24,0
DA:26,0
LF:8
LH:0
end_of_record
