SF:lib\src\data\cache\geocoding_cache.dart
DA:9,1
DA:18,1
DA:19,2
DA:20,2
DA:21,1
DA:24,1
DA:25,2
DA:27,1
DA:28,1
DA:29,1
DA:34,1
DA:35,2
DA:36,2
DA:37,4
DA:38,2
DA:39,2
DA:41,2
DA:42,2
DA:45,1
DA:46,2
DA:47,2
DA:50,3
LF:22
LH:22
end_of_record
SF:lib\src\domain\entities\geocoded_address.dart
DA:10,2
DA:37,0
DA:38,0
DA:39,0
DA:40,0
DA:41,0
DA:42,0
LF:7
LH:1
end_of_record
SF:lib\src\data\repositories\google_reverse_geocode_place_repository_impl.dart
DA:20,1
DA:35,1
DA:40,1
DA:41,1
DA:42,1
DA:43,2
DA:45,1
DA:46,4
DA:47,2
DA:48,2
DA:49,0
DA:52,1
DA:53,1
DA:55,3
DA:56,1
DA:59,1
DA:60,1
DA:62,1
DA:63,1
DA:64,2
DA:65,1
DA:77,1
DA:78,1
DA:79,1
DA:80,1
DA:81,1
DA:83,1
DA:85,1
DA:90,1
DA:91,1
DA:92,1
DA:93,2
DA:94,2
DA:95,1
DA:96,1
DA:97,2
DA:103,1
DA:104,1
DA:105,1
DA:106,1
DA:108,2
DA:109,0
DA:110,0
DA:111,0
DA:116,1
DA:117,2
DA:118,1
DA:119,2
DA:120,2
DA:121,2
DA:124,0
DA:125,0
DA:128,0
DA:135,1
LF:54
LH:47
end_of_record
SF:lib\src\domain\failures\places_failure.dart
DA:4,2
DA:11,0
DA:18,0
DA:25,2
DA:32,0
DA:39,1
LF:6
LH:3
end_of_record
SF:lib\src\presentation\utils\locale_subtag.dart
DA:7,3
DA:8,2
DA:9,6
DA:10,2
LF:4
LH:4
end_of_record
SF:lib\src\data\repositories\google_nearby_areas_repository_impl.dart
DA:24,1
DA:72,1
DA:78,2
DA:79,1
DA:80,1
DA:81,3
DA:82,2
DA:83,1
DA:86,1
DA:93,4
DA:94,1
DA:96,4
DA:98,1
DA:99,1
DA:100,2
DA:104,2
DA:105,1
DA:106,1
DA:110,1
DA:112,2
DA:113,2
DA:114,2
DA:116,3
DA:118,3
DA:130,3
DA:132,1
DA:134,1
DA:137,2
DA:138,3
DA:140,1
DA:141,1
DA:142,1
DA:149,1
DA:150,1
DA:161,1
DA:165,1
DA:166,1
DA:172,3
DA:173,1
DA:174,1
DA:181,2
DA:182,3
DA:184,2
DA:185,2
DA:193,1
DA:197,1
DA:198,2
DA:199,1
DA:201,1
DA:202,2
DA:203,2
DA:208,1
DA:209,2
DA:210,2
DA:211,1
DA:214,1
DA:219,2
DA:221,1
DA:222,4
DA:223,2
DA:224,1
DA:225,2
DA:226,1
DA:229,1
DA:230,1
DA:236,3
DA:237,1
DA:239,2
DA:241,1
DA:242,1
DA:243,1
DA:245,1
DA:246,1
DA:247,1
DA:248,2
DA:249,1
DA:250,1
DA:252,1
DA:253,0
DA:254,0
DA:255,0
DA:256,0
DA:258,0
DA:260,0
DA:261,0
DA:262,0
DA:269,1
DA:270,1
DA:271,1
DA:273,1
DA:274,1
DA:275,1
DA:277,1
DA:278,1
DA:280,1
DA:281,2
DA:282,2
DA:285,1
DA:286,1
DA:288,1
DA:291,1
DA:296,1
DA:297,2
DA:298,2
DA:299,2
DA:300,1
DA:301,2
DA:302,1
DA:308,1
DA:312,2
DA:313,2
DA:314,1
DA:315,1
DA:316,1
DA:317,1
DA:318,1
DA:322,0
DA:323,0
DA:325,0
DA:328,1
DA:329,1
DA:330,1
DA:332,2
DA:333,1
DA:334,1
DA:335,1
DA:339,0
DA:340,0
DA:341,0
DA:342,0
DA:345,0
DA:346,0
DA:354,0
DA:356,0
DA:364,0
DA:368,0
LF:136
LH:115
end_of_record
SF:lib\src\domain\entities\serving_area.dart
DA:5,1
DA:17,1
DA:18,5
LF:3
LH:3
end_of_record
SF:lib\src\domain\repositories\nearby_areas_repository.dart
DA:14,2
DA:22,0
DA:23,0
LF:3
LH:1
end_of_record
SF:lib\src\presentation\utils\geo_math.dart
DA:14,1
DA:19,2
DA:20,3
DA:21,3
DA:22,1
DA:24,1
DA:25,4
DA:26,5
DA:29,1
DA:30,1
DA:31,5
DA:32,5
DA:35,1
DA:36,2
DA:37,2
DA:42,2
DA:43,2
DA:44,2
DA:45,2
DA:46,4
DA:47,4
DA:49,2
DA:50,4
DA:51,4
DA:62,2
DA:67,5
DA:69,2
DA:70,4
DA:72,6
DA:73,6
DA:74,4
DA:75,2
DA:76,2
DA:77,2
DA:82,4
DA:83,2
DA:92,2
DA:97,6
DA:98,6
DA:99,4
DA:100,2
DA:101,0
DA:102,6
DA:103,2
DA:107,2
DA:108,10
DA:109,10
DA:110,6
DA:111,6
DA:114,12
DA:115,4
DA:116,4
DA:117,6
DA:118,4
DA:119,8
LF:55
LH:54
end_of_record
SF:lib\src\domain\entities\map_region.dart
DA:6,2
DA:14,0
DA:15,0
DA:16,0
DA:19,0
DA:20,0
DA:21,0
DA:22,0
DA:23,0
DA:26,0
DA:27,0
LF:11
LH:1
end_of_record
SF:lib\src\domain\usecases\coverage_location_intent.dart
DA:11,3
DA:21,0
DA:22,0
LF:3
LH:1
end_of_record
SF:lib\src\domain\usecases\resolve_coverage_location_usecase.dart
DA:13,1
DA:21,1
DA:25,2
DA:26,3
DA:27,2
DA:28,3
DA:40,2
DA:41,2
DA:42,1
DA:43,1
DA:44,1
DA:46,1
DA:47,2
DA:48,1
DA:49,1
DA:52,1
DA:54,1
DA:56,1
DA:57,4
DA:60,1
DA:62,4
DA:64,1
DA:70,1
DA:71,1
DA:72,3
DA:74,1
DA:76,1
DA:78,1
DA:79,3
DA:80,2
DA:81,1
DA:85,1
DA:86,1
DA:88,1
DA:89,1
DA:90,1
DA:91,1
DA:92,1
DA:93,1
DA:94,1
LF:40
LH:40
end_of_record
SF:lib\src\domain\usecases\resolve_nearby_areas_usecase.dart
DA:10,2
DA:14,2
DA:17,4
DA:18,4
DA:19,4
DA:20,4
DA:25,2
LF:7
LH:7
end_of_record
SF:lib\src\domain\usecases\reverse_geocode_usecase.dart
DA:9,3
DA:17,0
DA:18,0
DA:23,1
DA:27,1
DA:29,2
DA:30,1
DA:31,1
LF:8
LH:6
end_of_record
SF:lib\src\config\maps_config.dart
DA:10,4
DA:33,4
DA:50,0
LF:3
LH:2
end_of_record
SF:lib\src\di\maps_di.dart
DA:44,0
DA:45,0
DA:46,0
DA:47,0
DA:48,0
DA:50,0
DA:51,0
DA:53,0
DA:54,0
DA:55,0
DA:56,0
DA:57,0
DA:60,0
DA:61,0
DA:63,0
DA:64,0
DA:66,0
DA:67,0
DA:69,0
DA:70,0
DA:71,0
DA:74,0
DA:82,0
DA:83,0
DA:84,0
DA:85,0
DA:86,0
DA:87,0
DA:88,0
DA:92,0
DA:93,0
DA:95,0
DA:96,0
DA:97,0
DA:98,0
DA:101,0
DA:102,0
DA:104,0
DA:105,0
DA:107,0
DA:108,0
DA:110,0
DA:111,0
DA:114,0
DA:115,0
DA:116,0
DA:117,0
DA:119,0
DA:120,0
DA:122,0
DA:123,0
DA:125,0
DA:126,0
DA:133,0
DA:134,0
DA:135,0
DA:136,0
DA:137,0
DA:138,0
DA:139,0
DA:142,0
DA:143,0
DA:144,0
DA:150,0
DA:151,0
DA:152,0
DA:153,0
DA:154,0
DA:157,0
DA:158,0
DA:159,0
DA:160,0
DA:161,0
DA:162,0
DA:164,0
DA:165,0
DA:166,0
DA:167,0
DA:169,0
DA:170,0
DA:173,0
DA:174,0
DA:175,0
DA:179,0
DA:180,0
DA:181,0
DA:182,0
DA:183,0
DA:185,0
DA:186,0
DA:192,0
DA:193,0
DA:194,0
DA:195,0
DA:196,0
DA:197,0
DA:199,0
DA:200,0
DA:204,0
DA:205,0
DA:206,0
LF:101
LH:0
end_of_record
SF:lib\src\module\maps_module.dart
DA:13,0
DA:17,0
DA:20,0
DA:23,0
DA:26,0
DA:27,0
DA:29,0
LF:7
LH:0
end_of_record
SF:lib\src\domain\entities\city_entity.dart
DA:4,1
DA:11,0
DA:12,0
LF:3
LH:1
end_of_record
SF:lib\src\domain\entities\country_entity.dart
DA:4,1
DA:16,0
DA:17,0
LF:3
LH:1
end_of_record
SF:lib\src\domain\entities\map_area_picker_result.dart
DA:6,1
DA:26,1
DA:27,5
LF:3
LH:3
end_of_record
SF:lib\src\domain\entities\place_prediction.dart
DA:4,0
DA:16,2
DA:17,10
LF:3
LH:2
end_of_record
SF:lib\src\domain\failures\locations_failure.dart
DA:4,4
DA:13,0
DA:20,0
LF:3
LH:1
end_of_record
SF:lib\src\domain\usecases\get_cities_usecase.dart
DA:12,1
DA:16,1
DA:18,4
DA:19,1
DA:20,1
DA:28,1
DA:29,3
LF:7
LH:7
end_of_record
SF:lib\src\presentation\bloc\coverage_area\coverage_area_event.dart
DA:4,0
DA:6,0
DA:7,0
DA:11,0
DA:33,0
DA:34,0
DA:35,0
DA:36,0
DA:37,0
DA:38,0
DA:39,0
DA:40,0
DA:41,0
DA:46,0
DA:54,0
DA:55,0
DA:59,0
DA:63,0
DA:67,0
DA:68,0
DA:72,0
DA:76,0
DA:77,0
DA:81,0
DA:85,0
DA:86,0
DA:90,0
DA:94,0
DA:95,0
LF:29
LH:0
end_of_record
SF:lib\src\presentation\bloc\coverage_area\coverage_area_state.dart
DA:29,5
DA:65,2
DA:66,4
DA:67,2
DA:68,2
DA:69,3
DA:71,2
DA:72,2
DA:73,2
DA:74,4
DA:75,4
DA:76,2
DA:78,0
DA:80,6
DA:82,0
DA:84,1
DA:99,1
DA:100,1
DA:101,1
DA:102,1
DA:104,1
DA:105,1
DA:106,1
DA:107,1
DA:108,1
DA:109,1
DA:110,1
DA:111,1
DA:112,1
DA:116,1
DA:117,1
DA:118,1
DA:119,1
DA:120,1
DA:121,1
DA:122,1
DA:123,1
DA:124,1
DA:125,1
DA:126,1
DA:127,1
DA:128,1
LF:42
LH:40
end_of_record
SF:lib\src\presentation\bloc\coverage_area\coverage_area_bloc.dart
DA:17,1
DA:22,1
DA:23,1
DA:24,1
DA:25,2
DA:26,2
DA:27,2
DA:28,2
DA:29,2
DA:30,2
DA:31,2
DA:46,1
DA:47,1
DA:49,1
DA:53,2
DA:55,2
DA:56,0
DA:63,2
DA:64,1
DA:65,2
DA:66,3
DA:68,3
DA:69,1
DA:70,2
DA:74,1
DA:75,1
DA:76,1
DA:77,3
DA:78,2
DA:79,2
DA:85,0
DA:86,0
DA:88,0
DA:95,1
DA:96,2
DA:98,1
DA:99,3
DA:100,2
DA:105,1
DA:106,1
DA:107,1
DA:109,1
DA:120,3
DA:123,1
DA:127,4
DA:129,1
DA:130,1
DA:132,1
DA:137,0
DA:141,0
DA:144,1
DA:148,2
DA:150,0
DA:154,1
DA:157,1
DA:162,1
DA:166,3
DA:168,2
DA:169,5
DA:170,2
DA:171,2
DA:173,5
DA:176,1
DA:180,3
DA:181,5
DA:184,1
DA:188,3
DA:189,5
DA:192,0
DA:193,0
DA:194,0
DA:195,0
DA:201,0
DA:202,0
DA:204,0
DA:205,0
DA:206,0
DA:207,0
DA:213,0
DA:214,0
DA:225,1
DA:233,2
DA:234,2
DA:235,1
DA:237,1
DA:238,2
DA:248,1
DA:251,1
DA:254,3
DA:255,2
DA:257,1
DA:258,0
DA:259,0
DA:260,0
DA:267,1
DA:268,1
DA:269,5
DA:270,1
DA:271,2
DA:272,1
DA:273,2
DA:275,1
DA:276,1
DA:277,2
DA:280,2
DA:282,1
DA:284,1
DA:292,1
DA:297,1
DA:301,1
DA:302,3
DA:305,2
DA:308,1
DA:310,2
DA:311,2
DA:312,1
LF:116
LH:94
end_of_record
SF:lib\src\presentation\bloc\location_picker\location_picker_event.dart
DA:4,5
DA:6,0
DA:7,0
DA:11,1
DA:29,0
DA:30,0
DA:31,0
DA:32,0
DA:33,0
DA:34,0
DA:39,0
DA:43,0
DA:44,0
DA:48,1
DA:52,0
DA:53,0
DA:57,4
DA:61,1
DA:65,0
DA:66,0
DA:70,1
DA:74,0
DA:75,0
DA:79,4
DA:87,1
DA:91,0
DA:92,0
DA:101,4
DA:109,4
DA:115,4
DA:122,4
LF:31
LH:12
end_of_record
SF:lib\src\presentation\bloc\location_picker\location_picker_state.dart
DA:21,5
DA:82,0
DA:83,0
DA:84,0
DA:85,0
DA:86,0
DA:90,2
DA:91,4
DA:92,2
DA:93,2
DA:94,6
DA:96,2
DA:97,2
DA:98,2
DA:99,4
DA:100,4
DA:101,2
DA:103,0
DA:104,0
DA:105,0
DA:107,0
DA:109,1
DA:110,2
DA:111,0
DA:112,0
DA:114,3
DA:116,3
DA:118,1
DA:140,1
DA:141,1
DA:142,1
DA:143,1
DA:145,1
DA:146,1
DA:147,1
DA:148,1
DA:151,1
DA:154,1
DA:157,1
DA:158,1
DA:160,1
DA:164,1
DA:165,1
DA:166,1
DA:169,1
DA:173,1
DA:174,1
DA:175,1
DA:176,1
DA:177,1
DA:178,1
DA:179,1
DA:180,1
DA:181,1
DA:182,1
DA:183,1
DA:184,1
DA:185,1
DA:186,1
DA:187,1
DA:188,1
LF:61
LH:50
end_of_record
SF:lib\src\presentation\bloc\location_picker\location_picker_bloc.dart
DA:30,1
DA:49,1
DA:50,1
DA:53,1
DA:54,2
DA:55,2
DA:56,2
DA:57,2
DA:58,2
DA:59,2
DA:60,2
DA:61,2
DA:62,2
DA:63,2
DA:64,2
DA:65,2
DA:96,1
DA:100,2
DA:101,2
DA:102,2
DA:107,2
DA:109,1
DA:111,3
DA:113,3
DA:119,1
DA:120,2
DA:124,1
DA:125,1
DA:126,2
DA:132,2
DA:141,1
DA:142,2
DA:146,1
DA:150,3
DA:151,4
DA:153,2
DA:154,1
DA:155,2
DA:157,1
DA:169,2
DA:172,1
DA:176,2
DA:177,1
DA:182,4
DA:184,1
DA:187,1
DA:191,2
DA:192,2
DA:193,1
DA:194,2
DA:204,2
DA:205,1
DA:207,1
DA:209,1
DA:210,2
DA:212,1
DA:213,0
DA:214,0
DA:215,0
DA:221,1
DA:222,1
DA:223,2
DA:230,1
DA:235,0
DA:239,0
DA:242,1
DA:246,3
DA:249,1
DA:253,2
DA:255,2
DA:256,2
DA:257,1
DA:258,2
DA:266,1
DA:267,2
DA:274,2
DA:276,1
DA:277,2
DA:281,1
DA:282,1
DA:283,1
DA:284,2
DA:286,1
DA:291,1
DA:292,1
DA:293,2
DA:295,1
DA:305,1
DA:309,1
DA:311,0
DA:315,2
DA:316,2
DA:317,2
DA:318,1
DA:319,2
DA:323,1
DA:330,1
DA:331,1
DA:332,1
DA:333,2
DA:335,1
DA:336,0
DA:337,0
DA:338,0
DA:344,1
DA:345,1
DA:346,2
DA:355,1
DA:360,0
DA:364,0
DA:371,1
DA:372,1
DA:375,2
DA:376,2
DA:377,1
DA:379,1
DA:380,0
DA:381,0
DA:383,1
DA:384,3
DA:385,2
DA:390,1
DA:394,1
DA:395,2
DA:396,2
DA:411,1
DA:415,1
DA:418,2
DA:420,3
DA:422,2
DA:423,1
DA:425,1
DA:426,1
DA:429,1
DA:430,2
DA:434,2
DA:438,1
DA:439,1
DA:440,1
DA:441,2
DA:453,2
DA:454,1
DA:455,2
DA:467,1
DA:474,1
DA:478,2
DA:480,2
DA:481,1
DA:482,2
DA:487,1
DA:494,1
DA:498,2
DA:499,2
DA:500,3
DA:502,2
DA:505,1
DA:506,1
DA:507,1
DA:508,1
DA:510,1
DA:511,2
DA:512,2
DA:513,3
DA:514,3
DA:515,3
DA:516,3
DA:525,1
DA:531,1
DA:533,1
DA:534,1
DA:536,1
DA:538,1
DA:539,2
DA:541,1
DA:542,2
DA:543,2
DA:548,1
DA:549,1
DA:554,1
DA:555,2
DA:565,1
DA:566,2
DA:569,1
DA:570,2
DA:571,2
DA:582,2
DA:583,1
DA:585,1
DA:587,1
DA:588,2
DA:590,1
DA:591,0
DA:592,0
DA:597,2
DA:598,2
DA:601,1
DA:602,2
LF:197
LH:182
end_of_record
SF:lib\src\presentation\camera\default_map_viewport.dart
DA:24,6
LF:1
LH:1
end_of_record
SF:lib\src\presentation\camera\initial_camera_resolver.dart
DA:21,1
DA:27,1
DA:32,1
DA:39,1
DA:41,1
LF:5
LH:5
end_of_record
SF:lib\src\presentation\controllers\map_camera_controller.dart
DA:17,0
DA:18,0
DA:19,0
DA:21,0
DA:25,0
DA:26,0
DA:29,0
DA:33,0
DA:36,0
DA:38,0
DA:39,0
DA:40,0
DA:43,0
DA:44,0
DA:46,0
DA:50,0
DA:54,0
DA:57,0
DA:59,0
DA:60,0
DA:61,0
DA:62,0
DA:63,0
DA:68,0
DA:70,0
DA:74,0
DA:78,0
DA:79,0
DA:80,0
DA:83,0
DA:84,0
DA:85,0
DA:86,0
DA:88,0
DA:89,0
DA:90,0
DA:91,0
DA:92,0
DA:95,0
DA:96,0
DA:97,0
DA:98,0
DA:104,0
DA:109,0
DA:110,0
DA:111,0
DA:112,0
DA:113,0
DA:114,0
DA:116,0
DA:117,0
DA:118,0
DA:125,0
DA:126,0
DA:129,0
DA:130,0
DA:133,0
DA:134,0
DA:137,0
DA:138,0
DA:141,0
DA:142,0
DA:145,0
DA:146,0
DA:149,0
DA:150,0
DA:151,0
DA:154,0
DA:155,0
DA:156,0
DA:157,0
DA:158,0
LF:72
LH:0
end_of_record
SF:lib\src\presentation\controllers\map_radius_controller.dart
DA:9,1
DA:20,2
DA:21,2
DA:23,1
DA:24,2
DA:25,1
DA:26,1
DA:29,1
DA:30,2
DA:31,1
DA:32,1
DA:35,1
DA:37,2
DA:38,1
DA:41,2
DA:42,1
DA:45,1
DA:48,1
DA:52,1
DA:55,1
DA:56,2
DA:58,2
DA:60,1
DA:61,2
DA:62,0
DA:68,1
DA:69,1
DA:71,2
DA:72,1
DA:73,1
DA:74,1
LF:31
LH:30
end_of_record
SF:lib\src\presentation\models\location_picker_labels.dart
DA:2,0
LF:1
LH:0
end_of_record
SF:lib\src\presentation\models\location_picker_result.dart
DA:5,0
DA:19,0
DA:20,0
LF:3
LH:0
end_of_record
SF:lib\src\presentation\models\map_area_picker_labels.dart
DA:2,0
LF:1
LH:0
end_of_record
SF:lib\src\presentation\models\radius_overlay_style.dart
DA:4,4
DA:14,0
DA:15,0
LF:3
LH:1
end_of_record
SF:lib\src\presentation\utils\radius_format.dart
DA:5,0
DA:6,0
LF:2
LH:0
end_of_record
SF:lib\src\presentation\widgets\city_select_field.dart
DA:13,0
DA:43,0
DA:45,0
DA:46,0
DA:47,0
DA:48,0
DA:49,0
DA:50,0
DA:51,0
DA:55,0
DA:56,0
DA:58,0
DA:59,0
DA:60,0
DA:61,0
DA:63,0
DA:65,0
DA:70,0
DA:76,0
DA:86,0
DA:87,0
DA:98,0
DA:100,0
DA:101,0
DA:104,0
DA:106,0
DA:107,0
DA:110,0
DA:111,0
DA:112,0
DA:113,0
DA:116,0
DA:118,0
DA:120,0
DA:121,0
DA:122,0
DA:123,0
DA:125,0
DA:126,0
DA:127,0
DA:132,0
DA:133,0
DA:134,0
DA:135,0
DA:138,0
DA:140,0
DA:142,0
DA:145,0
DA:146,0
DA:147,0
DA:148,0
DA:149,0
DA:150,0
DA:151,0
DA:153,0
DA:154,0
DA:155,0
DA:157,0
DA:160,0
DA:161,0
DA:162,0
DA:168,0
DA:169,0
DA:173,0
DA:174,0
DA:175,0
DA:176,0
DA:177,0
DA:179,0
DA:180,0
DA:181,0
DA:183,0
DA:184,0
DA:187,0
DA:188,0
DA:189,0
DA:190,0
DA:198,0
DA:200,0
DA:201,0
DA:202,0
DA:203,0
DA:204,0
DA:205,0
DA:207,0
DA:208,0
DA:215,0
DA:217,0
DA:218,0
DA:219,0
DA:220,0
DA:221,0
DA:222,0
DA:223,0
LF:94
LH:0
end_of_record
SF:lib\src\presentation\widgets\location_picker_sheet.dart
DA:11,0
DA:22,0
DA:23,0
DA:25,0
DA:28,0
DA:29,0
DA:30,0
DA:33,0
DA:34,0
DA:35,0
DA:36,0
DA:37,0
DA:38,0
DA:42,0
DA:43,0
DA:44,0
DA:45,0
DA:46,0
DA:47,0
DA:51,0
DA:53,0
DA:62,0
LF:22
LH:0
end_of_record
SF:lib\src\presentation\widgets\map_area_picker.dart
DA:27,0
DA:60,0
DA:61,0
DA:67,0
DA:69,0
DA:70,0
DA:73,0
DA:74,0
DA:76,0
DA:83,0
DA:84,0
DA:85,0
DA:87,0
DA:89,0
DA:90,0
DA:91,0
DA:92,0
DA:93,0
DA:94,0
DA:95,0
DA:97,0
DA:98,0
DA:99,0
DA:100,0
DA:101,0
DA:102,0
DA:104,0
DA:110,0
DA:112,0
DA:116,0
DA:117,0
DA:118,0
DA:120,0
DA:123,0
DA:126,0
DA:128,0
DA:129,0
DA:130,0
DA:131,0
DA:132,0
DA:133,0
DA:134,0
DA:136,0
DA:140,0
DA:141,0
DA:142,0
DA:143,0
DA:144,0
DA:145,0
DA:146,0
DA:147,0
DA:149,0
DA:150,0
DA:151,0
DA:152,0
DA:157,0
DA:158,0
DA:159,0
DA:160,0
DA:161,0
DA:162,0
DA:166,0
DA:167,0
DA:168,0
DA:171,0
DA:172,0
DA:173,0
DA:174,0
DA:175,0
DA:176,0
DA:177,0
DA:178,0
DA:179,0
DA:187,0
DA:189,0
DA:190,0
DA:192,0
DA:195,0
DA:200,0
DA:201,0
DA:202,0
DA:203,0
DA:204,0
DA:206,0
DA:207,0
DA:208,0
DA:209,0
DA:210,0
DA:211,0
DA:212,0
DA:213,0
DA:214,0
DA:216,0
DA:217,0
DA:218,0
DA:219,0
DA:220,0
DA:226,0
DA:227,0
DA:228,0
DA:229,0
DA:230,0
DA:231,0
DA:232,0
DA:233,0
DA:235,0
DA:236,0
DA:237,0
DA:241,0
DA:242,0
DA:243,0
DA:244,0
DA:250,0
DA:251,0
DA:252,0
DA:253,0
DA:254,0
DA:255,0
DA:256,0
DA:258,0
DA:260,0
DA:261,0
DA:263,0
DA:265,0
DA:268,0
DA:270,0
DA:271,0
DA:272,0
DA:273,0
DA:274,0
DA:275,0
DA:280,0
DA:281,0
DA:283,0
DA:284,0
DA:298,0
DA:306,0
DA:307,0
DA:311,0
DA:331,0
DA:333,0
DA:334,0
DA:335,0
DA:336,0
DA:337,0
DA:339,0
DA:340,0
DA:341,0
DA:342,0
DA:343,0
DA:345,0
DA:346,0
DA:347,0
DA:348,0
DA:349,0
DA:353,0
DA:355,0
DA:356,0
DA:358,0
DA:359,0
DA:362,0
DA:363,0
DA:364,0
DA:367,0
DA:368,0
DA:369,0
DA:370,0
DA:381,0
DA:389,0
DA:391,0
DA:392,0
DA:393,0
DA:394,0
DA:402,0
DA:413,0
DA:415,0
DA:416,0
DA:425,0
DA:428,0
DA:430,0
LF:180
LH:0
end_of_record
SF:lib\src\presentation\widgets\place_search_sheet_body.dart
DA:11,0
DA:32,0
DA:55,0
DA:56,0
DA:64,0
DA:66,0
DA:67,0
DA:68,0
DA:69,0
DA:72,0
DA:73,0
DA:76,0
DA:77,0
DA:78,0
DA:81,0
DA:83,0
DA:85,0
DA:86,0
DA:87,0
DA:88,0
DA:89,0
DA:91,0
DA:92,0
DA:93,0
DA:95,0
DA:98,0
DA:101,0
DA:106,0
DA:107,0
DA:108,0
DA:110,0
DA:111,0
DA:112,0
DA:113,0
DA:114,0
DA:116,0
DA:117,0
DA:118,0
DA:119,0
DA:120,0
DA:121,0
DA:122,0
DA:124,0
DA:131,0
DA:135,0
DA:137,0
DA:138,0
DA:139,0
DA:140,0
DA:141,0
DA:143,0
DA:144,0
DA:153,0
DA:163,0
DA:165,0
DA:167,0
DA:168,0
DA:169,0
DA:170,0
DA:172,0
DA:173,0
DA:175,0
DA:176,0
DA:178,0
DA:179,0
DA:180,0
DA:182,0
DA:183,0
DA:186,0
DA:187,0
DA:188,0
DA:190,0
LF:72
LH:0
end_of_record
SF:lib\src\presentation\widgets\serving_area_chips.dart
DA:6,0
DA:17,0
DA:19,0
DA:20,0
DA:21,0
DA:22,0
DA:23,0
DA:25,0
DA:26,0
DA:27,0
DA:28,0
DA:36,0
DA:37,0
DA:38,0
DA:39,0
DA:40,0
DA:41,0
DA:42,0
DA:46,0
DA:47,0
DA:49,0
DA:50,0
DA:53,0
LF:23
LH:0
end_of_record
SF:lib\src\services\geocoding_service_impl.dart
DA:13,4
DA:17,0
DA:18,0
DA:23,0
DA:36,0
DA:41,0
DA:42,0
DA:44,0
DA:46,0
DA:47,0
DA:48,0
DA:50,0
DA:55,0
DA:56,0
DA:57,0
DA:58,0
DA:59,0
DA:60,0
DA:62,0
DA:65,0
DA:66,0
DA:76,0
DA:77,0
DA:80,0
DA:85,0
DA:86,0
DA:87,0
DA:88,0
DA:95,0
DA:97,0
DA:98,0
DA:104,0
DA:105,0
DA:107,0
DA:108,0
DA:114,0
DA:120,0
DA:121,0
DA:123,0
DA:126,0
DA:127,0
DA:131,0
DA:133,0
DA:134,0
DA:137,0
DA:143,0
DA:148,0
DA:149,0
DA:152,0
DA:153,0
DA:154,0
DA:155,0
DA:165,0
DA:166,0
DA:175,0
DA:177,0
DA:178,0
DA:179,0
DA:181,0
DA:182,0
DA:183,0
DA:185,0
DA:190,0
DA:191,0
DA:199,0
DA:200,0
DA:201,0
DA:202,0
DA:203,0
DA:204,0
DA:205,0
DA:207,0
DA:208,0
DA:213,0
DA:218,0
DA:219,0
DA:220,0
DA:221,0
DA:223,0
DA:224,0
DA:225,0
DA:228,0
DA:229,0
DA:230,0
DA:231,0
DA:234,0
DA:237,0
DA:238,0
DA:239,0
DA:240,0
DA:241,0
DA:242,0
DA:243,0
DA:244,0
DA:245,0
DA:246,0
DA:247,0
DA:248,0
DA:249,0
DA:250,0
DA:253,0
DA:254,0
DA:255,0
DA:256,0
DA:260,0
LF:105
LH:1
end_of_record
SF:lib\src\services\location_service_impl.dart
DA:12,4
DA:20,0
DA:21,0
DA:26,0
DA:30,0
DA:32,0
DA:33,0
DA:34,0
DA:35,0
DA:36,0
DA:37,0
DA:38,0
DA:45,0
DA:47,0
DA:53,0
DA:54,0
DA:55,0
DA:58,0
DA:64,0
DA:66,0
DA:69,0
DA:73,0
DA:76,0
DA:84,0
DA:87,0
DA:88,0
DA:90,0
DA:96,0
DA:97,0
DA:99,0
DA:100,0
DA:102,0
DA:105,0
DA:107,0
DA:113,0
DA:119,0
DA:123,0
DA:124,0
DA:136,0
DA:149,0
DA:153,0
LF:41
LH:1
end_of_record
SF:lib\src\widgets\app_google_map.dart
DA:13,0
DA:79,0
DA:80,0
DA:86,0
DA:87,0
DA:88,0
DA:89,0
DA:92,0
DA:94,0
DA:95,0
DA:96,0
DA:97,0
DA:98,0
DA:99,0
DA:100,0
DA:101,0
DA:102,0
DA:103,0
DA:104,0
DA:105,0
DA:106,0
DA:107,0
DA:108,0
DA:109,0
DA:110,0
DA:111,0
DA:112,0
DA:113,0
DA:114,0
DA:115,0
DA:116,0
DA:117,0
DA:118,0
DA:119,0
DA:120,0
DA:122,0
DA:126,0
DA:127,0
DA:130,0
DA:131,0
DA:132,0
DA:133,0
LF:42
LH:0
end_of_record
SF:lib\src\data\models\city_dto.dart
DA:4,0
DA:6,0
DA:7,0
DA:12,0
LF:4
LH:0
end_of_record
SF:lib\src\data\models\country_dto.dart
DA:4,0
DA:10,0
DA:11,0
DA:12,0
DA:13,0
DA:20,0
LF:6
LH:0
end_of_record
SF:lib\src\data\models\place_prediction_dto.dart
DA:4,0
DA:6,0
DA:7,0
DA:8,0
DA:9,0
DA:10,0
DA:12,0
DA:13,0
LF:8
LH:0
end_of_record
SF:lib\src\data\repositories\geocoding_repository_impl.dart
DA:13,0
DA:16,0
DA:21,0
DA:26,0
DA:27,0
DA:28,0
DA:30,0
DA:31,0
DA:35,0
DA:36,0
DA:41,0
DA:46,0
DA:52,0
DA:58,0
LF:14
LH:0
end_of_record
SF:lib\src\data\repositories\location_repository_impl.dart
DA:9,0
DA:13,0
DA:15,0
DA:17,0
DA:18,0
DA:20,0
DA:21,0
DA:23,0
DA:25,0
LF:9
LH:0
end_of_record
SF:lib\src\data\repositories\locations_repository_impl.dart
DA:12,0
DA:16,0
DA:18,0
DA:21,0
DA:22,0
DA:23,0
DA:25,0
DA:28,0
DA:31,0
DA:34,0
DA:35,0
DA:36,0
DA:37,0
LF:13
LH:0
end_of_record
SF:lib\src\data\repositories\places_repository_impl.dart
DA:13,0
DA:18,0
DA:26,0
DA:28,0
DA:36,0
DA:40,0
DA:41,0
DA:42,0
DA:48,0
DA:50,0
DA:53,0
DA:54,0
DA:57,0
DA:58,0
DA:59,0
DA:61,0
DA:62,0
LF:17
LH:0
end_of_record
SF:lib\src\domain\usecases\check_location_permission_usecase.dart
DA:13,0
DA:17,0
DA:19,0
DA:20,0
DA:21,0
LF:5
LH:0
end_of_record
SF:lib\src\domain\usecases\forward_geocode_usecase.dart
DA:8,1
DA:16,0
DA:17,0
DA:21,0
DA:25,0
DA:27,0
DA:28,0
DA:29,0
LF:8
LH:1
end_of_record
SF:lib\src\domain\usecases\get_current_location_usecase.dart
DA:7,0
DA:11,0
DA:13,0
LF:3
LH:0
end_of_record
SF:lib\src\domain\usecases\get_place_details_usecase.dart
DA:8,2
DA:12,0
DA:13,0
DA:17,0
DA:21,0
DA:23,0
LF:6
LH:1
end_of_record
SF:lib\src\domain\usecases\open_device_location_settings_usecase.dart
DA:12,0
DA:16,0
DA:18,0
DA:19,0
DA:20,0
LF:5
LH:0
end_of_record
SF:lib\src\domain\usecases\open_location_settings_usecase.dart
DA:6,0
DA:10,0
DA:12,0
DA:13,0
DA:14,0
LF:5
LH:0
end_of_record
SF:lib\src\domain\usecases\reverse_geocode_place_usecase.dart
DA:9,1
DA:17,0
DA:18,0
DA:26,0
DA:30,0
DA:33,0
DA:34,0
DA:35,0
LF:8
LH:1
end_of_record
SF:lib\src\domain\usecases\search_places_usecase.dart
DA:9,2
DA:25,0
DA:26,0
DA:31,0
DA:35,0
DA:38,0
DA:39,0
DA:40,0
DA:41,0
DA:42,0
LF:10
LH:1
end_of_record
SF:lib\src\presentation\bloc\map_area_picker\map_area_picker_event.dart
DA:4,5
DA:6,0
DA:7,0
DA:11,1
DA:21,0
DA:22,0
DA:23,0
DA:24,0
DA:25,0
DA:30,1
DA:38,0
DA:39,0
DA:43,1
DA:47,0
DA:48,0
DA:52,1
DA:56,0
DA:57,0
DA:61,4
DA:65,4
LF:20
LH:7
end_of_record
SF:lib\src\presentation\bloc\map_area_picker\map_area_picker_bloc.dart
DA:19,1
DA:25,1
DA:28,1
DA:29,2
DA:30,2
DA:31,2
DA:32,2
DA:33,2
DA:34,2
DA:46,1
DA:50,2
DA:52,1
DA:54,3
DA:55,1
DA:56,2
DA:60,1
DA:61,1
DA:67,2
DA:68,2
DA:73,0
DA:74,0
DA:81,1
DA:85,4
DA:87,2
DA:88,2
DA:90,1
DA:91,2
DA:93,1
DA:94,1
DA:101,2
DA:104,1
DA:108,2
DA:110,2
DA:111,2
DA:112,0
DA:113,0
DA:122,1
DA:123,2
DA:130,2
DA:132,1
DA:133,2
DA:140,1
DA:141,0
DA:142,0
DA:143,0
DA:145,0
DA:150,1
DA:151,1
DA:152,2
DA:154,1
DA:164,1
DA:168,1
DA:171,1
DA:172,2
DA:173,2
DA:175,1
DA:176,2
DA:180,1
DA:181,1
DA:185,1
DA:186,2
DA:187,1
DA:188,2
DA:190,1
DA:191,0
DA:192,0
DA:193,0
DA:200,1
DA:201,1
DA:202,1
DA:211,0
DA:215,0
DA:218,1
DA:222,2
DA:223,2
DA:224,1
DA:226,1
DA:227,2
DA:228,1
DA:229,2
DA:232,4
DA:240,1
DA:245,2
DA:246,1
DA:248,1
DA:250,1
DA:251,2
DA:253,1
DA:254,0
DA:255,0
DA:260,2
DA:261,2
DA:264,1
DA:265,1
LF:94
LH:79
end_of_record
SF:lib\src\presentation\bloc\map_area_picker\map_area_picker_state.dart
DA:17,5
DA:50,1
DA:51,4
DA:53,0
DA:55,1
DA:76,1
DA:77,1
DA:78,1
DA:79,1
DA:80,1
DA:81,1
DA:84,1
DA:87,1
DA:88,1
DA:91,1
DA:94,1
DA:95,1
DA:98,1
DA:101,1
DA:105,1
DA:106,1
DA:107,1
DA:108,1
DA:109,1
DA:110,1
DA:111,1
DA:112,1
DA:113,1
DA:114,1
DA:115,1
DA:116,1
DA:117,1
DA:118,1
DA:119,1
LF:34
LH:33
end_of_record
SF:lib\src\services\backend_places_provider.dart
DA:8,4
DA:10,0
DA:19,0
DA:27,0
DA:32,0
LF:5
LH:1
end_of_record
SF:lib\src\services\google_places_provider.dart
DA:12,1
DA:31,1
DA:40,1
DA:41,1
DA:42,1
DA:43,1
DA:44,2
DA:47,3
DA:48,2
DA:49,0
DA:50,2
DA:52,0
DA:53,0
DA:56,1
DA:59,2
DA:63,1
DA:65,1
DA:66,2
DA:67,0
DA:69,0
DA:70,0
DA:71,0
DA:73,0
DA:79,0
DA:84,0
DA:85,0
DA:86,0
DA:87,0
DA:88,0
DA:89,0
DA:90,0
DA:93,0
DA:97,0
DA:99,0
DA:100,0
DA:102,0
DA:103,0
DA:104,0
DA:105,0
DA:106,0
DA:107,0
DA:114,0
DA:115,0
DA:116,0
DA:118,0
DA:119,0
DA:120,0
DA:121,0
DA:125,0
DA:126,0
DA:127,0
DA:129,0
DA:130,0
DA:132,0
DA:133,0
DA:135,0
DA:136,0
DA:138,0
DA:139,0
DA:140,0
DA:141,0
DA:144,0
DA:145,0
DA:148,0
DA:149,0
DA:155,0
DA:160,0
DA:165,0
DA:170,0
LF:69
LH:15
end_of_record
SF:lib\src\services\osm_places_provider.dart
DA:8,4
DA:10,0
DA:19,0
DA:27,0
DA:32,0
LF:5
LH:1
end_of_record
SF:lib\src\domain\entities\coverage_location.dart
DA:6,1
DA:26,0
DA:27,0
DA:28,0
DA:29,0
DA:30,0
DA:31,0
DA:32,0
LF:8
LH:1
end_of_record
SF:lib\src\presentation\controllers\serving_area_controller.dart
DA:4,1
DA:5,1
DA:9,3
DA:11,3
DA:13,1
DA:14,1
DA:15,4
DA:16,1
DA:19,1
DA:20,2
DA:21,6
DA:22,4
DA:25,1
DA:26,2
DA:27,1
DA:30,0
DA:31,0
DA:32,0
DA:33,0
DA:36,1
DA:38,3
LF:21
LH:17
end_of_record
SF:lib\src\presentation\utils\latest_operation.dart
DA:11,12
DA:14,12
LF:2
LH:2
end_of_record
SF:lib\src\presentation\utils\place_search_runner.dart
DA:15,2
DA:22,4
DA:27,2
DA:33,2
DA:36,4
DA:37,2
DA:38,2
DA:44,2
DA:45,4
DA:51,6
LF:10
LH:10
end_of_record
SF:lib\src\presentation\models\map_configuration.dart
DA:10,4
DA:46,0
DA:64,0
DA:65,0
DA:66,0
DA:67,0
DA:68,0
DA:69,0
DA:70,0
DA:71,0
DA:73,0
DA:74,0
DA:75,0
DA:77,0
DA:78,0
DA:79,0
DA:81,0
DA:82,0
DA:83,0
LF:19
LH:1
end_of_record
SF:lib\src\presentation\widgets\location_address_field.dart
DA:7,0
DA:18,0
DA:20,0
DA:22,0
DA:23,0
DA:24,0
DA:25,0
DA:26,0
DA:27,0
DA:29,0
DA:30,0
DA:36,0
DA:43,0
DA:46,0
DA:47,0
DA:48,0
DA:49,0
DA:51,0
DA:52,0
DA:53,0
DA:54,0
DA:55,0
DA:56,0
DA:57,0
DA:58,0
DA:61,0
DA:63,0
DA:64,0
DA:65,0
DA:66,0
DA:68,0
DA:70,0
DA:71,0
DA:76,0
DA:77,0
DA:78,0
DA:79,0
LF:37
LH:0
end_of_record
SF:lib\src\presentation\widgets\map_location_picker.dart
DA:27,0
DA:78,0
DA:79,0
DA:104,0
DA:106,0
DA:107,0
DA:108,0
DA:109,0
DA:110,0
DA:111,0
DA:115,0
DA:117,0
DA:120,0
DA:121,0
DA:122,0
DA:123,0
DA:126,0
DA:131,0
DA:132,0
DA:140,0
DA:141,0
DA:142,0
DA:144,0
DA:146,0
DA:147,0
DA:148,0
DA:149,0
DA:150,0
DA:151,0
DA:152,0
DA:154,0
DA:155,0
DA:156,0
DA:157,0
DA:158,0
DA:159,0
DA:161,0
DA:167,0
DA:169,0
DA:173,0
DA:174,0
DA:175,0
DA:177,0
DA:180,0
DA:182,0
DA:183,0
DA:184,0
DA:185,0
DA:186,0
DA:187,0
DA:190,0
DA:193,0
DA:194,0
DA:195,0
DA:197,0
DA:198,0
DA:199,0
DA:200,0
DA:201,0
DA:202,0
DA:203,0
DA:204,0
DA:206,0
DA:207,0
DA:211,0
DA:214,0
DA:215,0
DA:216,0
DA:217,0
DA:218,0
DA:219,0
DA:220,0
DA:221,0
DA:222,0
DA:224,0
DA:225,0
DA:226,0
DA:227,0
DA:230,0
DA:231,0
DA:232,0
DA:233,0
DA:234,0
DA:235,0
DA:236,0
DA:237,0
DA:249,0
DA:250,0
DA:251,0
DA:252,0
DA:253,0
DA:254,0
DA:256,0
DA:263,0
DA:264,0
DA:265,0
DA:266,0
DA:267,0
DA:268,0
DA:270,0
DA:275,0
DA:278,0
DA:279,0
DA:280,0
DA:281,0
DA:282,0
DA:283,0
DA:284,0
DA:285,0
DA:286,0
DA:293,0
DA:295,0
DA:296,0
DA:298,0
DA:301,0
DA:306,0
DA:307,0
DA:308,0
DA:309,0
DA:310,0
DA:311,0
DA:312,0
DA:313,0
DA:315,0
DA:316,0
DA:317,0
DA:318,0
DA:319,0
DA:320,0
DA:321,0
DA:322,0
DA:323,0
DA:324,0
DA:325,0
DA:326,0
DA:327,0
DA:329,0
DA:330,0
DA:331,0
DA:332,0
DA:333,0
DA:334,0
DA:335,0
DA:341,0
DA:342,0
DA:343,0
DA:344,0
DA:345,0
DA:346,0
DA:347,0
DA:354,0
DA:355,0
DA:356,0
DA:357,0
DA:368,0
DA:373,0
DA:374,0
DA:375,0
DA:377,0
DA:379,0
DA:382,0
DA:383,0
DA:384,0
DA:385,0
DA:387,0
DA:388,0
DA:390,0
DA:391,0
DA:392,0
DA:393,0
DA:394,0
DA:395,0
DA:405,0
DA:406,0
DA:411,0
DA:412,0
DA:413,0
DA:414,0
DA:416,0
DA:418,0
DA:422,0
DA:425,0
DA:426,0
DA:429,0
DA:430,0
DA:431,0
DA:432,0
DA:434,0
DA:435,0
DA:438,0
DA:440,0
DA:441,0
DA:442,0
DA:444,0
DA:445,0
DA:448,0
DA:450,0
DA:451,0
DA:453,0
DA:454,0
DA:455,0
DA:456,0
DA:458,0
DA:459,0
DA:462,0
DA:463,0
DA:466,0
DA:484,0
DA:496,0
DA:497,0
DA:498,0
DA:499,0
DA:501,0
DA:502,0
DA:503,0
DA:504,0
DA:511,0
DA:513,0
DA:516,0
DA:517,0
DA:518,0
DA:519,0
DA:521,0
DA:522,0
DA:523,0
DA:524,0
DA:525,0
DA:527,0
DA:534,0
DA:548,0
DA:549,0
DA:550,0
DA:551,0
DA:552,0
DA:553,0
DA:554,0
DA:559,0
DA:598,0
DA:600,0
DA:602,0
DA:603,0
DA:604,0
DA:605,0
DA:606,0
DA:608,0
DA:609,0
DA:610,0
DA:611,0
DA:612,0
DA:614,0
DA:615,0
DA:616,0
DA:618,0
DA:619,0
DA:620,0
DA:624,0
DA:626,0
DA:627,0
DA:629,0
DA:630,0
DA:633,0
DA:634,0
DA:635,0
DA:636,0
DA:637,0
DA:638,0
DA:639,0
DA:643,0
DA:644,0
DA:645,0
DA:646,0
DA:650,0
DA:651,0
DA:652,0
DA:653,0
DA:670,0
DA:672,0
DA:673,0
DA:674,0
DA:675,0
DA:676,0
DA:677,0
DA:678,0
DA:679,0
DA:680,0
DA:686,0
DA:687,0
DA:689,0
LF:288
LH:0
end_of_record
SF:lib\src\presentation\widgets\map_control_bar.dart
DA:5,0
DA:16,0
DA:18,0
DA:19,0
DA:20,0
DA:21,0
DA:22,0
DA:23,0
DA:25,0
DA:26,0
DA:27,0
DA:28,0
LF:12
LH:0
end_of_record
SF:lib\src\presentation\widgets\map_zoom_controls.dart
DA:6,0
DA:17,0
DA:19,0
DA:21,0
DA:22,0
DA:23,0
DA:24,0
DA:25,0
DA:26,0
DA:27,0
DA:28,0
DA:32,0
DA:34,0
DA:35,0
DA:38,0
DA:41,0
DA:42,0
DA:43,0
DA:45,0
DA:48,0
DA:51,0
LF:21
LH:0
end_of_record
SF:lib\src\presentation\widgets\map_my_location_button.dart
DA:13,0
DA:24,0
DA:26,0
DA:28,0
DA:29,0
DA:30,0
DA:31,0
DA:32,0
DA:36,0
DA:38,0
DA:41,0
LF:11
LH:0
end_of_record
SF:lib\src\presentation\widgets\prediction_list.dart
DA:7,0
DA:18,0
DA:20,0
DA:21,0
DA:23,0
DA:24,0
DA:26,0
DA:28,0
DA:29,0
DA:30,0
DA:32,0
DA:33,0
LF:12
LH:0
end_of_record
SF:lib\src\presentation\widgets\prediction_tile.dart
DA:6,0
DA:17,0
DA:19,0
DA:20,0
DA:22,0
DA:23,0
DA:24,0
DA:25,0
DA:26,0
DA:27,0
DA:29,0
DA:30,0
DA:31,0
DA:32,0
DA:33,0
DA:34,0
DA:35,0
DA:39,0
DA:41,0
DA:42,0
DA:45,0
DA:46,0
DA:47,0
DA:50,0
DA:51,0
DA:52,0
DA:53,0
DA:54,0
DA:57,0
DA:59,0
DA:62,0
DA:63,0
DA:64,0
DA:65,0
DA:66,0
DA:67,0
DA:68,0
DA:85,0
DA:97,0
DA:99,0
DA:100,0
DA:101,0
DA:102,0
DA:108,0
DA:109,0
DA:110,0
DA:112,0
DA:113,0
DA:114,0
DA:115,0
DA:121,0
DA:122,0
DA:123,0
DA:124,0
DA:125,0
DA:126,0
DA:127,0
DA:128,0
DA:130,0
DA:131,0
DA:132,0
DA:133,0
LF:62
LH:0
end_of_record
