SF:lib\src\data\cache\geocoding_cache.dart
DA:9,1
DA:18,1
DA:19,2
DA:20,2
DA:21,1
DA:24,1
DA:25,2
DA:27,1
DA:28,1
DA:29,1
DA:34,1
DA:35,2
DA:36,2
DA:37,4
DA:38,2
DA:39,2
DA:41,2
DA:42,2
DA:45,1
DA:46,2
DA:47,2
DA:50,3
LF:22
LH:22
end_of_record
SF:lib\src\domain\entities\geocoded_address.dart
DA:10,1
DA:28,0
DA:29,0
LF:3
LH:1
end_of_record
SF:lib\src\data\repositories\google_nearby_areas_repository_impl.dart
DA:17,1
DA:45,1
DA:51,2
DA:52,1
DA:54,1
DA:55,1
DA:56,2
DA:60,1
DA:64,2
DA:65,1
DA:66,1
DA:67,1
DA:69,2
DA:71,3
DA:73,3
DA:84,1
DA:87,3
DA:91,1
DA:95,1
DA:96,1
DA:97,1
DA:99,1
DA:100,1
DA:108,1
DA:113,2
DA:115,1
DA:116,4
DA:117,2
DA:118,1
DA:119,2
DA:120,2
DA:123,1
DA:124,1
DA:125,1
DA:126,1
DA:127,1
DA:129,1
DA:130,1
DA:131,1
DA:132,2
DA:133,1
DA:134,1
DA:136,1
DA:137,0
DA:138,0
DA:140,0
DA:141,0
DA:148,1
DA:149,1
DA:150,1
DA:152,1
DA:153,1
DA:154,1
DA:156,1
DA:157,1
DA:159,1
DA:160,2
DA:161,2
DA:164,1
DA:165,1
DA:167,1
DA:170,1
DA:175,1
DA:176,2
DA:177,2
DA:178,2
DA:179,1
DA:180,2
DA:181,1
DA:187,1
DA:192,2
DA:193,2
DA:194,2
DA:195,1
DA:196,1
DA:199,0
DA:200,0
DA:202,0
DA:207,1
DA:208,1
DA:209,3
DA:210,1
DA:213,1
DA:214,1
DA:215,1
DA:217,2
DA:218,0
DA:219,0
DA:220,0
DA:224,0
DA:225,0
DA:226,0
DA:227,0
DA:230,0
DA:231,0
DA:239,0
DA:241,0
DA:246,0
LF:98
LH:79
end_of_record
SF:lib\src\domain\failures\places_failure.dart
DA:4,1
DA:11,0
DA:18,0
DA:25,1
DA:32,0
DA:39,0
LF:6
LH:2
end_of_record
SF:lib\src\domain\entities\serving_area.dart
DA:5,1
DA:17,1
DA:18,5
LF:3
LH:3
end_of_record
SF:lib\src\presentation\utils\geo_math.dart
DA:14,2
DA:19,4
DA:20,6
DA:21,6
DA:22,2
DA:24,2
DA:25,8
DA:26,10
DA:29,2
DA:30,2
DA:31,10
DA:32,10
DA:35,2
DA:36,4
DA:37,4
DA:42,2
DA:43,2
DA:44,2
DA:45,2
DA:46,4
DA:47,4
DA:49,2
DA:50,4
DA:51,4
DA:57,2
DA:58,10
DA:59,10
DA:60,6
DA:61,6
DA:64,12
DA:65,4
DA:66,4
DA:67,6
DA:68,4
DA:69,8
LF:35
LH:35
end_of_record
SF:lib\src\domain\entities\map_region.dart
DA:6,2
DA:14,0
DA:15,0
DA:16,0
DA:19,0
DA:20,0
DA:21,0
DA:22,0
DA:23,0
DA:26,0
DA:27,0
LF:11
LH:1
end_of_record
SF:lib\src\config\maps_config.dart
DA:8,3
DA:22,0
LF:2
LH:1
end_of_record
SF:lib\src\di\maps_di.dart
DA:38,0
DA:39,0
DA:40,0
DA:41,0
DA:43,0
DA:44,0
DA:46,0
DA:47,0
DA:48,0
DA:49,0
DA:50,0
DA:53,0
DA:54,0
DA:56,0
DA:57,0
DA:59,0
DA:60,0
DA:62,0
DA:63,0
DA:64,0
DA:65,0
DA:66,0
DA:67,0
DA:71,0
DA:72,0
DA:74,0
DA:75,0
DA:76,0
DA:77,0
DA:80,0
DA:81,0
DA:83,0
DA:84,0
DA:87,0
DA:88,0
DA:89,0
DA:90,0
DA:92,0
DA:93,0
DA:95,0
DA:96,0
DA:98,0
DA:99,0
DA:103,0
DA:104,0
DA:105,0
DA:106,0
DA:107,0
DA:110,0
DA:111,0
DA:112,0
DA:113,0
DA:114,0
DA:115,0
DA:116,0
DA:118,0
DA:119,0
DA:123,0
DA:124,0
DA:125,0
DA:126,0
DA:127,0
DA:129,0
DA:130,0
DA:136,0
DA:137,0
DA:138,0
DA:139,0
DA:140,0
DA:141,0
DA:143,0
DA:144,0
DA:148,0
DA:149,0
DA:150,0
LF:75
LH:0
end_of_record
SF:lib\src\module\maps_module.dart
DA:13,0
DA:17,0
DA:20,0
DA:23,0
DA:26,0
DA:27,0
DA:29,0
LF:7
LH:0
end_of_record
SF:lib\src\domain\entities\city_entity.dart
DA:4,1
DA:14,0
DA:15,0
LF:3
LH:1
end_of_record
SF:lib\src\domain\entities\country_entity.dart
DA:4,1
DA:16,0
DA:17,0
LF:3
LH:1
end_of_record
SF:lib\src\domain\entities\map_area_picker_result.dart
DA:6,1
DA:26,1
DA:27,5
LF:3
LH:3
end_of_record
SF:lib\src\domain\entities\place_prediction.dart
DA:4,0
DA:16,2
DA:17,10
LF:3
LH:2
end_of_record
SF:lib\src\domain\failures\locations_failure.dart
DA:4,3
DA:13,3
DA:20,0
LF:3
LH:2
end_of_record
SF:lib\src\domain\usecases\get_cities_usecase.dart
DA:14,1
DA:18,1
DA:20,4
DA:21,1
DA:22,1
DA:24,2
DA:25,1
DA:27,4
LF:8
LH:8
end_of_record
SF:lib\src\presentation\bloc\coverage_area\coverage_area_event.dart
DA:4,0
DA:6,0
DA:7,0
DA:11,0
DA:33,0
DA:34,0
DA:35,0
DA:36,0
DA:37,0
DA:38,0
DA:39,0
DA:40,0
DA:41,0
DA:46,0
DA:54,0
DA:55,0
DA:59,0
DA:63,0
DA:67,0
DA:68,0
DA:72,0
DA:76,0
DA:77,0
DA:81,0
DA:85,0
DA:86,0
DA:90,0
DA:94,0
DA:95,0
LF:29
LH:0
end_of_record
SF:lib\src\presentation\bloc\coverage_area\coverage_area_bloc.dart
DA:17,1
DA:22,1
DA:23,1
DA:24,1
DA:25,2
DA:26,2
DA:27,2
DA:28,2
DA:29,2
DA:30,2
DA:31,2
DA:46,1
DA:47,1
DA:49,1
DA:53,2
DA:55,2
DA:56,0
DA:63,2
DA:64,1
DA:65,2
DA:66,3
DA:68,3
DA:69,1
DA:70,2
DA:74,1
DA:75,1
DA:76,1
DA:77,3
DA:78,2
DA:79,2
DA:85,0
DA:86,0
DA:88,0
DA:95,1
DA:96,2
DA:98,1
DA:99,3
DA:100,2
DA:105,1
DA:106,1
DA:107,1
DA:109,1
DA:120,3
DA:123,1
DA:127,4
DA:129,1
DA:130,1
DA:132,1
DA:137,0
DA:141,0
DA:144,1
DA:148,2
DA:150,0
DA:154,1
DA:157,1
DA:162,1
DA:166,3
DA:168,2
DA:169,5
DA:170,2
DA:171,2
DA:173,5
DA:176,1
DA:180,3
DA:181,5
DA:184,1
DA:188,3
DA:189,5
DA:192,0
DA:193,0
DA:194,0
DA:195,0
DA:201,0
DA:202,0
DA:204,0
DA:205,0
DA:206,0
DA:207,0
DA:213,0
DA:214,0
DA:225,1
DA:233,2
DA:234,2
DA:235,1
DA:237,1
DA:238,2
DA:247,1
DA:250,1
DA:253,3
DA:254,2
DA:256,1
DA:257,0
DA:258,0
DA:259,0
DA:265,1
DA:266,1
DA:267,5
DA:268,1
DA:269,2
DA:270,1
DA:271,2
DA:273,1
DA:274,1
DA:275,2
DA:278,2
DA:286,1
DA:287,3
DA:290,2
DA:293,1
DA:295,2
DA:296,2
DA:297,1
LF:112
LH:90
end_of_record
SF:lib\src\presentation\bloc\coverage_area\coverage_area_state.dart
DA:16,4
DA:50,2
DA:51,4
DA:52,2
DA:53,2
DA:54,3
DA:56,2
DA:57,2
DA:58,2
DA:59,4
DA:60,4
DA:61,2
DA:63,0
DA:65,6
DA:67,0
DA:69,1
DA:83,1
DA:84,1
DA:85,1
DA:86,1
DA:88,1
DA:89,1
DA:90,1
DA:91,1
DA:92,1
DA:93,1
DA:94,1
DA:95,1
DA:99,1
DA:100,1
DA:101,1
DA:102,1
DA:103,1
DA:104,1
DA:105,1
DA:106,1
DA:107,1
DA:108,1
DA:109,1
DA:110,1
LF:40
LH:38
end_of_record
SF:lib\src\presentation\bloc\location_picker\location_picker_event.dart
DA:4,4
DA:6,0
DA:7,0
DA:11,1
DA:22,0
DA:23,0
DA:24,0
DA:25,0
DA:26,0
DA:31,0
DA:35,0
DA:36,0
DA:40,1
DA:44,0
DA:45,0
DA:49,3
DA:53,1
DA:57,0
DA:58,0
DA:62,1
DA:66,0
DA:67,0
DA:71,3
LF:23
LH:7
end_of_record
SF:lib\src\presentation\bloc\location_picker\location_picker_bloc.dart
DA:20,1
DA:30,1
DA:33,1
DA:34,2
DA:35,2
DA:36,2
DA:37,2
DA:38,2
DA:39,2
DA:40,2
DA:56,1
DA:60,2
DA:61,2
DA:63,1
DA:65,3
DA:66,1
DA:67,2
DA:71,1
DA:72,1
DA:78,2
DA:87,1
DA:88,2
DA:92,0
DA:96,0
DA:97,0
DA:99,0
DA:100,0
DA:101,0
DA:103,0
DA:110,0
DA:113,1
DA:117,2
DA:118,1
DA:123,4
DA:125,1
DA:128,1
DA:132,2
DA:133,2
DA:134,1
DA:135,2
DA:142,2
DA:143,1
DA:145,1
DA:147,1
DA:148,2
DA:150,1
DA:151,0
DA:152,0
DA:153,0
DA:159,1
DA:160,1
DA:161,2
DA:168,1
DA:173,0
DA:177,0
DA:180,1
DA:184,2
DA:186,2
DA:187,2
DA:188,1
DA:189,2
DA:197,1
DA:198,2
DA:205,2
DA:207,1
DA:208,2
DA:212,1
DA:213,1
DA:214,1
DA:215,2
DA:217,1
DA:222,1
DA:223,1
DA:224,2
DA:226,1
DA:236,1
DA:240,1
DA:242,0
DA:246,2
DA:247,2
DA:248,1
DA:249,2
DA:256,1
DA:257,3
DA:258,1
DA:259,2
DA:261,1
DA:262,0
DA:263,0
DA:264,0
DA:270,1
DA:271,1
DA:272,2
DA:279,1
DA:284,0
DA:288,0
DA:291,1
DA:296,2
DA:297,1
DA:299,1
DA:301,1
DA:302,2
DA:304,1
DA:305,0
DA:306,0
DA:311,2
DA:312,2
DA:315,1
DA:316,2
LF:109
LH:88
end_of_record
SF:lib\src\presentation\bloc\location_picker\location_picker_state.dart
DA:21,4
DA:52,2
DA:53,4
DA:54,2
DA:55,2
DA:56,3
DA:58,2
DA:59,2
DA:60,2
DA:61,4
DA:62,4
DA:63,2
DA:65,0
DA:66,0
DA:67,0
DA:69,0
DA:71,1
DA:72,2
DA:73,0
DA:74,0
DA:76,3
DA:78,3
DA:80,1
DA:96,1
DA:97,1
DA:98,1
DA:99,1
DA:101,1
DA:102,1
DA:103,1
DA:104,1
DA:107,1
DA:110,1
DA:113,1
DA:114,1
DA:118,1
DA:119,1
DA:120,1
DA:121,1
DA:122,1
DA:123,1
DA:124,1
DA:125,1
DA:126,1
DA:127,1
DA:128,1
DA:129,1
LF:47
LH:41
end_of_record
SF:lib\src\presentation\camera\default_map_viewport.dart
DA:24,3
LF:1
LH:1
end_of_record
SF:lib\src\presentation\camera\initial_camera_resolver.dart
DA:21,1
DA:27,1
DA:32,1
DA:39,1
DA:41,1
LF:5
LH:5
end_of_record
SF:lib\src\presentation\controllers\map_camera_controller.dart
DA:17,0
DA:18,0
DA:19,0
DA:21,0
DA:25,0
DA:26,0
DA:29,0
DA:33,0
DA:36,0
DA:38,0
DA:39,0
DA:40,0
DA:43,0
DA:44,0
DA:46,0
DA:50,0
DA:54,0
DA:57,0
DA:59,0
DA:60,0
DA:61,0
DA:62,0
DA:63,0
DA:68,0
DA:70,0
DA:74,0
DA:78,0
DA:79,0
DA:80,0
DA:83,0
DA:84,0
DA:85,0
DA:86,0
DA:88,0
DA:89,0
DA:90,0
DA:91,0
DA:92,0
DA:95,0
DA:96,0
DA:97,0
DA:98,0
DA:104,0
DA:109,0
DA:110,0
DA:111,0
DA:112,0
DA:113,0
DA:114,0
DA:116,0
DA:117,0
DA:118,0
DA:125,0
DA:126,0
DA:129,0
DA:130,0
DA:133,0
DA:134,0
DA:137,0
DA:138,0
DA:141,0
DA:142,0
DA:145,0
DA:146,0
DA:149,0
DA:150,0
DA:151,0
DA:154,0
DA:155,0
DA:156,0
DA:157,0
DA:158,0
LF:72
LH:0
end_of_record
SF:lib\src\presentation\controllers\map_radius_controller.dart
DA:9,1
DA:20,2
DA:21,2
DA:23,1
DA:24,2
DA:25,1
DA:26,1
DA:29,1
DA:30,2
DA:31,1
DA:32,1
DA:35,1
DA:37,2
DA:38,1
DA:41,2
DA:42,1
DA:45,1
DA:48,1
DA:52,1
DA:55,1
DA:56,2
DA:58,2
DA:60,1
DA:61,2
DA:62,0
DA:68,1
DA:69,1
DA:71,2
DA:72,1
DA:73,1
DA:74,1
LF:31
LH:30
end_of_record
SF:lib\src\presentation\models\location_picker_labels.dart
DA:2,0
LF:1
LH:0
end_of_record
SF:lib\src\presentation\models\location_picker_result.dart
DA:5,0
DA:13,0
DA:14,0
LF:3
LH:0
end_of_record
SF:lib\src\presentation\models\map_area_picker_labels.dart
DA:2,0
LF:1
LH:0
end_of_record
SF:lib\src\presentation\models\radius_overlay_style.dart
DA:4,3
DA:14,0
DA:15,0
LF:3
LH:1
end_of_record
SF:lib\src\presentation\utils\radius_format.dart
DA:5,0
DA:6,0
LF:2
LH:0
end_of_record
SF:lib\src\presentation\widgets\city_select_field.dart
DA:12,0
DA:43,0
DA:45,0
DA:47,0
DA:48,0
DA:50,0
DA:51,0
DA:52,0
DA:56,0
DA:57,0
DA:59,0
DA:60,0
DA:65,0
DA:66,0
DA:67,0
DA:68,0
DA:69,0
DA:70,0
DA:74,0
DA:80,0
DA:94,0
DA:95,0
DA:106,0
DA:108,0
DA:109,0
DA:112,0
DA:114,0
DA:115,0
DA:118,0
DA:119,0
DA:120,0
DA:121,0
DA:124,0
DA:126,0
DA:128,0
DA:129,0
DA:130,0
DA:131,0
DA:133,0
DA:134,0
DA:135,0
DA:140,0
DA:141,0
DA:142,0
DA:143,0
DA:144,0
DA:145,0
DA:146,0
DA:149,0
DA:150,0
DA:152,0
DA:154,0
DA:156,0
DA:157,0
DA:159,0
DA:162,0
DA:163,0
DA:164,0
DA:165,0
DA:166,0
DA:167,0
DA:168,0
DA:170,0
DA:171,0
DA:172,0
DA:174,0
DA:177,0
DA:178,0
DA:179,0
DA:186,0
DA:187,0
DA:191,0
DA:192,0
DA:193,0
DA:194,0
DA:195,0
DA:197,0
DA:198,0
DA:199,0
DA:201,0
DA:202,0
DA:205,0
DA:206,0
DA:207,0
DA:208,0
DA:216,0
DA:218,0
DA:219,0
DA:220,0
DA:221,0
DA:222,0
DA:223,0
DA:225,0
DA:226,0
DA:233,0
DA:235,0
DA:236,0
DA:237,0
DA:238,0
DA:239,0
DA:240,0
DA:241,0
LF:102
LH:0
end_of_record
SF:lib\src\presentation\widgets\location_picker_sheet.dart
DA:9,0
DA:18,0
DA:20,0
DA:23,0
DA:24,0
DA:25,0
DA:28,0
DA:29,0
DA:30,0
DA:31,0
DA:32,0
DA:33,0
DA:37,0
DA:38,0
DA:39,0
DA:40,0
DA:41,0
DA:42,0
DA:46,0
DA:48,0
DA:55,0
LF:21
LH:0
end_of_record
SF:lib\src\presentation\widgets\map_area_picker.dart
DA:26,0
DA:59,0
DA:60,0
DA:66,0
DA:68,0
DA:69,0
DA:72,0
DA:73,0
DA:75,0
DA:82,0
DA:83,0
DA:84,0
DA:86,0
DA:88,0
DA:89,0
DA:90,0
DA:91,0
DA:92,0
DA:93,0
DA:94,0
DA:96,0
DA:97,0
DA:98,0
DA:99,0
DA:100,0
DA:101,0
DA:103,0
DA:108,0
DA:110,0
DA:114,0
DA:115,0
DA:116,0
DA:118,0
DA:121,0
DA:124,0
DA:126,0
DA:127,0
DA:128,0
DA:129,0
DA:130,0
DA:131,0
DA:132,0
DA:134,0
DA:138,0
DA:139,0
DA:140,0
DA:141,0
DA:142,0
DA:143,0
DA:144,0
DA:145,0
DA:147,0
DA:148,0
DA:149,0
DA:150,0
DA:155,0
DA:156,0
DA:157,0
DA:158,0
DA:159,0
DA:160,0
DA:164,0
DA:165,0
DA:166,0
DA:169,0
DA:170,0
DA:171,0
DA:172,0
DA:173,0
DA:174,0
DA:175,0
DA:176,0
DA:177,0
DA:185,0
DA:187,0
DA:188,0
DA:190,0
DA:193,0
DA:198,0
DA:199,0
DA:200,0
DA:201,0
DA:202,0
DA:204,0
DA:205,0
DA:206,0
DA:207,0
DA:208,0
DA:209,0
DA:210,0
DA:211,0
DA:212,0
DA:214,0
DA:215,0
DA:216,0
DA:217,0
DA:218,0
DA:224,0
DA:225,0
DA:226,0
DA:227,0
DA:228,0
DA:229,0
DA:230,0
DA:231,0
DA:233,0
DA:234,0
DA:235,0
DA:239,0
DA:240,0
DA:241,0
DA:242,0
DA:248,0
DA:249,0
DA:250,0
DA:251,0
DA:252,0
DA:253,0
DA:254,0
DA:256,0
DA:258,0
DA:259,0
DA:261,0
DA:263,0
DA:266,0
DA:268,0
DA:269,0
DA:270,0
DA:271,0
DA:272,0
DA:273,0
DA:278,0
DA:279,0
DA:281,0
DA:282,0
DA:296,0
DA:304,0
DA:305,0
DA:309,0
DA:329,0
DA:331,0
DA:332,0
DA:333,0
DA:334,0
DA:335,0
DA:337,0
DA:338,0
DA:339,0
DA:340,0
DA:341,0
DA:343,0
DA:344,0
DA:345,0
DA:346,0
DA:347,0
DA:351,0
DA:353,0
DA:354,0
DA:356,0
DA:357,0
DA:360,0
DA:361,0
DA:362,0
DA:365,0
DA:366,0
DA:367,0
DA:368,0
DA:379,0
DA:387,0
DA:389,0
DA:390,0
DA:391,0
DA:392,0
DA:400,0
DA:411,0
DA:413,0
DA:415,0
DA:416,0
DA:425,0
LF:179
LH:0
end_of_record
SF:lib\src\presentation\widgets\place_search_sheet_body.dart
DA:11,0
DA:32,0
DA:55,0
DA:56,0
DA:64,0
DA:66,0
DA:67,0
DA:68,0
DA:69,0
DA:72,0
DA:73,0
DA:76,0
DA:77,0
DA:78,0
DA:81,0
DA:83,0
DA:85,0
DA:86,0
DA:87,0
DA:88,0
DA:89,0
DA:91,0
DA:92,0
DA:93,0
DA:95,0
DA:98,0
DA:101,0
DA:106,0
DA:107,0
DA:108,0
DA:110,0
DA:111,0
DA:112,0
DA:113,0
DA:114,0
DA:116,0
DA:117,0
DA:118,0
DA:119,0
DA:120,0
DA:121,0
DA:122,0
DA:124,0
DA:131,0
DA:135,0
DA:137,0
DA:138,0
DA:139,0
DA:140,0
DA:141,0
DA:143,0
DA:144,0
DA:153,0
DA:163,0
DA:165,0
DA:167,0
DA:168,0
DA:169,0
DA:170,0
DA:172,0
DA:173,0
DA:175,0
DA:176,0
DA:178,0
DA:179,0
DA:180,0
DA:182,0
DA:183,0
DA:186,0
DA:187,0
DA:188,0
DA:190,0
LF:72
LH:0
end_of_record
SF:lib\src\presentation\widgets\serving_area_chips.dart
DA:6,0
DA:17,0
DA:19,0
DA:20,0
DA:21,0
DA:22,0
DA:23,0
DA:25,0
DA:26,0
DA:27,0
DA:28,0
DA:36,0
DA:37,0
DA:38,0
DA:39,0
DA:40,0
DA:41,0
DA:42,0
DA:46,0
DA:47,0
DA:49,0
DA:50,0
DA:53,0
LF:23
LH:0
end_of_record
SF:lib\src\services\geocoding_service_impl.dart
DA:13,3
DA:17,0
DA:18,0
DA:23,0
DA:36,0
DA:41,0
DA:42,0
DA:44,0
DA:46,0
DA:47,0
DA:48,0
DA:50,0
DA:55,0
DA:56,0
DA:57,0
DA:58,0
DA:59,0
DA:60,0
DA:62,0
DA:65,0
DA:66,0
DA:72,0
DA:77,0
DA:78,0
DA:79,0
DA:80,0
DA:87,0
DA:89,0
DA:90,0
DA:96,0
DA:97,0
DA:99,0
DA:100,0
DA:106,0
DA:112,0
DA:113,0
DA:115,0
DA:118,0
DA:119,0
DA:123,0
DA:125,0
DA:126,0
DA:129,0
DA:135,0
DA:140,0
DA:141,0
DA:144,0
DA:145,0
DA:146,0
DA:147,0
DA:157,0
DA:158,0
DA:167,0
DA:169,0
DA:170,0
DA:171,0
DA:173,0
DA:174,0
DA:175,0
DA:177,0
DA:182,0
DA:183,0
DA:191,0
DA:192,0
DA:193,0
DA:194,0
DA:195,0
DA:196,0
DA:197,0
DA:199,0
DA:200,0
DA:205,0
DA:210,0
DA:211,0
DA:212,0
DA:213,0
DA:215,0
DA:216,0
DA:217,0
DA:220,0
DA:221,0
DA:222,0
DA:223,0
DA:226,0
DA:229,0
DA:230,0
DA:231,0
DA:232,0
DA:233,0
DA:234,0
DA:235,0
DA:236,0
DA:237,0
DA:238,0
DA:239,0
DA:240,0
DA:241,0
DA:242,0
DA:245,0
DA:246,0
DA:247,0
DA:248,0
DA:252,0
LF:103
LH:1
end_of_record
SF:lib\src\services\location_service_impl.dart
DA:10,3
DA:18,0
DA:19,0
DA:24,0
DA:28,0
DA:30,0
DA:31,0
DA:32,0
DA:33,0
DA:34,0
DA:35,0
DA:36,0
DA:39,0
DA:40,0
DA:47,0
DA:49,0
DA:52,0
DA:57,0
DA:58,0
DA:59,0
DA:60,0
DA:61,0
DA:62,0
DA:66,0
DA:67,0
DA:69,0
DA:70,0
DA:78,0
DA:83,0
DA:84,0
DA:86,0
DA:91,0
DA:103,0
DA:107,0
LF:34
LH:1
end_of_record
SF:lib\src\widgets\app_google_map.dart
DA:12,0
DA:78,0
DA:79,0
DA:85,0
DA:86,0
DA:87,0
DA:90,0
DA:92,0
DA:93,0
DA:94,0
DA:95,0
DA:96,0
DA:97,0
DA:98,0
DA:99,0
DA:100,0
DA:101,0
DA:102,0
DA:103,0
DA:104,0
DA:105,0
DA:106,0
DA:107,0
DA:108,0
DA:109,0
DA:110,0
DA:111,0
DA:112,0
DA:113,0
DA:114,0
DA:115,0
DA:116,0
DA:117,0
DA:119,0
DA:123,0
DA:124,0
DA:127,0
DA:128,0
DA:129,0
DA:130,0
LF:40
LH:0
end_of_record
SF:lib\src\data\models\city_dto.dart
DA:4,0
DA:10,0
DA:11,0
DA:12,0
DA:13,0
DA:20,0
LF:6
LH:0
end_of_record
SF:lib\src\data\models\country_dto.dart
DA:4,0
DA:11,0
DA:12,0
DA:13,0
DA:14,0
DA:15,0
DA:23,0
DA:24,0
DA:25,0
DA:26,0
DA:27,0
LF:11
LH:0
end_of_record
SF:lib\src\data\models\place_prediction_dto.dart
DA:4,0
DA:6,0
DA:7,0
DA:8,0
DA:9,0
DA:10,0
DA:12,0
DA:13,0
LF:8
LH:0
end_of_record
SF:lib\src\data\repositories\geocoding_repository_impl.dart
DA:13,0
DA:16,0
DA:21,0
DA:26,0
DA:27,0
DA:28,0
DA:30,0
DA:31,0
DA:35,0
DA:36,0
DA:41,0
DA:46,0
DA:52,0
DA:58,0
LF:14
LH:0
end_of_record
SF:lib\src\data\repositories\location_repository_impl.dart
DA:9,0
DA:13,0
DA:15,0
DA:17,0
DA:18,0
LF:5
LH:0
end_of_record
SF:lib\src\data\repositories\locations_repository_impl.dart
DA:12,0
DA:16,0
DA:18,0
DA:21,0
DA:22,0
DA:23,0
DA:25,0
DA:28,0
DA:31,0
DA:34,0
DA:35,0
DA:36,0
DA:37,0
LF:13
LH:0
end_of_record
SF:lib\src\data\repositories\places_repository_impl.dart
DA:13,0
DA:18,0
DA:25,0
DA:27,0
DA:34,0
DA:38,0
DA:39,0
DA:40,0
DA:46,0
DA:48,0
DA:51,0
DA:52,0
DA:55,0
DA:56,0
DA:57,0
DA:59,0
DA:60,0
LF:17
LH:0
end_of_record
SF:lib\src\domain\usecases\forward_geocode_usecase.dart
DA:8,1
DA:16,0
DA:17,0
DA:21,0
DA:25,0
DA:27,0
DA:28,0
DA:29,0
LF:8
LH:1
end_of_record
SF:lib\src\domain\usecases\get_current_location_usecase.dart
DA:7,0
DA:11,0
DA:13,0
LF:3
LH:0
end_of_record
SF:lib\src\domain\usecases\get_place_details_usecase.dart
DA:8,2
DA:12,0
DA:13,0
DA:17,0
DA:21,0
DA:23,0
LF:6
LH:1
end_of_record
SF:lib\src\domain\usecases\open_location_settings_usecase.dart
DA:6,0
DA:10,0
DA:12,0
DA:13,0
DA:14,0
LF:5
LH:0
end_of_record
SF:lib\src\domain\usecases\resolve_coverage_location_usecase.dart
DA:10,0
DA:18,0
DA:22,0
DA:23,0
DA:24,0
DA:25,0
DA:29,0
DA:30,0
DA:31,0
DA:32,0
DA:33,0
DA:34,0
DA:35,0
DA:37,0
LF:14
LH:0
end_of_record
SF:lib\src\domain\usecases\resolve_nearby_areas_usecase.dart
DA:11,1
DA:15,1
DA:18,2
DA:19,2
DA:20,2
DA:21,2
DA:26,1
LF:7
LH:7
end_of_record
SF:lib\src\domain\usecases\reverse_geocode_usecase.dart
DA:9,2
DA:17,0
DA:18,0
DA:23,0
DA:27,0
DA:29,0
DA:30,0
DA:31,0
LF:8
LH:1
end_of_record
SF:lib\src\domain\usecases\search_places_usecase.dart
DA:9,2
DA:19,0
DA:20,0
DA:25,0
DA:29,0
DA:32,0
DA:33,0
DA:34,0
DA:35,0
LF:9
LH:1
end_of_record
SF:lib\src\presentation\bloc\map_area_picker\map_area_picker_event.dart
DA:4,4
DA:6,0
DA:7,0
DA:11,1
DA:21,0
DA:22,0
DA:23,0
DA:24,0
DA:25,0
DA:30,1
DA:38,0
DA:39,0
DA:43,1
DA:47,0
DA:48,0
DA:52,1
DA:56,0
DA:57,0
DA:61,3
DA:65,3
LF:20
LH:7
end_of_record
SF:lib\src\presentation\bloc\map_area_picker\map_area_picker_bloc.dart
DA:19,1
DA:25,1
DA:28,1
DA:29,2
DA:30,2
DA:31,2
DA:32,2
DA:33,2
DA:34,2
DA:46,1
DA:50,2
DA:52,1
DA:54,3
DA:55,1
DA:56,2
DA:60,1
DA:61,1
DA:67,2
DA:68,2
DA:73,0
DA:74,0
DA:81,1
DA:85,4
DA:87,2
DA:88,2
DA:90,1
DA:91,2
DA:93,1
DA:94,1
DA:101,2
DA:104,1
DA:108,2
DA:110,2
DA:111,2
DA:112,0
DA:113,0
DA:122,1
DA:123,2
DA:130,2
DA:132,1
DA:133,2
DA:137,1
DA:138,0
DA:139,0
DA:140,0
DA:142,0
DA:147,1
DA:148,1
DA:149,2
DA:151,1
DA:161,1
DA:165,1
DA:168,1
DA:169,2
DA:170,2
DA:172,1
DA:173,2
DA:177,1
DA:178,1
DA:182,1
DA:183,2
DA:184,1
DA:185,2
DA:187,1
DA:188,0
DA:189,0
DA:190,0
DA:197,1
DA:198,1
DA:199,1
DA:208,0
DA:212,0
DA:215,1
DA:219,2
DA:220,2
DA:221,1
DA:223,1
DA:224,2
DA:225,1
DA:226,2
DA:229,4
DA:237,1
DA:242,2
DA:243,1
DA:245,1
DA:247,1
DA:248,2
DA:250,1
DA:251,0
DA:252,0
DA:257,2
DA:258,2
DA:261,1
DA:262,1
LF:94
LH:79
end_of_record
SF:lib\src\presentation\bloc\map_area_picker\map_area_picker_state.dart
DA:17,4
DA:50,1
DA:51,4
DA:53,0
DA:55,1
DA:76,1
DA:77,1
DA:78,1
DA:79,1
DA:80,1
DA:81,1
DA:84,1
DA:87,1
DA:88,1
DA:91,1
DA:94,1
DA:95,1
DA:98,1
DA:101,1
DA:105,1
DA:106,1
DA:107,1
DA:108,1
DA:109,1
DA:110,1
DA:111,1
DA:112,1
DA:113,1
DA:114,1
DA:115,1
DA:116,1
DA:117,1
DA:118,1
DA:119,1
LF:34
LH:33
end_of_record
SF:lib\src\services\backend_places_provider.dart
DA:8,3
DA:10,0
DA:18,0
DA:26,0
DA:31,0
LF:5
LH:1
end_of_record
SF:lib\src\services\google_places_provider.dart
DA:11,1
DA:30,1
DA:38,1
DA:39,1
DA:40,1
DA:41,1
DA:42,2
DA:45,3
DA:46,2
DA:47,0
DA:48,0
DA:50,0
DA:51,0
DA:54,2
DA:58,1
DA:60,1
DA:61,2
DA:62,0
DA:64,0
DA:65,0
DA:66,0
DA:68,0
DA:74,0
DA:79,0
DA:80,0
DA:81,0
DA:82,0
DA:83,0
DA:84,0
DA:85,0
DA:88,0
DA:92,0
DA:94,0
DA:95,0
DA:97,0
DA:98,0
DA:99,0
DA:100,0
DA:101,0
DA:102,0
DA:109,0
DA:110,0
DA:111,0
DA:113,0
DA:114,0
DA:115,0
DA:116,0
DA:120,0
DA:121,0
DA:122,0
DA:124,0
DA:125,0
DA:127,0
DA:128,0
DA:130,0
DA:131,0
DA:133,0
DA:134,0
DA:135,0
DA:136,0
DA:139,0
DA:140,0
DA:143,0
DA:144,0
DA:150,0
DA:155,0
DA:160,0
DA:165,0
LF:68
LH:13
end_of_record
SF:lib\src\services\osm_places_provider.dart
DA:8,3
DA:10,0
DA:18,0
DA:26,0
DA:31,0
LF:5
LH:1
end_of_record
SF:lib\src\domain\entities\coverage_location.dart
DA:6,0
DA:21,0
DA:22,0
LF:3
LH:0
end_of_record
SF:lib\src\domain\usecases\coverage_location_intent.dart
DA:11,2
DA:21,0
DA:22,0
LF:3
LH:1
end_of_record
SF:lib\src\presentation\controllers\serving_area_controller.dart
DA:4,1
DA:5,1
DA:9,3
DA:11,3
DA:13,1
DA:14,1
DA:15,4
DA:16,1
DA:19,1
DA:20,2
DA:21,6
DA:22,4
DA:25,1
DA:26,2
DA:27,1
DA:30,0
DA:31,0
DA:32,0
DA:33,0
DA:36,1
DA:38,3
LF:21
LH:17
end_of_record
SF:lib\src\presentation\utils\latest_operation.dart
DA:11,12
DA:14,12
LF:2
LH:2
end_of_record
SF:lib\src\presentation\utils\place_search_runner.dart
DA:15,2
DA:22,4
DA:27,2
DA:32,2
DA:35,4
DA:36,2
DA:37,2
DA:42,2
DA:43,4
DA:49,6
LF:10
LH:10
end_of_record
SF:lib\src\presentation\models\map_configuration.dart
DA:10,3
DA:46,0
DA:64,0
DA:65,0
DA:66,0
DA:67,0
DA:68,0
DA:69,0
DA:70,0
DA:71,0
DA:73,0
DA:74,0
DA:75,0
DA:77,0
DA:78,0
DA:79,0
DA:81,0
DA:82,0
DA:83,0
LF:19
LH:1
end_of_record
SF:lib\src\presentation\widgets\location_address_field.dart
DA:7,0
DA:18,0
DA:20,0
DA:22,0
DA:23,0
DA:24,0
DA:25,0
DA:26,0
DA:27,0
DA:29,0
DA:30,0
DA:36,0
DA:43,0
DA:46,0
DA:47,0
DA:48,0
DA:49,0
DA:51,0
DA:52,0
DA:53,0
DA:54,0
DA:55,0
DA:56,0
DA:57,0
DA:58,0
DA:61,0
DA:63,0
DA:64,0
DA:65,0
DA:66,0
DA:68,0
DA:70,0
DA:71,0
DA:76,0
DA:77,0
DA:78,0
DA:79,0
LF:37
LH:0
end_of_record
SF:lib\src\presentation\widgets\map_location_picker.dart
DA:25,0
DA:62,0
DA:63,0
DA:69,0
DA:71,0
DA:72,0
DA:79,0
DA:80,0
DA:81,0
DA:83,0
DA:85,0
DA:86,0
DA:87,0
DA:88,0
DA:89,0
DA:90,0
DA:91,0
DA:93,0
DA:94,0
DA:95,0
DA:96,0
DA:97,0
DA:98,0
DA:100,0
DA:105,0
DA:107,0
DA:111,0
DA:112,0
DA:113,0
DA:115,0
DA:118,0
DA:120,0
DA:122,0
DA:123,0
DA:124,0
DA:125,0
DA:126,0
DA:127,0
DA:128,0
DA:130,0
DA:134,0
DA:135,0
DA:136,0
DA:137,0
DA:138,0
DA:139,0
DA:140,0
DA:141,0
DA:142,0
DA:143,0
DA:144,0
DA:147,0
DA:148,0
DA:149,0
DA:150,0
DA:151,0
DA:152,0
DA:153,0
DA:158,0
DA:161,0
DA:162,0
DA:163,0
DA:164,0
DA:165,0
DA:166,0
DA:167,0
DA:168,0
DA:169,0
DA:176,0
DA:178,0
DA:179,0
DA:181,0
DA:184,0
DA:189,0
DA:190,0
DA:191,0
DA:192,0
DA:193,0
DA:194,0
DA:196,0
DA:197,0
DA:198,0
DA:199,0
DA:200,0
DA:201,0
DA:202,0
DA:203,0
DA:204,0
DA:205,0
DA:206,0
DA:208,0
DA:209,0
DA:210,0
DA:211,0
DA:212,0
DA:218,0
DA:219,0
DA:220,0
DA:221,0
DA:222,0
DA:223,0
DA:224,0
DA:225,0
DA:227,0
DA:228,0
DA:230,0
DA:231,0
DA:233,0
DA:234,0
DA:235,0
DA:236,0
DA:242,0
DA:243,0
DA:248,0
DA:249,0
DA:250,0
DA:252,0
DA:253,0
DA:256,0
DA:257,0
DA:258,0
DA:259,0
DA:261,0
DA:262,0
DA:265,0
DA:267,0
DA:268,0
DA:270,0
DA:271,0
DA:272,0
DA:273,0
DA:275,0
DA:276,0
DA:292,0
DA:302,0
DA:303,0
DA:307,0
DA:329,0
DA:331,0
DA:333,0
DA:334,0
DA:335,0
DA:336,0
DA:337,0
DA:339,0
DA:340,0
DA:341,0
DA:342,0
DA:343,0
DA:345,0
DA:346,0
DA:347,0
DA:348,0
DA:352,0
DA:354,0
DA:355,0
DA:357,0
DA:358,0
DA:361,0
DA:362,0
DA:363,0
DA:364,0
DA:365,0
DA:366,0
DA:367,0
DA:371,0
DA:372,0
DA:373,0
DA:374,0
DA:378,0
DA:379,0
DA:380,0
DA:381,0
DA:392,0
DA:400,0
DA:402,0
DA:403,0
DA:404,0
DA:405,0
DA:406,0
DA:407,0
DA:410,0
DA:412,0
DA:413,0
DA:415,0
DA:416,0
DA:419,0
DA:420,0
DA:421,0
DA:422,0
DA:423,0
DA:425,0
DA:426,0
DA:438,0
DA:446,0
DA:448,0
DA:449,0
DA:450,0
DA:451,0
LF:199
LH:0
end_of_record
SF:lib\src\presentation\widgets\map_control_bar.dart
DA:5,0
DA:16,0
DA:18,0
DA:19,0
DA:20,0
DA:21,0
DA:22,0
DA:23,0
DA:25,0
DA:26,0
DA:27,0
DA:28,0
LF:12
LH:0
end_of_record
SF:lib\src\presentation\widgets\map_zoom_controls.dart
DA:6,0
DA:17,0
DA:19,0
DA:21,0
DA:22,0
DA:23,0
DA:24,0
DA:25,0
DA:26,0
DA:27,0
DA:28,0
DA:32,0
DA:34,0
DA:35,0
DA:38,0
DA:40,0
DA:41,0
DA:42,0
DA:44,0
DA:47,0
DA:50,0
LF:21
LH:0
end_of_record
SF:lib\src\presentation\widgets\map_my_location_button.dart
DA:10,0
DA:21,0
DA:22,0
DA:28,0
DA:29,0
DA:30,0
DA:32,0
DA:33,0
DA:36,0
DA:38,0
DA:39,0
DA:41,0
DA:42,0
DA:43,0
DA:44,0
DA:45,0
DA:47,0
DA:54,0
DA:56,0
DA:58,0
DA:59,0
DA:60,0
DA:61,0
DA:62,0
DA:66,0
DA:68,0
DA:71,0
LF:27
LH:0
end_of_record
SF:lib\src\presentation\widgets\prediction_list.dart
DA:7,0
DA:18,0
DA:20,0
DA:21,0
DA:23,0
DA:24,0
DA:26,0
DA:28,0
DA:29,0
DA:30,0
DA:32,0
DA:33,0
LF:12
LH:0
end_of_record
SF:lib\src\presentation\widgets\prediction_tile.dart
DA:6,0
DA:17,0
DA:19,0
DA:20,0
DA:22,0
DA:23,0
DA:24,0
DA:25,0
DA:26,0
DA:27,0
DA:29,0
DA:30,0
DA:31,0
DA:32,0
DA:33,0
DA:34,0
DA:35,0
DA:39,0
DA:41,0
DA:42,0
DA:45,0
DA:46,0
DA:47,0
DA:50,0
DA:51,0
DA:52,0
DA:53,0
DA:54,0
DA:57,0
DA:59,0
DA:62,0
DA:63,0
DA:64,0
DA:65,0
DA:66,0
DA:67,0
DA:68,0
DA:85,0
DA:97,0
DA:99,0
DA:100,0
DA:101,0
DA:102,0
DA:108,0
DA:109,0
DA:110,0
DA:112,0
DA:113,0
DA:114,0
DA:115,0
DA:121,0
DA:122,0
DA:123,0
DA:124,0
DA:125,0
DA:126,0
DA:127,0
DA:128,0
DA:130,0
DA:131,0
DA:132,0
DA:133,0
LF:62
LH:0
end_of_record
